2025-10-17 07:44:29.824 [info] Reading sessions from keychain...
2025-10-17 07:44:29.825 [info] Getting sessions for all scopes...
2025-10-17 07:44:29.976 [info] Got 0 sessions for ...
2025-10-17 07:44:29.977 [info] Getting sessions for all scopes...
2025-10-17 07:44:29.977 [info] Got 0 sessions for ...
2025-10-17 07:44:29.977 [info] Getting sessions for all scopes...
2025-10-17 07:44:29.977 [info] Got 0 sessions for ...
2025-10-17 07:44:29.978 [info] Getting sessions for all scopes...
2025-10-17 07:44:29.978 [info] Got 0 sessions for ...
2025-10-17 07:44:29.978 [info] Getting sessions for all scopes...
2025-10-17 07:44:29.978 [info] Got 0 sessions for ...
2025-10-17 07:44:29.978 [info] Getting sessions for all scopes...
2025-10-17 07:44:29.978 [info] Got 0 sessions for ...
2025-10-17 07:44:29.981 [info] Getting sessions for all scopes...
2025-10-17 07:44:29.983 [info] Got 0 sessions for ...
2025-10-17 07:44:30.225 [info] Getting sessions for all scopes...
2025-10-17 07:44:30.225 [info] Got 0 sessions for ...
2025-10-17 07:44:30.227 [info] Getting sessions for all scopes...
2025-10-17 07:44:30.227 [info] Got 0 sessions for ...
2025-10-17 07:44:30.228 [info] Getting sessions for all scopes...
2025-10-17 07:44:30.228 [info] Got 0 sessions for ...
2025-10-17 07:44:30.228 [info] Getting sessions for all scopes...
2025-10-17 07:44:30.228 [info] Got 0 sessions for ...
2025-10-17 07:44:30.231 [info] Getting sessions for all scopes...
2025-10-17 07:44:30.231 [info] Got 0 sessions for ...
2025-10-17 07:44:30.232 [info] Getting sessions for all scopes...
2025-10-17 07:44:30.232 [info] Got 0 sessions for ...
2025-10-17 07:44:30.768 [info] Getting sessions for all scopes...
2025-10-17 07:44:30.768 [info] Got 0 sessions for ...
2025-10-17 07:44:32.029 [info] Getting sessions for all scopes...
2025-10-17 07:44:32.030 [info] Got 0 sessions for ...
2025-10-17 07:44:33.911 [info] Getting sessions for read:user,repo,user:email,workflow...
2025-10-17 07:44:33.912 [info] Got 0 sessions for read:user,repo,user:email,workflow...
2025-10-17 07:44:33.932 [info] Getting sessions for all scopes...
2025-10-17 07:44:33.932 [info] Got 0 sessions for ...
2025-10-17 07:44:33.933 [info] Getting sessions for all scopes...
2025-10-17 07:44:33.933 [info] Got 0 sessions for ...
2025-10-17 07:44:33.937 [info] Getting sessions for all scopes...
2025-10-17 07:44:33.938 [info] Got 0 sessions for ...
