2025-10-17 07:44:28.512 [info] Extension host with pid 5154 started
2025-10-17 07:44:28.513 [info] Skipping acquiring lock for /vargant/home-8-03-hw/~/.vscode-root/User/workspaceStorage/0f629e63d0471dbfda28ef6030329643.
2025-10-17 07:44:28.679 [info] ExtensionService#_doActivateExtension vscode.github-authentication, startup: false, activationEvent: 'onAuthenticationRequest:github'
2025-10-17 07:44:28.993 [info] ExtensionService#_doActivateExtension vscode.emmet, startup: false, activationEvent: 'onLanguage'
2025-10-17 07:44:29.074 [info] ExtensionService#_doActivateExtension vscode.extension-editing, startup: false, activationEvent: 'onLanguage:markdown'
2025-10-17 07:44:29.123 [info] ExtensionService#_doActivateExtension vscode.markdown-language-features, startup: false, activationEvent: 'onLanguage:markdown'
2025-10-17 07:44:29.956 [info] ExtensionService#_doActivateExtension vscode.git-base, startup: true, activationEvent: '*', root cause: vscode.git
2025-10-17 07:44:30.234 [info] ExtensionService#_doActivateExtension vscode.git, startup: true, activationEvent: '*'
2025-10-17 07:44:30.543 [info] ExtensionService#_doActivateExtension vscode.github, startup: true, activationEvent: '*'
2025-10-17 07:44:32.262 [info] Eager extensions activated
2025-10-17 07:44:32.281 [info] ExtensionService#_doActivateExtension vscode.markdown-math, startup: false, activationEvent: 'api', root cause: vscode.markdown-language-features
2025-10-17 07:44:32.455 [info] ExtensionService#_doActivateExtension vscode.debug-auto-launch, startup: false, activationEvent: 'onStartupFinished'
2025-10-17 07:44:32.468 [info] ExtensionService#_doActivateExtension vscode.merge-conflict, startup: false, activationEvent: 'onStartupFinished'
2025-10-17 07:44:33.220 [warning] [Decorations] CAPPING events from decorations provider vscode.git 357
2025-10-17 07:44:34.345 [warning] [Decorations] CAPPING events from decorations provider vscode.git 357
2025-10-17 07:44:36.000 [warning] [Decorations] CAPPING events from decorations provider vscode.git 357
2025-10-17 07:44:41.146 [warning] [Decorations] CAPPING events from decorations provider vscode.git 357
2025-10-17 08:09:28.698 [warning] [Decorations] CAPPING events from decorations provider vscode.git 357
2025-10-17 08:09:33.793 [warning] [Decorations] CAPPING events from decorations provider vscode.git 357
2025-10-17 08:09:44.162 [warning] [Decorations] CAPPING events from decorations provider vscode.git 357
2025-10-17 08:09:49.269 [warning] [Decorations] CAPPING events from decorations provider vscode.git 357
2025-10-17 08:09:54.353 [warning] [Decorations] CAPPING events from decorations provider vscode.git 357
2025-10-17 08:09:59.433 [warning] [Decorations] CAPPING events from decorations provider vscode.git 357
2025-10-17 08:10:04.517 [warning] [Decorations] CAPPING events from decorations provider vscode.git 357
2025-10-17 08:10:09.597 [warning] [Decorations] CAPPING events from decorations provider vscode.git 357
2025-10-17 08:11:57.802 [warning] [Decorations] CAPPING events from decorations provider vscode.git 357
2025-10-17 08:12:02.872 [warning] [Decorations] CAPPING events from decorations provider vscode.git 357
2025-10-17 08:12:07.980 [warning] [Decorations] CAPPING events from decorations provider vscode.git 357
2025-10-17 08:12:13.081 [warning] [Decorations] CAPPING events from decorations provider vscode.git 357
2025-10-17 08:12:18.176 [warning] [Decorations] CAPPING events from decorations provider vscode.git 357
2025-10-17 08:12:23.271 [warning] [Decorations] CAPPING events from decorations provider vscode.git 357
2025-10-17 08:12:28.345 [warning] [Decorations] CAPPING events from decorations provider vscode.git 357
2025-10-17 08:12:33.424 [warning] [Decorations] CAPPING events from decorations provider vscode.git 357
2025-10-17 08:12:38.501 [warning] [Decorations] CAPPING events from decorations provider vscode.git 357
2025-10-17 08:12:43.584 [warning] [Decorations] CAPPING events from decorations provider vscode.git 357
2025-10-17 08:12:48.660 [warning] [Decorations] CAPPING events from decorations provider vscode.git 357
2025-10-17 08:12:53.734 [warning] [Decorations] CAPPING events from decorations provider vscode.git 357
2025-10-17 08:12:58.807 [warning] [Decorations] CAPPING events from decorations provider vscode.git 357
2025-10-17 08:13:03.885 [warning] [Decorations] CAPPING events from decorations provider vscode.git 357
2025-10-17 08:13:08.969 [warning] [Decorations] CAPPING events from decorations provider vscode.git 357
2025-10-17 08:13:14.039 [warning] [Decorations] CAPPING events from decorations provider vscode.git 357
2025-10-17 08:13:19.119 [warning] [Decorations] CAPPING events from decorations provider vscode.git 357
2025-10-17 08:13:24.201 [warning] [Decorations] CAPPING events from decorations provider vscode.git 357
2025-10-17 08:13:29.279 [warning] [Decorations] CAPPING events from decorations provider vscode.git 357
2025-10-17 08:13:34.361 [warning] [Decorations] CAPPING events from decorations provider vscode.git 357
2025-10-17 08:13:39.437 [warning] [Decorations] CAPPING events from decorations provider vscode.git 357
2025-10-17 08:13:44.508 [warning] [Decorations] CAPPING events from decorations provider vscode.git 357
2025-10-17 08:13:49.578 [warning] [Decorations] CAPPING events from decorations provider vscode.git 357
2025-10-17 08:13:54.657 [warning] [Decorations] CAPPING events from decorations provider vscode.git 357
2025-10-17 08:13:59.733 [warning] [Decorations] CAPPING events from decorations provider vscode.git 357
2025-10-17 08:14:04.805 [warning] [Decorations] CAPPING events from decorations provider vscode.git 357
2025-10-17 08:14:09.881 [warning] [Decorations] CAPPING events from decorations provider vscode.git 357
2025-10-17 08:14:14.959 [warning] [Decorations] CAPPING events from decorations provider vscode.git 357
2025-10-17 08:14:20.041 [warning] [Decorations] CAPPING events from decorations provider vscode.git 357
2025-10-17 08:14:25.115 [warning] [Decorations] CAPPING events from decorations provider vscode.git 357
2025-10-17 08:14:30.201 [warning] [Decorations] CAPPING events from decorations provider vscode.git 357
2025-10-17 08:14:35.282 [warning] [Decorations] CAPPING events from decorations provider vscode.git 357
2025-10-17 08:14:40.357 [warning] [Decorations] CAPPING events from decorations provider vscode.git 357
2025-10-17 08:14:45.448 [warning] [Decorations] CAPPING events from decorations provider vscode.git 357
2025-10-17 08:14:50.523 [warning] [Decorations] CAPPING events from decorations provider vscode.git 357
2025-10-17 08:14:55.616 [warning] [Decorations] CAPPING events from decorations provider vscode.git 357
2025-10-17 08:15:00.754 [warning] [Decorations] CAPPING events from decorations provider vscode.git 357
2025-10-17 08:15:05.857 [warning] [Decorations] CAPPING events from decorations provider vscode.git 357
2025-10-17 08:15:10.952 [warning] [Decorations] CAPPING events from decorations provider vscode.git 357
2025-10-17 08:15:16.034 [warning] [Decorations] CAPPING events from decorations provider vscode.git 357
2025-10-17 08:15:21.112 [warning] [Decorations] CAPPING events from decorations provider vscode.git 357
2025-10-17 08:15:26.209 [warning] [Decorations] CAPPING events from decorations provider vscode.git 357
2025-10-17 08:15:31.316 [warning] [Decorations] CAPPING events from decorations provider vscode.git 357
2025-10-17 08:15:36.391 [warning] [Decorations] CAPPING events from decorations provider vscode.git 357
2025-10-17 08:15:41.470 [warning] [Decorations] CAPPING events from decorations provider vscode.git 357
2025-10-17 08:15:46.543 [warning] [Decorations] CAPPING events from decorations provider vscode.git 357
2025-10-17 08:15:51.629 [warning] [Decorations] CAPPING events from decorations provider vscode.git 357
2025-10-17 08:15:56.709 [warning] [Decorations] CAPPING events from decorations provider vscode.git 357
2025-10-17 08:16:01.778 [warning] [Decorations] CAPPING events from decorations provider vscode.git 357
2025-10-17 08:16:06.859 [warning] [Decorations] CAPPING events from decorations provider vscode.git 357
2025-10-17 08:16:13.111 [warning] [Decorations] CAPPING events from decorations provider vscode.git 357
2025-10-17 08:16:18.222 [warning] [Decorations] CAPPING events from decorations provider vscode.git 357
2025-10-17 08:19:07.215 [warning] [Decorations] CAPPING events from decorations provider vscode.git 357
2025-10-17 08:19:12.312 [warning] [Decorations] CAPPING events from decorations provider vscode.git 357
2025-10-17 08:22:28.887 [warning] [Decorations] CAPPING events from decorations provider vscode.git 358
2025-10-17 08:22:33.975 [warning] [Decorations] CAPPING events from decorations provider vscode.git 358
2025-10-17 08:24:35.471 [warning] [Decorations] CAPPING events from decorations provider vscode.git 358
2025-10-17 08:24:40.589 [warning] [Decorations] CAPPING events from decorations provider vscode.git 357
2025-10-17 08:24:45.665 [warning] [Decorations] CAPPING events from decorations provider vscode.git 357
2025-10-17 08:24:50.748 [warning] [Decorations] CAPPING events from decorations provider vscode.git 357
2025-10-17 08:24:55.899 [warning] [Decorations] CAPPING events from decorations provider vscode.git 357
2025-10-17 08:25:00.969 [warning] [Decorations] CAPPING events from decorations provider vscode.git 357
2025-10-17 08:25:06.051 [warning] [Decorations] CAPPING events from decorations provider vscode.git 357
2025-10-17 08:25:11.122 [warning] [Decorations] CAPPING events from decorations provider vscode.git 357
2025-10-17 08:25:16.202 [warning] [Decorations] CAPPING events from decorations provider vscode.git 357
2025-10-17 08:25:21.274 [warning] [Decorations] CAPPING events from decorations provider vscode.git 357
2025-10-17 08:25:26.351 [warning] [Decorations] CAPPING events from decorations provider vscode.git 357
2025-10-17 08:25:31.425 [warning] [Decorations] CAPPING events from decorations provider vscode.git 357
2025-10-17 08:25:36.494 [warning] [Decorations] CAPPING events from decorations provider vscode.git 357
2025-10-17 08:25:41.571 [warning] [Decorations] CAPPING events from decorations provider vscode.git 357
2025-10-17 08:25:46.648 [warning] [Decorations] CAPPING events from decorations provider vscode.git 357
2025-10-17 08:25:51.722 [warning] [Decorations] CAPPING events from decorations provider vscode.git 357
2025-10-17 08:25:56.800 [warning] [Decorations] CAPPING events from decorations provider vscode.git 357
2025-10-17 08:26:01.873 [warning] [Decorations] CAPPING events from decorations provider vscode.git 357
2025-10-17 08:26:06.939 [warning] [Decorations] CAPPING events from decorations provider vscode.git 357
2025-10-17 08:26:12.009 [warning] [Decorations] CAPPING events from decorations provider vscode.git 357
2025-10-17 08:26:17.091 [warning] [Decorations] CAPPING events from decorations provider vscode.git 357
2025-10-17 08:26:22.167 [warning] [Decorations] CAPPING events from decorations provider vscode.git 357
2025-10-17 08:26:27.239 [warning] [Decorations] CAPPING events from decorations provider vscode.git 357
2025-10-17 08:26:32.310 [warning] [Decorations] CAPPING events from decorations provider vscode.git 357
2025-10-17 08:26:37.457 [warning] [Decorations] CAPPING events from decorations provider vscode.git 357
2025-10-17 08:26:42.525 [warning] [Decorations] CAPPING events from decorations provider vscode.git 357
2025-10-17 08:26:47.598 [warning] [Decorations] CAPPING events from decorations provider vscode.git 357
2025-10-17 08:26:52.686 [warning] [Decorations] CAPPING events from decorations provider vscode.git 357
2025-10-17 08:26:57.763 [warning] [Decorations] CAPPING events from decorations provider vscode.git 357
2025-10-17 08:27:02.837 [warning] [Decorations] CAPPING events from decorations provider vscode.git 357
2025-10-17 08:27:07.922 [warning] [Decorations] CAPPING events from decorations provider vscode.git 357
2025-10-17 08:27:12.995 [warning] [Decorations] CAPPING events from decorations provider vscode.git 357
2025-10-17 08:27:18.073 [warning] [Decorations] CAPPING events from decorations provider vscode.git 357
2025-10-17 08:27:23.143 [warning] [Decorations] CAPPING events from decorations provider vscode.git 357
2025-10-17 08:27:28.232 [warning] [Decorations] CAPPING events from decorations provider vscode.git 357
2025-10-17 08:27:33.329 [warning] [Decorations] CAPPING events from decorations provider vscode.git 357
2025-10-17 08:27:38.404 [warning] [Decorations] CAPPING events from decorations provider vscode.git 357
2025-10-17 08:27:43.475 [warning] [Decorations] CAPPING events from decorations provider vscode.git 357
2025-10-17 08:27:48.547 [warning] [Decorations] CAPPING events from decorations provider vscode.git 357
2025-10-17 08:27:53.648 [warning] [Decorations] CAPPING events from decorations provider vscode.git 357
2025-10-17 08:27:58.720 [warning] [Decorations] CAPPING events from decorations provider vscode.git 357
2025-10-17 08:28:03.803 [warning] [Decorations] CAPPING events from decorations provider vscode.git 357
2025-10-17 08:28:08.883 [warning] [Decorations] CAPPING events from decorations provider vscode.git 357
2025-10-17 08:28:13.955 [warning] [Decorations] CAPPING events from decorations provider vscode.git 357
2025-10-17 08:28:19.033 [warning] [Decorations] CAPPING events from decorations provider vscode.git 357
2025-10-17 08:28:24.122 [warning] [Decorations] CAPPING events from decorations provider vscode.git 357
2025-10-17 08:28:29.215 [warning] [Decorations] CAPPING events from decorations provider vscode.git 357
2025-10-17 08:28:34.284 [warning] [Decorations] CAPPING events from decorations provider vscode.git 357
2025-10-17 08:30:17.384 [warning] [Decorations] CAPPING events from decorations provider vscode.git 357
2025-10-17 08:30:22.529 [warning] [Decorations] CAPPING events from decorations provider vscode.git 356
2025-10-17 08:30:27.622 [warning] [Decorations] CAPPING events from decorations provider vscode.git 356
2025-10-17 08:30:32.707 [warning] [Decorations] CAPPING events from decorations provider vscode.git 356
2025-10-17 08:30:37.797 [warning] [Decorations] CAPPING events from decorations provider vscode.git 356
2025-10-17 08:30:42.870 [warning] [Decorations] CAPPING events from decorations provider vscode.git 356
2025-10-17 08:30:47.943 [warning] [Decorations] CAPPING events from decorations provider vscode.git 356
2025-10-17 08:32:35.357 [warning] [Decorations] CAPPING events from decorations provider vscode.git 357
2025-10-17 08:32:40.679 [warning] [Decorations] CAPPING events from decorations provider vscode.git 356
2025-10-17 08:32:45.763 [warning] [Decorations] CAPPING events from decorations provider vscode.git 356
2025-10-17 08:32:50.847 [warning] [Decorations] CAPPING events from decorations provider vscode.git 356
2025-10-17 08:32:55.921 [warning] [Decorations] CAPPING events from decorations provider vscode.git 356
2025-10-17 08:33:00.992 [warning] [Decorations] CAPPING events from decorations provider vscode.git 356
2025-10-17 08:33:06.068 [warning] [Decorations] CAPPING events from decorations provider vscode.git 356
2025-10-17 08:33:11.161 [warning] [Decorations] CAPPING events from decorations provider vscode.git 357
2025-10-17 08:33:16.242 [warning] [Decorations] CAPPING events from decorations provider vscode.git 357
2025-10-17 08:33:21.316 [warning] [Decorations] CAPPING events from decorations provider vscode.git 357
2025-10-17 08:33:26.392 [warning] [Decorations] CAPPING events from decorations provider vscode.git 357
2025-10-17 08:33:31.466 [warning] [Decorations] CAPPING events from decorations provider vscode.git 357
2025-10-17 08:33:52.845 [warning] [Decorations] CAPPING events from decorations provider vscode.git 357
2025-10-17 08:33:57.931 [warning] [Decorations] CAPPING events from decorations provider vscode.git 357
2025-10-17 08:34:03.033 [warning] [Decorations] CAPPING events from decorations provider vscode.git 357
2025-10-17 08:34:08.110 [warning] [Decorations] CAPPING events from decorations provider vscode.git 357
2025-10-17 08:34:13.180 [warning] [Decorations] CAPPING events from decorations provider vscode.git 357
2025-10-17 08:34:18.253 [warning] [Decorations] CAPPING events from decorations provider vscode.git 357
2025-10-17 08:34:23.339 [warning] [Decorations] CAPPING events from decorations provider vscode.git 357
2025-10-17 08:34:28.453 [warning] [Decorations] CAPPING events from decorations provider vscode.git 357
2025-10-17 08:34:33.547 [warning] [Decorations] CAPPING events from decorations provider vscode.git 357
2025-10-17 08:34:38.632 [warning] [Decorations] CAPPING events from decorations provider vscode.git 357
2025-10-17 08:34:43.708 [warning] [Decorations] CAPPING events from decorations provider vscode.git 357
2025-10-17 08:34:48.782 [warning] [Decorations] CAPPING events from decorations provider vscode.git 357
2025-10-17 08:34:53.860 [warning] [Decorations] CAPPING events from decorations provider vscode.git 357
2025-10-17 08:34:58.946 [warning] [Decorations] CAPPING events from decorations provider vscode.git 357
2025-10-17 08:35:04.015 [warning] [Decorations] CAPPING events from decorations provider vscode.git 357
2025-10-17 08:35:09.088 [warning] [Decorations] CAPPING events from decorations provider vscode.git 357
2025-10-17 08:35:14.164 [warning] [Decorations] CAPPING events from decorations provider vscode.git 357
2025-10-17 08:35:19.248 [warning] [Decorations] CAPPING events from decorations provider vscode.git 357
2025-10-17 08:35:24.318 [warning] [Decorations] CAPPING events from decorations provider vscode.git 357
2025-10-17 08:35:29.413 [warning] [Decorations] CAPPING events from decorations provider vscode.git 357
2025-10-17 08:35:34.491 [warning] [Decorations] CAPPING events from decorations provider vscode.git 357
2025-10-17 08:35:39.565 [warning] [Decorations] CAPPING events from decorations provider vscode.git 357
2025-10-17 08:35:44.639 [warning] [Decorations] CAPPING events from decorations provider vscode.git 357
2025-10-17 08:35:49.734 [warning] [Decorations] CAPPING events from decorations provider vscode.git 359
2025-10-17 08:37:23.355 [warning] [Decorations] CAPPING events from decorations provider vscode.git 358
2025-10-17 08:37:28.497 [warning] [Decorations] CAPPING events from decorations provider vscode.git 357
2025-10-17 08:37:33.576 [warning] [Decorations] CAPPING events from decorations provider vscode.git 358
2025-10-17 08:38:20.712 [warning] [Decorations] CAPPING events from decorations provider vscode.git 359
2025-10-17 08:38:25.809 [warning] [Decorations] CAPPING events from decorations provider vscode.git 358
2025-10-17 08:38:30.880 [warning] [Decorations] CAPPING events from decorations provider vscode.git 358
2025-10-17 08:38:35.953 [warning] [Decorations] CAPPING events from decorations provider vscode.git 358
2025-10-17 08:38:41.030 [warning] [Decorations] CAPPING events from decorations provider vscode.git 358
2025-10-17 08:38:46.118 [warning] [Decorations] CAPPING events from decorations provider vscode.git 358
2025-10-17 08:38:51.197 [warning] [Decorations] CAPPING events from decorations provider vscode.git 358
2025-10-17 08:38:56.275 [warning] [Decorations] CAPPING events from decorations provider vscode.git 358
2025-10-17 08:39:01.352 [warning] [Decorations] CAPPING events from decorations provider vscode.git 359
2025-10-17 08:39:06.429 [warning] [Decorations] CAPPING events from decorations provider vscode.git 359
2025-10-17 08:39:11.515 [warning] [Decorations] CAPPING events from decorations provider vscode.git 359
2025-10-17 08:39:16.593 [warning] [Decorations] CAPPING events from decorations provider vscode.git 359
2025-10-17 08:39:21.673 [warning] [Decorations] CAPPING events from decorations provider vscode.git 359
2025-10-17 08:39:26.747 [warning] [Decorations] CAPPING events from decorations provider vscode.git 359
2025-10-17 08:39:31.858 [warning] [Decorations] CAPPING events from decorations provider vscode.git 359
2025-10-17 08:39:36.941 [warning] [Decorations] CAPPING events from decorations provider vscode.git 359
2025-10-17 08:39:42.011 [warning] [Decorations] CAPPING events from decorations provider vscode.git 359
2025-10-17 08:39:47.090 [warning] [Decorations] CAPPING events from decorations provider vscode.git 359
2025-10-17 08:39:52.197 [warning] [Decorations] CAPPING events from decorations provider vscode.git 361
2025-10-17 08:39:57.296 [warning] [Decorations] CAPPING events from decorations provider vscode.git 361
2025-10-17 08:40:02.369 [warning] [Decorations] CAPPING events from decorations provider vscode.git 361
2025-10-17 08:40:07.445 [warning] [Decorations] CAPPING events from decorations provider vscode.git 361
2025-10-17 08:40:12.521 [warning] [Decorations] CAPPING events from decorations provider vscode.git 361
2025-10-17 08:40:17.596 [warning] [Decorations] CAPPING events from decorations provider vscode.git 361
2025-10-17 08:40:22.665 [warning] [Decorations] CAPPING events from decorations provider vscode.git 361
2025-10-17 08:40:27.744 [warning] [Decorations] CAPPING events from decorations provider vscode.git 361
2025-10-17 08:40:32.838 [warning] [Decorations] CAPPING events from decorations provider vscode.git 361
2025-10-17 08:40:37.910 [warning] [Decorations] CAPPING events from decorations provider vscode.git 361
2025-10-17 08:40:42.983 [warning] [Decorations] CAPPING events from decorations provider vscode.git 361
2025-10-17 08:40:48.065 [warning] [Decorations] CAPPING events from decorations provider vscode.git 361
2025-10-17 08:40:53.140 [warning] [Decorations] CAPPING events from decorations provider vscode.git 361
2025-10-17 08:40:58.234 [warning] [Decorations] CAPPING events from decorations provider vscode.git 361
2025-10-17 08:41:03.310 [warning] [Decorations] CAPPING events from decorations provider vscode.git 361
2025-10-17 08:41:08.410 [warning] [Decorations] CAPPING events from decorations provider vscode.git 361
2025-10-17 08:41:13.491 [warning] [Decorations] CAPPING events from decorations provider vscode.git 361
2025-10-17 08:41:18.564 [warning] [Decorations] CAPPING events from decorations provider vscode.git 361
2025-10-17 08:41:23.641 [warning] [Decorations] CAPPING events from decorations provider vscode.git 361
2025-10-17 08:41:28.713 [warning] [Decorations] CAPPING events from decorations provider vscode.git 361
2025-10-17 08:41:33.802 [warning] [Decorations] CAPPING events from decorations provider vscode.git 361
2025-10-17 08:41:38.879 [warning] [Decorations] CAPPING events from decorations provider vscode.git 361
2025-10-17 08:41:43.959 [warning] [Decorations] CAPPING events from decorations provider vscode.git 361
2025-10-17 08:41:49.034 [warning] [Decorations] CAPPING events from decorations provider vscode.git 361
2025-10-17 08:41:54.112 [warning] [Decorations] CAPPING events from decorations provider vscode.git 361
2025-10-17 08:41:59.185 [warning] [Decorations] CAPPING events from decorations provider vscode.git 361
2025-10-17 08:42:04.260 [warning] [Decorations] CAPPING events from decorations provider vscode.git 361
2025-10-17 08:42:09.356 [warning] [Decorations] CAPPING events from decorations provider vscode.git 361
2025-10-17 08:42:14.435 [warning] [Decorations] CAPPING events from decorations provider vscode.git 361
2025-10-17 08:42:19.517 [warning] [Decorations] CAPPING events from decorations provider vscode.git 361
2025-10-17 08:42:24.607 [warning] [Decorations] CAPPING events from decorations provider vscode.git 361
2025-10-17 08:42:29.684 [warning] [Decorations] CAPPING events from decorations provider vscode.git 361
2025-10-17 08:42:34.771 [warning] [Decorations] CAPPING events from decorations provider vscode.git 361
2025-10-17 08:42:39.850 [warning] [Decorations] CAPPING events from decorations provider vscode.git 361
2025-10-17 08:42:44.932 [warning] [Decorations] CAPPING events from decorations provider vscode.git 361
2025-10-17 08:42:50.012 [warning] [Decorations] CAPPING events from decorations provider vscode.git 361
2025-10-17 08:42:55.092 [warning] [Decorations] CAPPING events from decorations provider vscode.git 361
2025-10-17 08:43:00.162 [warning] [Decorations] CAPPING events from decorations provider vscode.git 361
2025-10-17 08:43:05.273 [warning] [Decorations] CAPPING events from decorations provider vscode.git 361
2025-10-17 08:43:10.374 [warning] [Decorations] CAPPING events from decorations provider vscode.git 361
2025-10-17 08:43:15.454 [warning] [Decorations] CAPPING events from decorations provider vscode.git 361
2025-10-17 08:43:20.539 [warning] [Decorations] CAPPING events from decorations provider vscode.git 361
2025-10-17 08:43:25.613 [warning] [Decorations] CAPPING events from decorations provider vscode.git 361
2025-10-17 08:43:30.686 [warning] [Decorations] CAPPING events from decorations provider vscode.git 361
2025-10-17 08:43:35.761 [warning] [Decorations] CAPPING events from decorations provider vscode.git 361
2025-10-17 08:43:40.835 [warning] [Decorations] CAPPING events from decorations provider vscode.git 361
2025-10-17 08:43:45.911 [warning] [Decorations] CAPPING events from decorations provider vscode.git 361
2025-10-17 08:43:50.991 [warning] [Decorations] CAPPING events from decorations provider vscode.git 361
2025-10-17 08:43:56.093 [warning] [Decorations] CAPPING events from decorations provider vscode.git 361
2025-10-17 08:44:01.175 [warning] [Decorations] CAPPING events from decorations provider vscode.git 361
2025-10-17 08:44:06.251 [warning] [Decorations] CAPPING events from decorations provider vscode.git 361
2025-10-17 08:44:11.337 [warning] [Decorations] CAPPING events from decorations provider vscode.git 361
2025-10-17 08:44:16.421 [warning] [Decorations] CAPPING events from decorations provider vscode.git 361
2025-10-17 08:44:21.496 [warning] [Decorations] CAPPING events from decorations provider vscode.git 361
2025-10-17 08:44:26.570 [warning] [Decorations] CAPPING events from decorations provider vscode.git 361
2025-10-17 08:44:31.636 [warning] [Decorations] CAPPING events from decorations provider vscode.git 361
2025-10-17 08:44:36.706 [warning] [Decorations] CAPPING events from decorations provider vscode.git 361
2025-10-17 08:44:41.781 [warning] [Decorations] CAPPING events from decorations provider vscode.git 361
2025-10-17 08:44:46.864 [warning] [Decorations] CAPPING events from decorations provider vscode.git 361
2025-10-17 08:44:51.999 [warning] [Decorations] CAPPING events from decorations provider vscode.git 361
2025-10-17 08:44:57.087 [warning] [Decorations] CAPPING events from decorations provider vscode.git 361
2025-10-17 08:45:02.159 [warning] [Decorations] CAPPING events from decorations provider vscode.git 361
2025-10-17 08:45:07.235 [warning] [Decorations] CAPPING events from decorations provider vscode.git 361
2025-10-17 08:45:12.315 [warning] [Decorations] CAPPING events from decorations provider vscode.git 361
2025-10-17 08:45:17.396 [warning] [Decorations] CAPPING events from decorations provider vscode.git 361
2025-10-17 08:45:22.478 [warning] [Decorations] CAPPING events from decorations provider vscode.git 361
2025-10-17 08:45:27.562 [warning] [Decorations] CAPPING events from decorations provider vscode.git 361
2025-10-17 08:45:32.637 [warning] [Decorations] CAPPING events from decorations provider vscode.git 361
2025-10-17 08:45:37.732 [warning] [Decorations] CAPPING events from decorations provider vscode.git 361
2025-10-17 08:45:42.835 [warning] [Decorations] CAPPING events from decorations provider vscode.git 361
2025-10-17 08:45:47.900 [warning] [Decorations] CAPPING events from decorations provider vscode.git 361
2025-10-17 08:45:52.979 [warning] [Decorations] CAPPING events from decorations provider vscode.git 361
2025-10-17 08:45:58.065 [warning] [Decorations] CAPPING events from decorations provider vscode.git 361
2025-10-17 08:46:03.139 [warning] [Decorations] CAPPING events from decorations provider vscode.git 361
2025-10-17 08:46:08.220 [warning] [Decorations] CAPPING events from decorations provider vscode.git 361
2025-10-17 08:46:13.300 [warning] [Decorations] CAPPING events from decorations provider vscode.git 361
2025-10-17 08:46:18.385 [warning] [Decorations] CAPPING events from decorations provider vscode.git 361
2025-10-17 08:46:23.461 [warning] [Decorations] CAPPING events from decorations provider vscode.git 361
2025-10-17 08:46:28.530 [warning] [Decorations] CAPPING events from decorations provider vscode.git 361
2025-10-17 08:46:33.599 [warning] [Decorations] CAPPING events from decorations provider vscode.git 361
2025-10-17 08:46:38.669 [warning] [Decorations] CAPPING events from decorations provider vscode.git 361
2025-10-17 08:46:43.743 [warning] [Decorations] CAPPING events from decorations provider vscode.git 361
2025-10-17 08:46:48.822 [warning] [Decorations] CAPPING events from decorations provider vscode.git 361
2025-10-17 08:46:53.896 [warning] [Decorations] CAPPING events from decorations provider vscode.git 361
2025-10-17 08:46:58.985 [warning] [Decorations] CAPPING events from decorations provider vscode.git 361
2025-10-17 08:47:04.078 [warning] [Decorations] CAPPING events from decorations provider vscode.git 361
2025-10-17 08:47:09.150 [warning] [Decorations] CAPPING events from decorations provider vscode.git 361
2025-10-17 08:47:14.267 [warning] [Decorations] CAPPING events from decorations provider vscode.git 361
2025-10-17 08:47:19.340 [warning] [Decorations] CAPPING events from decorations provider vscode.git 361
2025-10-17 08:47:24.429 [warning] [Decorations] CAPPING events from decorations provider vscode.git 361
2025-10-17 08:47:29.498 [warning] [Decorations] CAPPING events from decorations provider vscode.git 361
2025-10-17 08:47:34.567 [warning] [Decorations] CAPPING events from decorations provider vscode.git 361
2025-10-17 08:47:39.650 [warning] [Decorations] CAPPING events from decorations provider vscode.git 361
2025-10-17 08:47:44.743 [warning] [Decorations] CAPPING events from decorations provider vscode.git 361
2025-10-17 08:47:49.816 [warning] [Decorations] CAPPING events from decorations provider vscode.git 361
2025-10-17 08:47:54.889 [warning] [Decorations] CAPPING events from decorations provider vscode.git 361
2025-10-17 08:47:59.968 [warning] [Decorations] CAPPING events from decorations provider vscode.git 361
2025-10-17 08:48:05.068 [warning] [Decorations] CAPPING events from decorations provider vscode.git 361
2025-10-17 08:48:10.147 [warning] [Decorations] CAPPING events from decorations provider vscode.git 361
2025-10-17 08:48:15.221 [warning] [Decorations] CAPPING events from decorations provider vscode.git 361
2025-10-17 08:48:20.297 [warning] [Decorations] CAPPING events from decorations provider vscode.git 361
2025-10-17 08:48:25.370 [warning] [Decorations] CAPPING events from decorations provider vscode.git 361
2025-10-17 08:48:30.442 [warning] [Decorations] CAPPING events from decorations provider vscode.git 361
2025-10-17 08:48:35.519 [warning] [Decorations] CAPPING events from decorations provider vscode.git 361
2025-10-17 08:48:40.591 [warning] [Decorations] CAPPING events from decorations provider vscode.git 361
2025-10-17 08:48:45.689 [warning] [Decorations] CAPPING events from decorations provider vscode.git 361
2025-10-17 08:48:50.781 [warning] [Decorations] CAPPING events from decorations provider vscode.git 361
2025-10-17 08:48:55.854 [warning] [Decorations] CAPPING events from decorations provider vscode.git 361
2025-10-17 08:49:00.925 [warning] [Decorations] CAPPING events from decorations provider vscode.git 361
2025-10-17 08:49:06.001 [warning] [Decorations] CAPPING events from decorations provider vscode.git 361
2025-10-17 08:49:11.080 [warning] [Decorations] CAPPING events from decorations provider vscode.git 361
2025-10-17 08:49:16.150 [warning] [Decorations] CAPPING events from decorations provider vscode.git 361
2025-10-17 08:49:21.227 [warning] [Decorations] CAPPING events from decorations provider vscode.git 361
2025-10-17 08:49:26.299 [warning] [Decorations] CAPPING events from decorations provider vscode.git 361
2025-10-17 08:49:31.372 [warning] [Decorations] CAPPING events from decorations provider vscode.git 361
2025-10-17 08:49:36.442 [warning] [Decorations] CAPPING events from decorations provider vscode.git 361
2025-10-17 08:49:41.525 [warning] [Decorations] CAPPING events from decorations provider vscode.git 361
2025-10-17 08:49:46.607 [warning] [Decorations] CAPPING events from decorations provider vscode.git 361
2025-10-17 08:49:51.683 [warning] [Decorations] CAPPING events from decorations provider vscode.git 361
2025-10-17 08:49:56.754 [warning] [Decorations] CAPPING events from decorations provider vscode.git 361
2025-10-17 08:50:01.825 [warning] [Decorations] CAPPING events from decorations provider vscode.git 361
2025-10-17 08:50:06.904 [warning] [Decorations] CAPPING events from decorations provider vscode.git 361
2025-10-17 08:50:11.986 [warning] [Decorations] CAPPING events from decorations provider vscode.git 361
2025-10-17 08:50:17.064 [warning] [Decorations] CAPPING events from decorations provider vscode.git 361
2025-10-17 08:50:22.138 [warning] [Decorations] CAPPING events from decorations provider vscode.git 361
2025-10-17 08:50:27.214 [warning] [Decorations] CAPPING events from decorations provider vscode.git 361
2025-10-17 08:50:32.285 [warning] [Decorations] CAPPING events from decorations provider vscode.git 361
2025-10-17 08:50:37.355 [warning] [Decorations] CAPPING events from decorations provider vscode.git 361
2025-10-17 08:50:42.432 [warning] [Decorations] CAPPING events from decorations provider vscode.git 361
2025-10-17 08:50:47.506 [warning] [Decorations] CAPPING events from decorations provider vscode.git 361
2025-10-17 08:50:52.592 [warning] [Decorations] CAPPING events from decorations provider vscode.git 361
2025-10-17 08:50:57.665 [warning] [Decorations] CAPPING events from decorations provider vscode.git 361
2025-10-17 08:51:02.733 [warning] [Decorations] CAPPING events from decorations provider vscode.git 361
2025-10-17 08:51:07.812 [warning] [Decorations] CAPPING events from decorations provider vscode.git 361
2025-10-17 08:51:12.891 [warning] [Decorations] CAPPING events from decorations provider vscode.git 361
2025-10-17 08:51:17.973 [warning] [Decorations] CAPPING events from decorations provider vscode.git 361
2025-10-17 08:51:23.051 [warning] [Decorations] CAPPING events from decorations provider vscode.git 361
2025-10-17 08:51:28.150 [warning] [Decorations] CAPPING events from decorations provider vscode.git 361
2025-10-17 08:51:33.221 [warning] [Decorations] CAPPING events from decorations provider vscode.git 361
2025-10-17 08:51:38.297 [warning] [Decorations] CAPPING events from decorations provider vscode.git 361
2025-10-17 08:51:43.375 [warning] [Decorations] CAPPING events from decorations provider vscode.git 361
2025-10-17 08:51:48.456 [warning] [Decorations] CAPPING events from decorations provider vscode.git 361
2025-10-17 08:51:53.529 [warning] [Decorations] CAPPING events from decorations provider vscode.git 361
2025-10-17 08:51:58.607 [warning] [Decorations] CAPPING events from decorations provider vscode.git 361
2025-10-17 08:52:03.678 [warning] [Decorations] CAPPING events from decorations provider vscode.git 361
2025-10-17 08:52:08.753 [warning] [Decorations] CAPPING events from decorations provider vscode.git 361
2025-10-17 08:52:13.827 [warning] [Decorations] CAPPING events from decorations provider vscode.git 361
2025-10-17 08:52:18.915 [warning] [Decorations] CAPPING events from decorations provider vscode.git 361
2025-10-17 08:52:23.987 [warning] [Decorations] CAPPING events from decorations provider vscode.git 361
2025-10-17 08:52:29.062 [warning] [Decorations] CAPPING events from decorations provider vscode.git 361
2025-10-17 08:52:34.138 [warning] [Decorations] CAPPING events from decorations provider vscode.git 361
2025-10-17 08:52:39.217 [warning] [Decorations] CAPPING events from decorations provider vscode.git 361
2025-10-17 08:52:44.291 [warning] [Decorations] CAPPING events from decorations provider vscode.git 361
2025-10-17 08:52:49.373 [warning] [Decorations] CAPPING events from decorations provider vscode.git 361
2025-10-17 08:52:54.450 [warning] [Decorations] CAPPING events from decorations provider vscode.git 361
2025-10-17 08:52:59.519 [warning] [Decorations] CAPPING events from decorations provider vscode.git 361
2025-10-17 08:53:04.593 [warning] [Decorations] CAPPING events from decorations provider vscode.git 361
2025-10-17 08:53:09.670 [warning] [Decorations] CAPPING events from decorations provider vscode.git 361
2025-10-17 08:53:14.741 [warning] [Decorations] CAPPING events from decorations provider vscode.git 361
2025-10-17 08:53:19.830 [warning] [Decorations] CAPPING events from decorations provider vscode.git 361
2025-10-17 08:53:24.920 [warning] [Decorations] CAPPING events from decorations provider vscode.git 361
2025-10-17 08:53:30.001 [warning] [Decorations] CAPPING events from decorations provider vscode.git 361
2025-10-17 08:53:35.091 [warning] [Decorations] CAPPING events from decorations provider vscode.git 361
2025-10-17 08:53:40.170 [warning] [Decorations] CAPPING events from decorations provider vscode.git 361
2025-10-17 08:55:01.914 [warning] [Decorations] CAPPING events from decorations provider vscode.git 361
2025-10-17 08:55:06.989 [warning] [Decorations] CAPPING events from decorations provider vscode.git 361
2025-10-17 08:55:12.102 [warning] [Decorations] CAPPING events from decorations provider vscode.git 361
2025-10-17 08:55:17.183 [warning] [Decorations] CAPPING events from decorations provider vscode.git 361
2025-10-17 08:55:22.265 [warning] [Decorations] CAPPING events from decorations provider vscode.git 361
2025-10-17 08:55:27.340 [warning] [Decorations] CAPPING events from decorations provider vscode.git 361
2025-10-17 08:59:04.820 [warning] [Decorations] CAPPING events from decorations provider vscode.git 361
2025-10-17 08:59:09.889 [warning] [Decorations] CAPPING events from decorations provider vscode.git 361
2025-10-17 08:59:14.965 [warning] [Decorations] CAPPING events from decorations provider vscode.git 361
2025-10-17 08:59:20.059 [warning] [Decorations] CAPPING events from decorations provider vscode.git 361
2025-10-17 08:59:25.131 [warning] [Decorations] CAPPING events from decorations provider vscode.git 361
2025-10-17 08:59:30.211 [warning] [Decorations] CAPPING events from decorations provider vscode.git 361
2025-10-17 08:59:35.327 [warning] [Decorations] CAPPING events from decorations provider vscode.git 361
2025-10-17 08:59:40.396 [warning] [Decorations] CAPPING events from decorations provider vscode.git 361
2025-10-17 08:59:45.484 [warning] [Decorations] CAPPING events from decorations provider vscode.git 361
2025-10-17 08:59:50.562 [warning] [Decorations] CAPPING events from decorations provider vscode.git 361
2025-10-17 08:59:55.665 [warning] [Decorations] CAPPING events from decorations provider vscode.git 361
2025-10-17 09:00:00.733 [warning] [Decorations] CAPPING events from decorations provider vscode.git 361
2025-10-17 09:00:30.685 [warning] [Decorations] CAPPING events from decorations provider vscode.git 361
2025-10-17 09:00:35.770 [warning] [Decorations] CAPPING events from decorations provider vscode.git 361
2025-10-17 09:00:47.245 [warning] [Decorations] CAPPING events from decorations provider vscode.git 361
2025-10-17 09:00:56.745 [warning] [Decorations] CAPPING events from decorations provider vscode.git 361
2025-10-17 09:01:01.839 [warning] [Decorations] CAPPING events from decorations provider vscode.git 361
2025-10-17 09:01:06.912 [warning] [Decorations] CAPPING events from decorations provider vscode.git 361
2025-10-17 09:01:32.099 [warning] [Decorations] CAPPING events from decorations provider vscode.git 361
2025-10-17 09:01:37.177 [warning] [Decorations] CAPPING events from decorations provider vscode.git 361
2025-10-17 09:02:25.485 [warning] [Decorations] CAPPING events from decorations provider vscode.git 361
2025-10-17 09:02:49.188 [warning] [Decorations] CAPPING events from decorations provider vscode.git 361
2025-10-17 09:02:54.260 [warning] [Decorations] CAPPING events from decorations provider vscode.git 361
2025-10-17 09:03:33.101 [warning] [Decorations] CAPPING events from decorations provider vscode.git 361
2025-10-17 09:06:04.385 [warning] [Decorations] CAPPING events from decorations provider vscode.git 361
2025-10-17 09:06:09.460 [warning] [Decorations] CAPPING events from decorations provider vscode.git 361
2025-10-17 09:06:14.529 [warning] [Decorations] CAPPING events from decorations provider vscode.git 361
2025-10-17 09:06:19.623 [warning] [Decorations] CAPPING events from decorations provider vscode.git 361
2025-10-17 09:06:24.702 [warning] [Decorations] CAPPING events from decorations provider vscode.git 361
2025-10-17 09:06:29.781 [warning] [Decorations] CAPPING events from decorations provider vscode.git 361
2025-10-17 09:06:34.867 [warning] [Decorations] CAPPING events from decorations provider vscode.git 361
2025-10-17 09:06:39.944 [warning] [Decorations] CAPPING events from decorations provider vscode.git 361
2025-10-17 09:06:45.019 [warning] [Decorations] CAPPING events from decorations provider vscode.git 361
2025-10-17 09:06:50.138 [warning] [Decorations] CAPPING events from decorations provider vscode.git 361
2025-10-17 09:06:55.219 [warning] [Decorations] CAPPING events from decorations provider vscode.git 361
2025-10-17 09:07:00.295 [warning] [Decorations] CAPPING events from decorations provider vscode.git 361
2025-10-17 09:07:05.381 [warning] [Decorations] CAPPING events from decorations provider vscode.git 361
2025-10-17 09:07:10.476 [warning] [Decorations] CAPPING events from decorations provider vscode.git 361
2025-10-17 09:07:15.564 [warning] [Decorations] CAPPING events from decorations provider vscode.git 361
2025-10-17 09:07:20.668 [warning] [Decorations] CAPPING events from decorations provider vscode.git 361
2025-10-17 09:07:25.742 [warning] [Decorations] CAPPING events from decorations provider vscode.git 361
2025-10-17 09:07:30.828 [warning] [Decorations] CAPPING events from decorations provider vscode.git 361
2025-10-17 09:11:43.048 [warning] [Decorations] CAPPING events from decorations provider vscode.git 361
2025-10-17 09:11:59.330 [warning] [Decorations] CAPPING events from decorations provider vscode.git 361
2025-10-17 09:12:04.405 [warning] [Decorations] CAPPING events from decorations provider vscode.git 361
2025-10-17 09:12:09.485 [warning] [Decorations] CAPPING events from decorations provider vscode.git 361
2025-10-17 09:12:14.555 [warning] [Decorations] CAPPING events from decorations provider vscode.git 361
2025-10-17 09:12:19.664 [warning] [Decorations] CAPPING events from decorations provider vscode.git 361
2025-10-17 09:12:24.753 [warning] [Decorations] CAPPING events from decorations provider vscode.git 361
2025-10-17 09:12:29.843 [warning] [Decorations] CAPPING events from decorations provider vscode.git 361
2025-10-17 09:12:34.918 [warning] [Decorations] CAPPING events from decorations provider vscode.git 361
2025-10-17 09:12:39.988 [warning] [Decorations] CAPPING events from decorations provider vscode.git 361
2025-10-17 09:12:45.067 [warning] [Decorations] CAPPING events from decorations provider vscode.git 361
2025-10-17 09:12:50.162 [warning] [Decorations] CAPPING events from decorations provider vscode.git 361
2025-10-17 09:12:55.240 [warning] [Decorations] CAPPING events from decorations provider vscode.git 361
2025-10-17 09:13:00.325 [warning] [Decorations] CAPPING events from decorations provider vscode.git 361
2025-10-17 09:13:05.435 [warning] [Decorations] CAPPING events from decorations provider vscode.git 361
2025-10-17 09:13:10.512 [warning] [Decorations] CAPPING events from decorations provider vscode.git 361
2025-10-17 09:13:15.590 [warning] [Decorations] CAPPING events from decorations provider vscode.git 361
2025-10-17 09:13:20.671 [warning] [Decorations] CAPPING events from decorations provider vscode.git 361
2025-10-17 09:13:25.751 [warning] [Decorations] CAPPING events from decorations provider vscode.git 361
2025-10-17 09:13:44.975 [warning] [Decorations] CAPPING events from decorations provider vscode.git 361
2025-10-17 09:13:50.064 [warning] [Decorations] CAPPING events from decorations provider vscode.git 361
2025-10-17 09:16:18.736 [warning] [Decorations] CAPPING events from decorations provider vscode.git 361
2025-10-17 09:16:23.812 [warning] [Decorations] CAPPING events from decorations provider vscode.git 361
2025-10-17 09:16:28.892 [warning] [Decorations] CAPPING events from decorations provider vscode.git 361
2025-10-17 09:16:33.973 [warning] [Decorations] CAPPING events from decorations provider vscode.git 361
2025-10-17 09:16:39.048 [warning] [Decorations] CAPPING events from decorations provider vscode.git 361
2025-10-17 09:16:44.130 [warning] [Decorations] CAPPING events from decorations provider vscode.git 361
2025-10-17 09:16:49.207 [warning] [Decorations] CAPPING events from decorations provider vscode.git 361
2025-10-17 09:16:54.295 [warning] [Decorations] CAPPING events from decorations provider vscode.git 361
2025-10-17 09:16:59.374 [warning] [Decorations] CAPPING events from decorations provider vscode.git 361
2025-10-17 09:18:21.860 [warning] [Decorations] CAPPING events from decorations provider vscode.git 362
2025-10-17 09:18:26.983 [warning] [Decorations] CAPPING events from decorations provider vscode.git 361
2025-10-17 09:18:32.276 [warning] [Decorations] CAPPING events from decorations provider vscode.git 362
2025-10-17 09:18:37.348 [warning] [Decorations] CAPPING events from decorations provider vscode.git 362
2025-10-17 09:18:42.419 [warning] [Decorations] CAPPING events from decorations provider vscode.git 362
2025-10-17 09:30:20.222 [warning] [Decorations] CAPPING events from decorations provider vscode.git 362
2025-10-17 09:30:25.299 [warning] [Decorations] CAPPING events from decorations provider vscode.git 362
2025-10-17 09:30:30.376 [warning] [Decorations] CAPPING events from decorations provider vscode.git 362
2025-10-17 09:30:35.467 [warning] [Decorations] CAPPING events from decorations provider vscode.git 362
2025-10-17 09:30:40.549 [warning] [Decorations] CAPPING events from decorations provider vscode.git 362
2025-10-17 09:30:45.618 [warning] [Decorations] CAPPING events from decorations provider vscode.git 362
2025-10-17 09:30:50.715 [warning] [Decorations] CAPPING events from decorations provider vscode.git 362
2025-10-17 09:31:15.026 [warning] [Decorations] CAPPING events from decorations provider vscode.git 362
2025-10-17 09:31:20.137 [warning] [Decorations] CAPPING events from decorations provider vscode.git 362
