2025-10-17 01:13:39.630 [info] Extension host with pid 4424 started
2025-10-17 01:13:39.632 [info] Skipping acquiring lock for /vargant/home-8-03-hw/~/vargant/home-8-03-hw/User/workspaceStorage/0f629e63d0471dbfda28ef6030329643.
2025-10-17 01:13:40.918 [info] ExtensionService#_doActivateExtension vscode.github-authentication, startup: false, activationEvent: 'onAuthenticationRequest:github'
2025-10-17 01:13:41.086 [info] ExtensionService#_doActivateExtension vscode.emmet, startup: false, activationEvent: 'onLanguage'
2025-10-17 01:13:41.594 [info] ExtensionService#_doActivateExtension vscode.git-base, startup: true, activationEvent: '*'
2025-10-17 01:13:41.703 [info] ExtensionService#_doActivateExtension vscode.github, startup: true, activationEvent: '*'
2025-10-17 01:13:42.114 [info] Eager extensions activated
2025-10-17 01:13:42.125 [info] ExtensionService#_doActivateExtension vscode.debug-auto-launch, startup: false, activationEvent: 'onStartupFinished'
2025-10-17 01:13:42.138 [info] ExtensionService#_doActivateExtension vscode.merge-conflict, startup: false, activationEvent: 'onStartupFinished'
2025-10-17 01:13:49.220 [info] ExtensionService#_doActivateExtension vscode.git, startup: false, activationEvent: 'api', root cause: vscode.github
2025-10-17 01:13:50.273 [warning] [Decorations] CAPPING events from decorations provider vscode.git 251
2025-10-17 01:13:50.920 [warning] [Decorations] CAPPING events from decorations provider vscode.git 251
2025-10-17 01:13:52.388 [warning] [Decorations] CAPPING events from decorations provider vscode.git 251
2025-10-17 01:15:52.249 [warning] [Decorations] CAPPING events from decorations provider vscode.git 252
2025-10-17 01:15:55.015 [info] ExtensionService#_doActivateExtension vscode.extension-editing, startup: false, activationEvent: 'onLanguage:markdown'
2025-10-17 01:15:55.145 [info] ExtensionService#_doActivateExtension vscode.markdown-language-features, startup: false, activationEvent: 'onLanguage:markdown'
2025-10-17 01:15:57.792 [warning] [Decorations] CAPPING events from decorations provider vscode.git 268
2025-10-17 01:16:03.151 [warning] [Decorations] CAPPING events from decorations provider vscode.git 268
2025-10-17 01:16:04.483 [info] ExtensionService#_doActivateExtension vscode.markdown-math, startup: false, activationEvent: 'api', root cause: vscode.markdown-language-features
2025-10-17 01:16:08.286 [warning] [Decorations] CAPPING events from decorations provider vscode.git 270
2025-10-17 01:16:13.383 [warning] [Decorations] CAPPING events from decorations provider vscode.git 270
2025-10-17 01:16:18.492 [warning] [Decorations] CAPPING events from decorations provider vscode.git 270
2025-10-17 01:16:23.585 [warning] [Decorations] CAPPING events from decorations provider vscode.git 270
2025-10-17 01:16:28.705 [warning] [Decorations] CAPPING events from decorations provider vscode.git 270
2025-10-17 01:16:33.970 [warning] [Decorations] CAPPING events from decorations provider vscode.git 270
2025-10-17 01:16:39.077 [warning] [Decorations] CAPPING events from decorations provider vscode.git 270
2025-10-17 01:16:44.163 [warning] [Decorations] CAPPING events from decorations provider vscode.git 270
2025-10-17 01:16:49.246 [warning] [Decorations] CAPPING events from decorations provider vscode.git 270
2025-10-17 01:16:54.329 [warning] [Decorations] CAPPING events from decorations provider vscode.git 270
2025-10-17 01:16:59.769 [warning] [Decorations] CAPPING events from decorations provider vscode.git 270
2025-10-17 01:17:04.886 [warning] [Decorations] CAPPING events from decorations provider vscode.git 270
2025-10-17 01:17:09.990 [warning] [Decorations] CAPPING events from decorations provider vscode.git 270
2025-10-17 01:17:15.086 [warning] [Decorations] CAPPING events from decorations provider vscode.git 270
2025-10-17 01:17:20.180 [warning] [Decorations] CAPPING events from decorations provider vscode.git 270
2025-10-17 01:17:25.276 [warning] [Decorations] CAPPING events from decorations provider vscode.git 270
2025-10-17 01:17:30.371 [warning] [Decorations] CAPPING events from decorations provider vscode.git 270
2025-10-17 01:17:35.467 [warning] [Decorations] CAPPING events from decorations provider vscode.git 271
2025-10-17 01:17:40.582 [warning] [Decorations] CAPPING events from decorations provider vscode.git 271
2025-10-17 01:17:45.748 [warning] [Decorations] CAPPING events from decorations provider vscode.git 271
2025-10-17 01:17:50.834 [warning] [Decorations] CAPPING events from decorations provider vscode.git 271
2025-10-17 01:17:55.926 [warning] [Decorations] CAPPING events from decorations provider vscode.git 271
2025-10-17 01:18:01.009 [warning] [Decorations] CAPPING events from decorations provider vscode.git 271
2025-10-17 01:18:06.152 [warning] [Decorations] CAPPING events from decorations provider vscode.git 271
2025-10-17 01:18:11.246 [warning] [Decorations] CAPPING events from decorations provider vscode.git 271
2025-10-17 01:18:16.380 [warning] [Decorations] CAPPING events from decorations provider vscode.git 271
2025-10-17 01:18:21.470 [warning] [Decorations] CAPPING events from decorations provider vscode.git 271
2025-10-17 01:18:26.552 [warning] [Decorations] CAPPING events from decorations provider vscode.git 271
2025-10-17 01:18:31.641 [warning] [Decorations] CAPPING events from decorations provider vscode.git 271
2025-10-17 01:18:36.924 [warning] [Decorations] CAPPING events from decorations provider vscode.git 272
2025-10-17 01:21:01.958 [warning] [Decorations] CAPPING events from decorations provider vscode.git 271
2025-10-17 01:21:07.342 [warning] [Decorations] CAPPING events from decorations provider vscode.git 270
2025-10-17 01:21:12.436 [warning] [Decorations] CAPPING events from decorations provider vscode.git 271
2025-10-17 01:21:17.545 [warning] [Decorations] CAPPING events from decorations provider vscode.git 271
2025-10-17 01:21:22.641 [warning] [Decorations] CAPPING events from decorations provider vscode.git 271
2025-10-17 01:21:27.747 [warning] [Decorations] CAPPING events from decorations provider vscode.git 271
2025-10-17 01:21:32.842 [warning] [Decorations] CAPPING events from decorations provider vscode.git 271
2025-10-17 01:21:37.955 [warning] [Decorations] CAPPING events from decorations provider vscode.git 271
2025-10-17 01:21:43.064 [warning] [Decorations] CAPPING events from decorations provider vscode.git 271
2025-10-17 01:21:48.158 [warning] [Decorations] CAPPING events from decorations provider vscode.git 271
2025-10-17 01:21:53.244 [warning] [Decorations] CAPPING events from decorations provider vscode.git 271
2025-10-17 01:21:58.335 [warning] [Decorations] CAPPING events from decorations provider vscode.git 271
2025-10-17 01:22:03.417 [warning] [Decorations] CAPPING events from decorations provider vscode.git 271
2025-10-17 01:22:08.524 [warning] [Decorations] CAPPING events from decorations provider vscode.git 271
2025-10-17 01:22:13.659 [warning] [Decorations] CAPPING events from decorations provider vscode.git 271
2025-10-17 01:25:48.036 [warning] [Decorations] CAPPING events from decorations provider vscode.git 275
2025-10-17 01:25:53.219 [warning] [Decorations] CAPPING events from decorations provider vscode.git 273
2025-10-17 01:25:58.342 [warning] [Decorations] CAPPING events from decorations provider vscode.git 274
2025-10-17 01:26:51.282 [warning] [Decorations] CAPPING events from decorations provider vscode.git 275
2025-10-17 01:26:56.405 [warning] [Decorations] CAPPING events from decorations provider vscode.git 274
2025-10-17 01:27:04.838 [warning] [Decorations] CAPPING events from decorations provider vscode.git 274
2025-10-17 01:27:10.663 [warning] [Decorations] CAPPING events from decorations provider vscode.git 274
2025-10-17 01:27:15.821 [warning] [Decorations] CAPPING events from decorations provider vscode.git 274
2025-10-17 01:27:21.011 [warning] [Decorations] CAPPING events from decorations provider vscode.git 274
2025-10-17 01:27:26.136 [warning] [Decorations] CAPPING events from decorations provider vscode.git 275
2025-10-17 01:27:31.381 [warning] [Decorations] CAPPING events from decorations provider vscode.git 275
2025-10-17 01:27:36.569 [warning] [Decorations] CAPPING events from decorations provider vscode.git 275
2025-10-17 01:27:41.743 [warning] [Decorations] CAPPING events from decorations provider vscode.git 277
2025-10-17 01:28:06.727 [warning] [Decorations] CAPPING events from decorations provider vscode.git 276
2025-10-17 01:28:11.908 [warning] [Decorations] CAPPING events from decorations provider vscode.git 276
2025-10-17 01:28:16.993 [warning] [Decorations] CAPPING events from decorations provider vscode.git 276
2025-10-17 01:28:22.080 [warning] [Decorations] CAPPING events from decorations provider vscode.git 276
2025-10-17 01:28:27.227 [warning] [Decorations] CAPPING events from decorations provider vscode.git 276
2025-10-17 01:28:32.310 [warning] [Decorations] CAPPING events from decorations provider vscode.git 276
2025-10-17 01:28:37.402 [warning] [Decorations] CAPPING events from decorations provider vscode.git 276
2025-10-17 01:28:42.605 [warning] [Decorations] CAPPING events from decorations provider vscode.git 276
2025-10-17 01:28:47.691 [warning] [Decorations] CAPPING events from decorations provider vscode.git 276
2025-10-17 01:28:52.827 [warning] [Decorations] CAPPING events from decorations provider vscode.git 276
2025-10-17 01:28:57.952 [warning] [Decorations] CAPPING events from decorations provider vscode.git 276
2025-10-17 01:29:03.035 [warning] [Decorations] CAPPING events from decorations provider vscode.git 276
2025-10-17 01:29:08.122 [warning] [Decorations] CAPPING events from decorations provider vscode.git 276
2025-10-17 01:29:13.208 [warning] [Decorations] CAPPING events from decorations provider vscode.git 276
2025-10-17 01:29:40.101 [warning] [Decorations] CAPPING events from decorations provider vscode.git 277
2025-10-17 01:29:45.293 [warning] [Decorations] CAPPING events from decorations provider vscode.git 276
2025-10-17 01:29:50.490 [warning] [Decorations] CAPPING events from decorations provider vscode.git 276
2025-10-17 01:29:55.597 [warning] [Decorations] CAPPING events from decorations provider vscode.git 276
2025-10-17 01:30:00.746 [warning] [Decorations] CAPPING events from decorations provider vscode.git 277
2025-10-17 01:30:06.996 [warning] [Decorations] CAPPING events from decorations provider vscode.git 277
2025-10-17 01:30:12.441 [warning] [Decorations] CAPPING events from decorations provider vscode.git 277
2025-10-17 01:30:17.669 [warning] [Decorations] CAPPING events from decorations provider vscode.git 277
2025-10-17 01:30:22.787 [warning] [Decorations] CAPPING events from decorations provider vscode.git 277
2025-10-17 01:30:27.875 [warning] [Decorations] CAPPING events from decorations provider vscode.git 277
2025-10-17 01:30:33.077 [warning] [Decorations] CAPPING events from decorations provider vscode.git 277
2025-10-17 01:30:38.159 [warning] [Decorations] CAPPING events from decorations provider vscode.git 277
2025-10-17 01:30:43.321 [warning] [Decorations] CAPPING events from decorations provider vscode.git 277
2025-10-17 01:30:48.413 [warning] [Decorations] CAPPING events from decorations provider vscode.git 277
2025-10-17 01:30:53.497 [warning] [Decorations] CAPPING events from decorations provider vscode.git 277
2025-10-17 01:30:58.585 [warning] [Decorations] CAPPING events from decorations provider vscode.git 277
2025-10-17 01:31:03.700 [warning] [Decorations] CAPPING events from decorations provider vscode.git 277
2025-10-17 01:31:08.793 [warning] [Decorations] CAPPING events from decorations provider vscode.git 277
2025-10-17 01:31:46.896 [warning] [Decorations] CAPPING events from decorations provider vscode.git 278
2025-10-17 01:31:52.087 [warning] [Decorations] CAPPING events from decorations provider vscode.git 277
2025-10-17 01:31:57.179 [warning] [Decorations] CAPPING events from decorations provider vscode.git 278
2025-10-17 01:32:02.273 [warning] [Decorations] CAPPING events from decorations provider vscode.git 278
2025-10-17 01:32:07.563 [warning] [Decorations] CAPPING events from decorations provider vscode.git 278
2025-10-17 01:32:12.777 [warning] [Decorations] CAPPING events from decorations provider vscode.git 278
2025-10-17 01:32:17.884 [warning] [Decorations] CAPPING events from decorations provider vscode.git 278
2025-10-17 01:32:33.346 [warning] [Decorations] CAPPING events from decorations provider vscode.git 279
2025-10-17 01:32:38.525 [warning] [Decorations] CAPPING events from decorations provider vscode.git 278
2025-10-17 01:32:43.616 [warning] [Decorations] CAPPING events from decorations provider vscode.git 278
2025-10-17 01:32:48.773 [warning] [Decorations] CAPPING events from decorations provider vscode.git 278
2025-10-17 01:32:53.932 [warning] [Decorations] CAPPING events from decorations provider vscode.git 279
2025-10-17 01:32:59.016 [warning] [Decorations] CAPPING events from decorations provider vscode.git 281
2025-10-17 01:33:04.201 [warning] [Decorations] CAPPING events from decorations provider vscode.git 280
2025-10-17 01:33:56.668 [warning] [Decorations] CAPPING events from decorations provider vscode.git 280
2025-10-17 01:34:01.871 [warning] [Decorations] CAPPING events from decorations provider vscode.git 280
2025-10-17 01:34:06.995 [warning] [Decorations] CAPPING events from decorations provider vscode.git 280
2025-10-17 01:34:12.080 [warning] [Decorations] CAPPING events from decorations provider vscode.git 280
2025-10-17 01:34:17.240 [warning] [Decorations] CAPPING events from decorations provider vscode.git 280
2025-10-17 01:34:22.410 [warning] [Decorations] CAPPING events from decorations provider vscode.git 280
2025-10-17 01:34:27.504 [warning] [Decorations] CAPPING events from decorations provider vscode.git 280
2025-10-17 01:34:32.586 [warning] [Decorations] CAPPING events from decorations provider vscode.git 280
2025-10-17 01:34:37.780 [warning] [Decorations] CAPPING events from decorations provider vscode.git 280
2025-10-17 01:34:42.936 [warning] [Decorations] CAPPING events from decorations provider vscode.git 280
2025-10-17 01:34:48.055 [warning] [Decorations] CAPPING events from decorations provider vscode.git 280
2025-10-17 01:34:53.138 [warning] [Decorations] CAPPING events from decorations provider vscode.git 280
2025-10-17 01:35:20.472 [warning] [Decorations] CAPPING events from decorations provider vscode.git 281
2025-10-17 01:35:25.660 [warning] [Decorations] CAPPING events from decorations provider vscode.git 280
2025-10-17 01:35:30.745 [warning] [Decorations] CAPPING events from decorations provider vscode.git 280
2025-10-17 01:35:35.872 [warning] [Decorations] CAPPING events from decorations provider vscode.git 281
2025-10-17 01:35:40.983 [warning] [Decorations] CAPPING events from decorations provider vscode.git 281
2025-10-17 01:35:46.072 [warning] [Decorations] CAPPING events from decorations provider vscode.git 281
2025-10-17 01:35:51.271 [warning] [Decorations] CAPPING events from decorations provider vscode.git 283
2025-10-17 01:36:09.792 [warning] [Decorations] CAPPING events from decorations provider vscode.git 282
2025-10-17 01:36:14.988 [warning] [Decorations] CAPPING events from decorations provider vscode.git 281
2025-10-17 01:36:20.073 [warning] [Decorations] CAPPING events from decorations provider vscode.git 281
2025-10-17 01:36:25.193 [warning] [Decorations] CAPPING events from decorations provider vscode.git 281
2025-10-17 01:36:30.285 [warning] [Decorations] CAPPING events from decorations provider vscode.git 282
2025-10-17 01:36:35.392 [warning] [Decorations] CAPPING events from decorations provider vscode.git 284
2025-10-17 01:37:12.931 [warning] [Decorations] CAPPING events from decorations provider vscode.git 283
2025-10-17 01:37:18.050 [warning] [Decorations] CAPPING events from decorations provider vscode.git 283
2025-10-17 01:37:23.153 [warning] [Decorations] CAPPING events from decorations provider vscode.git 283
2025-10-17 01:37:28.250 [warning] [Decorations] CAPPING events from decorations provider vscode.git 283
2025-10-17 01:37:33.460 [warning] [Decorations] CAPPING events from decorations provider vscode.git 283
2025-10-17 01:37:38.555 [warning] [Decorations] CAPPING events from decorations provider vscode.git 283
2025-10-17 01:37:43.638 [warning] [Decorations] CAPPING events from decorations provider vscode.git 283
2025-10-17 01:38:19.056 [warning] [Decorations] CAPPING events from decorations provider vscode.git 284
2025-10-17 01:38:24.244 [warning] [Decorations] CAPPING events from decorations provider vscode.git 283
2025-10-17 01:38:29.353 [warning] [Decorations] CAPPING events from decorations provider vscode.git 284
2025-10-17 01:38:34.447 [warning] [Decorations] CAPPING events from decorations provider vscode.git 284
2025-10-17 01:38:39.536 [warning] [Decorations] CAPPING events from decorations provider vscode.git 284
2025-10-17 01:38:44.646 [warning] [Decorations] CAPPING events from decorations provider vscode.git 284
2025-10-17 01:38:49.775 [warning] [Decorations] CAPPING events from decorations provider vscode.git 286
2025-10-17 01:38:56.050 [warning] [Decorations] CAPPING events from decorations provider vscode.git 285
2025-10-17 01:39:31.365 [warning] [Decorations] CAPPING events from decorations provider vscode.git 285
2025-10-17 01:39:36.602 [warning] [Decorations] CAPPING events from decorations provider vscode.git 285
2025-10-17 01:39:41.863 [warning] [Decorations] CAPPING events from decorations provider vscode.git 285
2025-10-17 01:39:46.957 [warning] [Decorations] CAPPING events from decorations provider vscode.git 285
2025-10-17 01:39:52.050 [warning] [Decorations] CAPPING events from decorations provider vscode.git 285
2025-10-17 01:39:57.141 [warning] [Decorations] CAPPING events from decorations provider vscode.git 285
2025-10-17 01:40:02.228 [warning] [Decorations] CAPPING events from decorations provider vscode.git 285
2025-10-17 01:40:07.322 [warning] [Decorations] CAPPING events from decorations provider vscode.git 285
2025-10-17 01:40:12.486 [warning] [Decorations] CAPPING events from decorations provider vscode.git 285
2025-10-17 01:40:18.180 [warning] [Decorations] CAPPING events from decorations provider vscode.git 285
2025-10-17 01:40:23.344 [warning] [Decorations] CAPPING events from decorations provider vscode.git 285
2025-10-17 01:40:29.067 [warning] [Decorations] CAPPING events from decorations provider vscode.git 285
2025-10-17 01:40:34.210 [warning] [Decorations] CAPPING events from decorations provider vscode.git 285
2025-10-17 01:40:39.372 [warning] [Decorations] CAPPING events from decorations provider vscode.git 285
2025-10-17 01:40:44.463 [warning] [Decorations] CAPPING events from decorations provider vscode.git 285
2025-10-17 01:40:49.554 [warning] [Decorations] CAPPING events from decorations provider vscode.git 285
2025-10-17 01:40:54.726 [warning] [Decorations] CAPPING events from decorations provider vscode.git 285
2025-10-17 01:40:59.812 [warning] [Decorations] CAPPING events from decorations provider vscode.git 285
2025-10-17 01:41:04.898 [warning] [Decorations] CAPPING events from decorations provider vscode.git 285
2025-10-17 01:41:09.989 [warning] [Decorations] CAPPING events from decorations provider vscode.git 285
2025-10-17 01:41:15.123 [warning] [Decorations] CAPPING events from decorations provider vscode.git 285
2025-10-17 01:41:20.216 [warning] [Decorations] CAPPING events from decorations provider vscode.git 285
2025-10-17 01:41:25.302 [warning] [Decorations] CAPPING events from decorations provider vscode.git 285
2025-10-17 01:41:30.386 [warning] [Decorations] CAPPING events from decorations provider vscode.git 285
2025-10-17 01:41:35.501 [warning] [Decorations] CAPPING events from decorations provider vscode.git 285
2025-10-17 01:41:40.587 [warning] [Decorations] CAPPING events from decorations provider vscode.git 285
2025-10-17 01:41:45.672 [warning] [Decorations] CAPPING events from decorations provider vscode.git 285
2025-10-17 01:41:50.780 [warning] [Decorations] CAPPING events from decorations provider vscode.git 285
2025-10-17 01:41:55.871 [warning] [Decorations] CAPPING events from decorations provider vscode.git 285
2025-10-17 01:42:00.976 [warning] [Decorations] CAPPING events from decorations provider vscode.git 285
2025-10-17 01:42:06.064 [warning] [Decorations] CAPPING events from decorations provider vscode.git 285
2025-10-17 01:42:11.152 [warning] [Decorations] CAPPING events from decorations provider vscode.git 285
2025-10-17 01:42:16.235 [warning] [Decorations] CAPPING events from decorations provider vscode.git 285
2025-10-17 01:42:21.319 [warning] [Decorations] CAPPING events from decorations provider vscode.git 285
2025-10-17 01:42:26.520 [warning] [Decorations] CAPPING events from decorations provider vscode.git 285
2025-10-17 01:42:31.613 [warning] [Decorations] CAPPING events from decorations provider vscode.git 285
2025-10-17 01:42:36.701 [warning] [Decorations] CAPPING events from decorations provider vscode.git 285
2025-10-17 01:42:41.969 [warning] [Decorations] CAPPING events from decorations provider vscode.git 285
2025-10-17 01:42:47.063 [warning] [Decorations] CAPPING events from decorations provider vscode.git 285
2025-10-17 01:42:52.203 [warning] [Decorations] CAPPING events from decorations provider vscode.git 285
2025-10-17 01:42:57.291 [warning] [Decorations] CAPPING events from decorations provider vscode.git 285
2025-10-17 01:43:02.409 [warning] [Decorations] CAPPING events from decorations provider vscode.git 285
2025-10-17 01:43:07.513 [warning] [Decorations] CAPPING events from decorations provider vscode.git 285
2025-10-17 01:43:12.605 [warning] [Decorations] CAPPING events from decorations provider vscode.git 285
2025-10-17 01:43:17.700 [warning] [Decorations] CAPPING events from decorations provider vscode.git 285
2025-10-17 01:43:22.826 [warning] [Decorations] CAPPING events from decorations provider vscode.git 285
2025-10-17 01:43:27.917 [warning] [Decorations] CAPPING events from decorations provider vscode.git 285
2025-10-17 01:43:33.021 [warning] [Decorations] CAPPING events from decorations provider vscode.git 285
2025-10-17 01:43:38.109 [warning] [Decorations] CAPPING events from decorations provider vscode.git 285
2025-10-17 01:43:43.345 [warning] [Decorations] CAPPING events from decorations provider vscode.git 285
2025-10-17 01:43:48.537 [warning] [Decorations] CAPPING events from decorations provider vscode.git 285
2025-10-17 01:43:53.662 [warning] [Decorations] CAPPING events from decorations provider vscode.git 285
2025-10-17 01:43:58.797 [warning] [Decorations] CAPPING events from decorations provider vscode.git 286
2025-10-17 01:44:03.893 [warning] [Decorations] CAPPING events from decorations provider vscode.git 286
2025-10-17 01:44:09.162 [warning] [Decorations] CAPPING events from decorations provider vscode.git 286
2025-10-17 01:44:14.365 [warning] [Decorations] CAPPING events from decorations provider vscode.git 286
2025-10-17 01:44:19.657 [warning] [Decorations] CAPPING events from decorations provider vscode.git 286
2025-10-17 01:44:24.791 [warning] [Decorations] CAPPING events from decorations provider vscode.git 286
2025-10-17 01:44:29.926 [warning] [Decorations] CAPPING events from decorations provider vscode.git 286
2025-10-17 01:44:35.069 [warning] [Decorations] CAPPING events from decorations provider vscode.git 286
2025-10-17 01:44:40.166 [warning] [Decorations] CAPPING events from decorations provider vscode.git 286
2025-10-17 01:44:45.253 [warning] [Decorations] CAPPING events from decorations provider vscode.git 286
2025-10-17 01:44:50.337 [warning] [Decorations] CAPPING events from decorations provider vscode.git 286
2025-10-17 01:44:55.422 [warning] [Decorations] CAPPING events from decorations provider vscode.git 286
2025-10-17 01:45:00.508 [warning] [Decorations] CAPPING events from decorations provider vscode.git 286
2025-10-17 01:45:05.588 [warning] [Decorations] CAPPING events from decorations provider vscode.git 286
2025-10-17 01:45:10.695 [warning] [Decorations] CAPPING events from decorations provider vscode.git 286
2025-10-17 01:45:15.839 [warning] [Decorations] CAPPING events from decorations provider vscode.git 286
2025-10-17 01:45:20.920 [warning] [Decorations] CAPPING events from decorations provider vscode.git 286
2025-10-17 01:45:26.008 [warning] [Decorations] CAPPING events from decorations provider vscode.git 286
2025-10-17 01:45:31.130 [warning] [Decorations] CAPPING events from decorations provider vscode.git 286
2025-10-17 01:45:36.266 [warning] [Decorations] CAPPING events from decorations provider vscode.git 286
2025-10-17 01:45:41.407 [warning] [Decorations] CAPPING events from decorations provider vscode.git 286
2025-10-17 01:45:46.517 [warning] [Decorations] CAPPING events from decorations provider vscode.git 286
2025-10-17 01:45:51.620 [warning] [Decorations] CAPPING events from decorations provider vscode.git 286
2025-10-17 01:45:56.788 [warning] [Decorations] CAPPING events from decorations provider vscode.git 286
2025-10-17 01:46:01.937 [warning] [Decorations] CAPPING events from decorations provider vscode.git 286
2025-10-17 01:46:07.019 [warning] [Decorations] CAPPING events from decorations provider vscode.git 286
2025-10-17 01:46:12.123 [warning] [Decorations] CAPPING events from decorations provider vscode.git 286
2025-10-17 01:46:17.397 [warning] [Decorations] CAPPING events from decorations provider vscode.git 286
2025-10-17 01:46:22.489 [warning] [Decorations] CAPPING events from decorations provider vscode.git 286
2025-10-17 01:46:27.727 [warning] [Decorations] CAPPING events from decorations provider vscode.git 286
2025-10-17 01:46:49.236 [warning] [Decorations] CAPPING events from decorations provider vscode.git 286
2025-10-17 01:46:54.601 [warning] [Decorations] CAPPING events from decorations provider vscode.git 286
2025-10-17 01:46:59.708 [warning] [Decorations] CAPPING events from decorations provider vscode.git 286
2025-10-17 01:47:04.798 [warning] [Decorations] CAPPING events from decorations provider vscode.git 286
2025-10-17 01:47:09.882 [warning] [Decorations] CAPPING events from decorations provider vscode.git 286
2025-10-17 01:47:15.087 [warning] [Decorations] CAPPING events from decorations provider vscode.git 286
2025-10-17 01:47:20.381 [warning] [Decorations] CAPPING events from decorations provider vscode.git 286
2025-10-17 01:47:25.661 [warning] [Decorations] CAPPING events from decorations provider vscode.git 286
2025-10-17 01:47:30.813 [warning] [Decorations] CAPPING events from decorations provider vscode.git 286
2025-10-17 01:47:35.898 [warning] [Decorations] CAPPING events from decorations provider vscode.git 286
2025-10-17 01:47:41.061 [warning] [Decorations] CAPPING events from decorations provider vscode.git 286
2025-10-17 01:47:46.186 [warning] [Decorations] CAPPING events from decorations provider vscode.git 286
2025-10-17 01:47:51.269 [warning] [Decorations] CAPPING events from decorations provider vscode.git 286
2025-10-17 01:47:56.372 [warning] [Decorations] CAPPING events from decorations provider vscode.git 286
2025-10-17 01:49:35.985 [warning] [Decorations] CAPPING events from decorations provider vscode.git 286
2025-10-17 01:49:41.068 [warning] [Decorations] CAPPING events from decorations provider vscode.git 286
2025-10-17 01:49:46.209 [warning] [Decorations] CAPPING events from decorations provider vscode.git 287
2025-10-17 01:49:51.296 [warning] [Decorations] CAPPING events from decorations provider vscode.git 287
2025-10-17 01:49:56.381 [warning] [Decorations] CAPPING events from decorations provider vscode.git 287
2025-10-17 01:50:01.486 [warning] [Decorations] CAPPING events from decorations provider vscode.git 287
2025-10-17 01:50:06.609 [warning] [Decorations] CAPPING events from decorations provider vscode.git 287
2025-10-17 01:50:11.696 [warning] [Decorations] CAPPING events from decorations provider vscode.git 287
2025-10-17 01:50:16.805 [warning] [Decorations] CAPPING events from decorations provider vscode.git 287
2025-10-17 01:50:21.887 [warning] [Decorations] CAPPING events from decorations provider vscode.git 287
2025-10-17 01:50:27.122 [warning] [Decorations] CAPPING events from decorations provider vscode.git 287
2025-10-17 01:53:37.863 [warning] [Decorations] CAPPING events from decorations provider vscode.git 287
2025-10-17 01:53:43.011 [warning] [Decorations] CAPPING events from decorations provider vscode.git 287
2025-10-17 01:53:48.192 [warning] [Decorations] CAPPING events from decorations provider vscode.git 287
2025-10-17 01:54:30.642 [warning] [Decorations] CAPPING events from decorations provider vscode.git 287
2025-10-17 01:54:36.002 [warning] [Decorations] CAPPING events from decorations provider vscode.git 287
2025-10-17 01:56:58.220 [warning] [Decorations] CAPPING events from decorations provider vscode.git 287
2025-10-17 01:57:03.391 [warning] [Decorations] CAPPING events from decorations provider vscode.git 287
2025-10-17 01:59:42.224 [warning] [Decorations] CAPPING events from decorations provider vscode.git 287
2025-10-17 01:59:47.324 [warning] [Decorations] CAPPING events from decorations provider vscode.git 287
2025-10-17 01:59:52.491 [warning] [Decorations] CAPPING events from decorations provider vscode.git 287
2025-10-17 02:06:51.061 [warning] [Decorations] CAPPING events from decorations provider vscode.git 287
2025-10-17 02:06:56.264 [warning] [Decorations] CAPPING events from decorations provider vscode.git 287
2025-10-17 02:07:01.375 [warning] [Decorations] CAPPING events from decorations provider vscode.git 287
2025-10-17 02:07:09.264 [warning] [Decorations] CAPPING events from decorations provider vscode.git 287
2025-10-17 02:07:14.419 [warning] [Decorations] CAPPING events from decorations provider vscode.git 287
2025-10-17 02:07:59.341 [warning] [Decorations] CAPPING events from decorations provider vscode.git 287
2025-10-17 02:08:05.166 [warning] [Decorations] CAPPING events from decorations provider vscode.git 287
2025-10-17 02:10:40.178 [warning] [Decorations] CAPPING events from decorations provider vscode.git 287
2025-10-17 02:10:45.261 [warning] [Decorations] CAPPING events from decorations provider vscode.git 287
2025-10-17 02:10:50.342 [warning] [Decorations] CAPPING events from decorations provider vscode.git 287
2025-10-17 02:11:59.211 [warning] [Decorations] CAPPING events from decorations provider vscode.git 287
2025-10-17 02:12:04.316 [warning] [Decorations] CAPPING events from decorations provider vscode.git 287
2025-10-17 02:12:09.423 [warning] [Decorations] CAPPING events from decorations provider vscode.git 287
2025-10-17 02:12:14.533 [warning] [Decorations] CAPPING events from decorations provider vscode.git 287
2025-10-17 02:12:19.712 [warning] [Decorations] CAPPING events from decorations provider vscode.git 287
2025-10-17 02:12:24.877 [warning] [Decorations] CAPPING events from decorations provider vscode.git 287
2025-10-17 02:12:30.276 [warning] [Decorations] CAPPING events from decorations provider vscode.git 287
2025-10-17 02:12:35.388 [warning] [Decorations] CAPPING events from decorations provider vscode.git 287
2025-10-17 02:12:40.474 [warning] [Decorations] CAPPING events from decorations provider vscode.git 287
2025-10-17 02:12:45.627 [warning] [Decorations] CAPPING events from decorations provider vscode.git 287
2025-10-17 02:12:50.714 [warning] [Decorations] CAPPING events from decorations provider vscode.git 287
2025-10-17 02:12:55.796 [warning] [Decorations] CAPPING events from decorations provider vscode.git 287
2025-10-17 02:13:00.900 [warning] [Decorations] CAPPING events from decorations provider vscode.git 287
2025-10-17 02:13:05.988 [warning] [Decorations] CAPPING events from decorations provider vscode.git 287
2025-10-17 02:13:11.096 [warning] [Decorations] CAPPING events from decorations provider vscode.git 287
2025-10-17 02:13:16.196 [warning] [Decorations] CAPPING events from decorations provider vscode.git 287
2025-10-17 02:13:21.278 [warning] [Decorations] CAPPING events from decorations provider vscode.git 287
2025-10-17 02:13:26.397 [warning] [Decorations] CAPPING events from decorations provider vscode.git 287
2025-10-17 02:13:31.481 [warning] [Decorations] CAPPING events from decorations provider vscode.git 287
2025-10-17 02:13:36.598 [warning] [Decorations] CAPPING events from decorations provider vscode.git 287
2025-10-17 02:13:41.701 [warning] [Decorations] CAPPING events from decorations provider vscode.git 287
2025-10-17 02:13:46.870 [warning] [Decorations] CAPPING events from decorations provider vscode.git 287
2025-10-17 02:13:52.091 [warning] [Decorations] CAPPING events from decorations provider vscode.git 288
2025-10-17 02:15:07.142 [warning] [Decorations] CAPPING events from decorations provider vscode.git 287
2025-10-17 02:15:12.294 [warning] [Decorations] CAPPING events from decorations provider vscode.git 286
2025-10-17 02:15:17.420 [warning] [Decorations] CAPPING events from decorations provider vscode.git 286
2025-10-17 02:15:22.509 [warning] [Decorations] CAPPING events from decorations provider vscode.git 286
2025-10-17 02:15:27.593 [warning] [Decorations] CAPPING events from decorations provider vscode.git 286
2025-10-17 02:15:32.677 [warning] [Decorations] CAPPING events from decorations provider vscode.git 286
2025-10-17 02:15:42.176 [warning] [Decorations] CAPPING events from decorations provider vscode.git 286
2025-10-17 02:15:43.965 [info] Extension host terminating: renderer closed the MessagePort
2025-10-17 02:15:44.412 [info] Extension host with pid 4424 exiting with code 0
