2025-10-17 02:36:42.123 [info] [main] Log level: Info
2025-10-17 02:36:42.123 [info] [main] Validating found git in: "git"
2025-10-17 02:36:42.123 [info] [main] Using git "2.34.1" from "git"
2025-10-17 02:36:42.124 [info] [Model][doInitialScan] Initial repository scan started
2025-10-17 02:36:42.124 [info] > git rev-parse --show-toplevel [188ms]
2025-10-17 02:36:42.174 [info] > git rev-parse --git-dir --git-common-dir --show-superproject-working-tree [160ms]
2025-10-17 02:36:42.264 [info] [Model][openRepository] Opened repository (path): /vargant/home-8-03-hw
2025-10-17 02:36:42.264 [info] [Model][openRepository] Opened repository (real path): /vargant/home-8-03-hw
2025-10-17 02:36:42.264 [info] [Model][openRepository] Opened repository (kind): repository
2025-10-17 02:36:42.308 [info] > git config --get commit.template [16ms]
2025-10-17 02:36:42.414 [info] > git rev-parse --show-toplevel [113ms]
2025-10-17 02:36:42.483 [info] > git for-each-ref --format=%(refname)%00%(upstream:short)%00%(objectname)%00%(upstream:track)%00%(upstream:remotename)%00%(upstream:remoteref) refs/heads/main refs/remotes/main [50ms]
2025-10-17 02:36:42.490 [info] > git rev-parse --show-toplevel [9ms]
2025-10-17 02:36:42.784 [info] > git rev-parse --show-toplevel [280ms]
2025-10-17 02:36:43.031 [info] [Model][doInitialScan] Initial repository scan completed - repositories (1), closed repositories (0), parent repositories (0), unsafe repositories (0)
2025-10-17 02:36:43.391 [info] > git for-each-ref --sort -committerdate --format %(refname)%00%(objectname)%00%(*objectname) [614ms]
2025-10-17 02:36:44.055 [info] > git check-ignore -v -z --stdin [127ms]
2025-10-17 02:36:44.136 [info] > git status -z -uall [1454ms]
2025-10-17 02:36:44.952 [info] > git for-each-ref --format=%(refname)%00%(upstream:short)%00%(objectname)%00%(upstream:track)%00%(upstream:remotename)%00%(upstream:remoteref) refs/heads/main refs/remotes/main [410ms]
2025-10-17 02:36:45.142 [info] > git show --textconv :README.md [161ms]
2025-10-17 02:36:45.142 [info] > git ls-files --stage -- README.md [112ms]
2025-10-17 02:36:45.178 [info] > git config --get --local branch.main.vscode-merge-base [211ms]
2025-10-17 02:36:45.405 [info] > git config --get commit.template [434ms]
2025-10-17 02:36:45.684 [info] > git for-each-ref --format=%(refname)%00%(upstream:short)%00%(objectname)%00%(upstream:track)%00%(upstream:remotename)%00%(upstream:remoteref) refs/heads/origin/main refs/remotes/origin/main [312ms]
2025-10-17 02:36:45.757 [info] > git cat-file -s fc9da08015cc523eb4eaa1b5cfa3559b4d99a0f6 [603ms]
2025-10-17 02:36:45.790 [info] > git merge-base refs/heads/main refs/remotes/origin/main [35ms]
2025-10-17 02:36:45.931 [info] > git diff --name-status -z --diff-filter=ADMR 5329f82c7682483b580a9f7ade0c449dc6189726...refs/remotes/origin/main [42ms]
2025-10-17 02:36:45.969 [info] > git for-each-ref --format=%(refname)%00%(upstream:short)%00%(objectname)%00%(upstream:track)%00%(upstream:remotename)%00%(upstream:remoteref) refs/heads/main refs/remotes/main [179ms]
2025-10-17 02:36:46.423 [info] > git for-each-ref --sort -committerdate --format %(refname)%00%(objectname)%00%(*objectname) [10ms]
2025-10-17 02:36:46.433 [info] > git status -z -uall [168ms]
2025-10-17 02:36:48.095 [info] > git blame --root --incremental 5329f82c7682483b580a9f7ade0c449dc6189726 -- README.md [758ms]
2025-10-17 02:36:50.128 [info] > git config --get commit.template [235ms]
2025-10-17 02:36:50.191 [info] > git for-each-ref --format=%(refname)%00%(upstream:short)%00%(objectname)%00%(upstream:track)%00%(upstream:remotename)%00%(upstream:remoteref) refs/heads/main refs/remotes/main [19ms]
2025-10-17 02:36:50.411 [info] > git status -z -uall [118ms]
2025-10-17 02:36:50.416 [info] > git for-each-ref --sort -committerdate --format %(refname)%00%(objectname)%00%(*objectname) [67ms]
2025-10-17 02:36:57.408 [info] > git config --get commit.template [15ms]
2025-10-17 02:36:57.414 [info] > git for-each-ref --format=%(refname)%00%(upstream:short)%00%(objectname)%00%(upstream:track)%00%(upstream:remotename)%00%(upstream:remoteref) refs/heads/main refs/remotes/main [7ms]
2025-10-17 02:36:57.443 [info] > git for-each-ref --sort -committerdate --format %(refname)%00%(objectname)%00%(*objectname) [6ms]
2025-10-17 02:36:57.448 [info] > git status -z -uall [23ms]
2025-10-17 02:37:02.513 [info] > git config --get commit.template [13ms]
2025-10-17 02:37:02.517 [info] > git for-each-ref --format=%(refname)%00%(upstream:short)%00%(objectname)%00%(upstream:track)%00%(upstream:remotename)%00%(upstream:remoteref) refs/heads/main refs/remotes/main [6ms]
2025-10-17 02:37:02.548 [info] > git for-each-ref --sort -committerdate --format %(refname)%00%(objectname)%00%(*objectname) [6ms]
2025-10-17 02:37:02.556 [info] > git status -z -uall [26ms]
2025-10-17 02:37:07.636 [info] > git config --get commit.template [12ms]
2025-10-17 02:37:07.641 [info] > git for-each-ref --format=%(refname)%00%(upstream:short)%00%(objectname)%00%(upstream:track)%00%(upstream:remotename)%00%(upstream:remoteref) refs/heads/main refs/remotes/main [7ms]
2025-10-17 02:37:07.674 [info] > git for-each-ref --sort -committerdate --format %(refname)%00%(objectname)%00%(*objectname) [6ms]
2025-10-17 02:37:07.677 [info] > git status -z -uall [22ms]
2025-10-17 02:37:12.756 [info] > git config --get commit.template [17ms]
2025-10-17 02:37:12.761 [info] > git for-each-ref --format=%(refname)%00%(upstream:short)%00%(objectname)%00%(upstream:track)%00%(upstream:remotename)%00%(upstream:remoteref) refs/heads/main refs/remotes/main [7ms]
2025-10-17 02:37:12.793 [info] > git for-each-ref --sort -committerdate --format %(refname)%00%(objectname)%00%(*objectname) [6ms]
2025-10-17 02:37:12.797 [info] > git status -z -uall [23ms]
2025-10-17 02:37:17.861 [info] > git config --get commit.template [14ms]
2025-10-17 02:37:17.866 [info] > git for-each-ref --format=%(refname)%00%(upstream:short)%00%(objectname)%00%(upstream:track)%00%(upstream:remotename)%00%(upstream:remoteref) refs/heads/main refs/remotes/main [7ms]
2025-10-17 02:37:17.895 [info] > git for-each-ref --sort -committerdate --format %(refname)%00%(objectname)%00%(*objectname) [6ms]
2025-10-17 02:37:17.898 [info] > git status -z -uall [20ms]
2025-10-17 02:37:22.972 [info] > git config --get commit.template [30ms]
2025-10-17 02:37:22.977 [info] > git for-each-ref --format=%(refname)%00%(upstream:short)%00%(objectname)%00%(upstream:track)%00%(upstream:remotename)%00%(upstream:remoteref) refs/heads/main refs/remotes/main [11ms]
2025-10-17 02:37:23.009 [info] > git for-each-ref --sort -committerdate --format %(refname)%00%(objectname)%00%(*objectname) [6ms]
2025-10-17 02:37:23.012 [info] > git status -z -uall [21ms]
2025-10-17 02:37:28.070 [info] > git config --get commit.template [13ms]
2025-10-17 02:37:28.074 [info] > git for-each-ref --format=%(refname)%00%(upstream:short)%00%(objectname)%00%(upstream:track)%00%(upstream:remotename)%00%(upstream:remoteref) refs/heads/main refs/remotes/main [6ms]
2025-10-17 02:37:28.105 [info] > git for-each-ref --sort -committerdate --format %(refname)%00%(objectname)%00%(*objectname) [6ms]
2025-10-17 02:37:28.107 [info] > git status -z -uall [21ms]
2025-10-17 02:37:33.181 [info] > git config --get commit.template [32ms]
2025-10-17 02:37:33.186 [info] > git for-each-ref --format=%(refname)%00%(upstream:short)%00%(objectname)%00%(upstream:track)%00%(upstream:remotename)%00%(upstream:remoteref) refs/heads/main refs/remotes/main [7ms]
2025-10-17 02:37:33.218 [info] > git for-each-ref --sort -committerdate --format %(refname)%00%(objectname)%00%(*objectname) [6ms]
2025-10-17 02:37:33.223 [info] > git status -z -uall [23ms]
2025-10-17 02:37:38.276 [info] > git config --get commit.template [13ms]
2025-10-17 02:37:38.281 [info] > git for-each-ref --format=%(refname)%00%(upstream:short)%00%(objectname)%00%(upstream:track)%00%(upstream:remotename)%00%(upstream:remoteref) refs/heads/main refs/remotes/main [6ms]
2025-10-17 02:37:38.309 [info] > git for-each-ref --sort -committerdate --format %(refname)%00%(objectname)%00%(*objectname) [5ms]
2025-10-17 02:37:38.313 [info] > git status -z -uall [20ms]
2025-10-17 02:37:43.371 [info] > git config --get commit.template [18ms]
2025-10-17 02:37:43.375 [info] > git for-each-ref --format=%(refname)%00%(upstream:short)%00%(objectname)%00%(upstream:track)%00%(upstream:remotename)%00%(upstream:remoteref) refs/heads/main refs/remotes/main [6ms]
2025-10-17 02:37:43.402 [info] > git for-each-ref --sort -committerdate --format %(refname)%00%(objectname)%00%(*objectname) [6ms]
2025-10-17 02:37:43.406 [info] > git status -z -uall [21ms]
2025-10-17 02:37:48.457 [info] > git config --get commit.template [12ms]
2025-10-17 02:37:48.462 [info] > git for-each-ref --format=%(refname)%00%(upstream:short)%00%(objectname)%00%(upstream:track)%00%(upstream:remotename)%00%(upstream:remoteref) refs/heads/main refs/remotes/main [6ms]
2025-10-17 02:37:48.493 [info] > git for-each-ref --sort -committerdate --format %(refname)%00%(objectname)%00%(*objectname) [6ms]
2025-10-17 02:37:48.496 [info] > git status -z -uall [22ms]
2025-10-17 02:37:53.614 [info] > git config --get commit.template [72ms]
2025-10-17 02:37:53.619 [info] > git for-each-ref --format=%(refname)%00%(upstream:short)%00%(objectname)%00%(upstream:track)%00%(upstream:remotename)%00%(upstream:remoteref) refs/heads/main refs/remotes/main [7ms]
2025-10-17 02:37:53.681 [info] > git status -z -uall [27ms]
2025-10-17 02:37:53.682 [info] > git for-each-ref --sort -committerdate --format %(refname)%00%(objectname)%00%(*objectname) [14ms]
2025-10-17 02:37:58.865 [info] > git config --get commit.template [74ms]
2025-10-17 02:37:58.867 [info] > git for-each-ref --format=%(refname)%00%(upstream:short)%00%(objectname)%00%(upstream:track)%00%(upstream:remotename)%00%(upstream:remoteref) refs/heads/main refs/remotes/main [28ms]
2025-10-17 02:37:58.901 [info] > git for-each-ref --sort -committerdate --format %(refname)%00%(objectname)%00%(*objectname) [6ms]
2025-10-17 02:37:58.904 [info] > git status -z -uall [23ms]
2025-10-17 02:38:03.976 [info] > git config --get commit.template [13ms]
2025-10-17 02:38:03.980 [info] > git for-each-ref --format=%(refname)%00%(upstream:short)%00%(objectname)%00%(upstream:track)%00%(upstream:remotename)%00%(upstream:remoteref) refs/heads/main refs/remotes/main [6ms]
2025-10-17 02:38:04.007 [info] > git for-each-ref --sort -committerdate --format %(refname)%00%(objectname)%00%(*objectname) [5ms]
2025-10-17 02:38:04.011 [info] > git status -z -uall [20ms]
2025-10-17 02:38:09.228 [info] > git config --get commit.template [7ms]
2025-10-17 02:38:09.254 [info] > git for-each-ref --format=%(refname)%00%(upstream:short)%00%(objectname)%00%(upstream:track)%00%(upstream:remotename)%00%(upstream:remoteref) refs/heads/main refs/remotes/main [10ms]
2025-10-17 02:38:09.348 [info] > git for-each-ref --sort -committerdate --format %(refname)%00%(objectname)%00%(*objectname) [43ms]
2025-10-17 02:38:09.352 [info] > git status -z -uall [61ms]
2025-10-17 02:38:14.493 [info] > git config --get commit.template [15ms]
2025-10-17 02:38:14.498 [info] > git for-each-ref --format=%(refname)%00%(upstream:short)%00%(objectname)%00%(upstream:track)%00%(upstream:remotename)%00%(upstream:remoteref) refs/heads/main refs/remotes/main [6ms]
2025-10-17 02:38:14.545 [info] > git for-each-ref --sort -committerdate --format %(refname)%00%(objectname)%00%(*objectname) [6ms]
2025-10-17 02:38:14.547 [info] > git status -z -uall [21ms]
2025-10-17 02:38:19.618 [info] > git config --get commit.template [26ms]
2025-10-17 02:38:19.623 [info] > git for-each-ref --format=%(refname)%00%(upstream:short)%00%(objectname)%00%(upstream:track)%00%(upstream:remotename)%00%(upstream:remoteref) refs/heads/main refs/remotes/main [7ms]
2025-10-17 02:38:19.655 [info] > git for-each-ref --sort -committerdate --format %(refname)%00%(objectname)%00%(*objectname) [6ms]
2025-10-17 02:38:19.676 [info] > git status -z -uall [40ms]
2025-10-17 02:38:24.727 [info] > git config --get commit.template [13ms]
2025-10-17 02:38:24.731 [info] > git for-each-ref --format=%(refname)%00%(upstream:short)%00%(objectname)%00%(upstream:track)%00%(upstream:remotename)%00%(upstream:remoteref) refs/heads/main refs/remotes/main [6ms]
2025-10-17 02:38:24.759 [info] > git for-each-ref --sort -committerdate --format %(refname)%00%(objectname)%00%(*objectname) [5ms]
2025-10-17 02:38:24.764 [info] > git status -z -uall [21ms]
2025-10-17 02:38:29.833 [info] > git config --get commit.template [23ms]
2025-10-17 02:38:29.858 [info] > git for-each-ref --format=%(refname)%00%(upstream:short)%00%(objectname)%00%(upstream:track)%00%(upstream:remotename)%00%(upstream:remoteref) refs/heads/main refs/remotes/main [8ms]
2025-10-17 02:38:29.893 [info] > git for-each-ref --sort -committerdate --format %(refname)%00%(objectname)%00%(*objectname) [6ms]
2025-10-17 02:38:29.896 [info] > git status -z -uall [23ms]
2025-10-17 02:38:34.951 [info] > git config --get commit.template [14ms]
2025-10-17 02:38:34.955 [info] > git for-each-ref --format=%(refname)%00%(upstream:short)%00%(objectname)%00%(upstream:track)%00%(upstream:remotename)%00%(upstream:remoteref) refs/heads/main refs/remotes/main [6ms]
2025-10-17 02:38:34.982 [info] > git for-each-ref --sort -committerdate --format %(refname)%00%(objectname)%00%(*objectname) [6ms]
2025-10-17 02:38:34.986 [info] > git status -z -uall [20ms]
2025-10-17 02:38:40.037 [info] > git config --get commit.template [14ms]
2025-10-17 02:38:40.042 [info] > git for-each-ref --format=%(refname)%00%(upstream:short)%00%(objectname)%00%(upstream:track)%00%(upstream:remotename)%00%(upstream:remoteref) refs/heads/main refs/remotes/main [7ms]
2025-10-17 02:38:40.072 [info] > git for-each-ref --sort -committerdate --format %(refname)%00%(objectname)%00%(*objectname) [6ms]
2025-10-17 02:38:40.075 [info] > git status -z -uall [21ms]
2025-10-17 02:38:45.128 [info] > git config --get commit.template [12ms]
2025-10-17 02:38:45.132 [info] > git for-each-ref --format=%(refname)%00%(upstream:short)%00%(objectname)%00%(upstream:track)%00%(upstream:remotename)%00%(upstream:remoteref) refs/heads/main refs/remotes/main [6ms]
2025-10-17 02:38:45.212 [info] > git for-each-ref --sort -committerdate --format %(refname)%00%(objectname)%00%(*objectname) [6ms]
2025-10-17 02:38:45.215 [info] > git status -z -uall [59ms]
2025-10-17 02:38:50.269 [info] > git config --get commit.template [14ms]
2025-10-17 02:38:50.273 [info] > git for-each-ref --format=%(refname)%00%(upstream:short)%00%(objectname)%00%(upstream:track)%00%(upstream:remotename)%00%(upstream:remoteref) refs/heads/main refs/remotes/main [6ms]
2025-10-17 02:38:50.301 [info] > git for-each-ref --sort -committerdate --format %(refname)%00%(objectname)%00%(*objectname) [6ms]
2025-10-17 02:38:50.305 [info] > git status -z -uall [21ms]
2025-10-17 02:38:55.372 [info] > git config --get commit.template [15ms]
2025-10-17 02:38:55.375 [info] > git for-each-ref --format=%(refname)%00%(upstream:short)%00%(objectname)%00%(upstream:track)%00%(upstream:remotename)%00%(upstream:remoteref) refs/heads/main refs/remotes/main [6ms]
2025-10-17 02:38:55.404 [info] > git for-each-ref --sort -committerdate --format %(refname)%00%(objectname)%00%(*objectname) [6ms]
2025-10-17 02:38:55.408 [info] > git status -z -uall [22ms]
2025-10-17 02:39:00.465 [info] > git config --get commit.template [14ms]
2025-10-17 02:39:00.473 [info] > git for-each-ref --format=%(refname)%00%(upstream:short)%00%(objectname)%00%(upstream:track)%00%(upstream:remotename)%00%(upstream:remoteref) refs/heads/main refs/remotes/main [10ms]
2025-10-17 02:39:00.511 [info] > git for-each-ref --sort -committerdate --format %(refname)%00%(objectname)%00%(*objectname) [6ms]
2025-10-17 02:39:00.516 [info] > git status -z -uall [22ms]
2025-10-17 02:39:05.565 [info] > git config --get commit.template [11ms]
2025-10-17 02:39:05.570 [info] > git for-each-ref --format=%(refname)%00%(upstream:short)%00%(objectname)%00%(upstream:track)%00%(upstream:remotename)%00%(upstream:remoteref) refs/heads/main refs/remotes/main [7ms]
2025-10-17 02:39:05.598 [info] > git for-each-ref --sort -committerdate --format %(refname)%00%(objectname)%00%(*objectname) [6ms]
2025-10-17 02:39:05.602 [info] > git status -z -uall [20ms]
2025-10-17 02:39:10.656 [info] > git config --get commit.template [13ms]
2025-10-17 02:39:10.661 [info] > git for-each-ref --format=%(refname)%00%(upstream:short)%00%(objectname)%00%(upstream:track)%00%(upstream:remotename)%00%(upstream:remoteref) refs/heads/main refs/remotes/main [6ms]
2025-10-17 02:39:10.694 [info] > git for-each-ref --sort -committerdate --format %(refname)%00%(objectname)%00%(*objectname) [6ms]
2025-10-17 02:39:10.698 [info] > git status -z -uall [23ms]
2025-10-17 02:39:15.766 [info] > git config --get commit.template [13ms]
2025-10-17 02:39:15.771 [info] > git for-each-ref --format=%(refname)%00%(upstream:short)%00%(objectname)%00%(upstream:track)%00%(upstream:remotename)%00%(upstream:remoteref) refs/heads/main refs/remotes/main [7ms]
2025-10-17 02:39:15.797 [info] > git for-each-ref --sort -committerdate --format %(refname)%00%(objectname)%00%(*objectname) [6ms]
2025-10-17 02:39:15.802 [info] > git status -z -uall [20ms]
2025-10-17 02:39:20.907 [info] > git config --get commit.template [15ms]
2025-10-17 02:39:20.912 [info] > git for-each-ref --format=%(refname)%00%(upstream:short)%00%(objectname)%00%(upstream:track)%00%(upstream:remotename)%00%(upstream:remoteref) refs/heads/main refs/remotes/main [7ms]
2025-10-17 02:39:20.945 [info] > git for-each-ref --sort -committerdate --format %(refname)%00%(objectname)%00%(*objectname) [6ms]
2025-10-17 02:39:20.948 [info] > git status -z -uall [23ms]
2025-10-17 02:39:25.997 [info] > git config --get commit.template [12ms]
2025-10-17 02:39:26.001 [info] > git for-each-ref --format=%(refname)%00%(upstream:short)%00%(objectname)%00%(upstream:track)%00%(upstream:remotename)%00%(upstream:remoteref) refs/heads/main refs/remotes/main [6ms]
2025-10-17 02:39:26.028 [info] > git for-each-ref --sort -committerdate --format %(refname)%00%(objectname)%00%(*objectname) [6ms]
2025-10-17 02:39:26.031 [info] > git status -z -uall [19ms]
2025-10-17 02:39:31.081 [info] > git config --get commit.template [13ms]
2025-10-17 02:39:31.085 [info] > git for-each-ref --format=%(refname)%00%(upstream:short)%00%(objectname)%00%(upstream:track)%00%(upstream:remotename)%00%(upstream:remoteref) refs/heads/main refs/remotes/main [6ms]
2025-10-17 02:39:31.110 [info] > git for-each-ref --sort -committerdate --format %(refname)%00%(objectname)%00%(*objectname) [5ms]
2025-10-17 02:39:31.114 [info] > git status -z -uall [20ms]
2025-10-17 02:39:36.200 [info] > git config --get commit.template [16ms]
2025-10-17 02:39:36.203 [info] > git for-each-ref --format=%(refname)%00%(upstream:short)%00%(objectname)%00%(upstream:track)%00%(upstream:remotename)%00%(upstream:remoteref) refs/heads/main refs/remotes/main [7ms]
2025-10-17 02:39:36.233 [info] > git for-each-ref --sort -committerdate --format %(refname)%00%(objectname)%00%(*objectname) [6ms]
2025-10-17 02:39:36.237 [info] > git status -z -uall [21ms]
2025-10-17 02:39:41.289 [info] > git config --get commit.template [12ms]
2025-10-17 02:39:41.294 [info] > git for-each-ref --format=%(refname)%00%(upstream:short)%00%(objectname)%00%(upstream:track)%00%(upstream:remotename)%00%(upstream:remoteref) refs/heads/main refs/remotes/main [6ms]
2025-10-17 02:39:41.322 [info] > git for-each-ref --sort -committerdate --format %(refname)%00%(objectname)%00%(*objectname) [5ms]
2025-10-17 02:39:41.325 [info] > git status -z -uall [20ms]
2025-10-17 02:39:46.378 [info] > git config --get commit.template [14ms]
2025-10-17 02:39:46.382 [info] > git for-each-ref --format=%(refname)%00%(upstream:short)%00%(objectname)%00%(upstream:track)%00%(upstream:remotename)%00%(upstream:remoteref) refs/heads/main refs/remotes/main [6ms]
2025-10-17 02:39:46.411 [info] > git for-each-ref --sort -committerdate --format %(refname)%00%(objectname)%00%(*objectname) [6ms]
2025-10-17 02:39:46.415 [info] > git status -z -uall [21ms]
2025-10-17 02:39:51.468 [info] > git config --get commit.template [13ms]
2025-10-17 02:39:51.473 [info] > git for-each-ref --format=%(refname)%00%(upstream:short)%00%(objectname)%00%(upstream:track)%00%(upstream:remotename)%00%(upstream:remoteref) refs/heads/main refs/remotes/main [6ms]
2025-10-17 02:39:51.499 [info] > git for-each-ref --sort -committerdate --format %(refname)%00%(objectname)%00%(*objectname) [6ms]
2025-10-17 02:39:51.504 [info] > git status -z -uall [21ms]
2025-10-17 02:39:56.555 [info] > git config --get commit.template [13ms]
2025-10-17 02:39:56.559 [info] > git for-each-ref --format=%(refname)%00%(upstream:short)%00%(objectname)%00%(upstream:track)%00%(upstream:remotename)%00%(upstream:remoteref) refs/heads/main refs/remotes/main [6ms]
2025-10-17 02:39:56.588 [info] > git for-each-ref --sort -committerdate --format %(refname)%00%(objectname)%00%(*objectname) [6ms]
2025-10-17 02:39:56.591 [info] > git status -z -uall [20ms]
2025-10-17 02:40:01.681 [info] > git config --get commit.template [18ms]
2025-10-17 02:40:01.687 [info] > git for-each-ref --format=%(refname)%00%(upstream:short)%00%(objectname)%00%(upstream:track)%00%(upstream:remotename)%00%(upstream:remoteref) refs/heads/main refs/remotes/main [8ms]
2025-10-17 02:40:01.716 [info] > git for-each-ref --sort -committerdate --format %(refname)%00%(objectname)%00%(*objectname) [6ms]
2025-10-17 02:40:01.719 [info] > git status -z -uall [22ms]
2025-10-17 02:40:06.786 [info] > git config --get commit.template [13ms]
2025-10-17 02:40:06.791 [info] > git for-each-ref --format=%(refname)%00%(upstream:short)%00%(objectname)%00%(upstream:track)%00%(upstream:remotename)%00%(upstream:remoteref) refs/heads/main refs/remotes/main [7ms]
2025-10-17 02:40:06.818 [info] > git for-each-ref --sort -committerdate --format %(refname)%00%(objectname)%00%(*objectname) [5ms]
2025-10-17 02:40:06.822 [info] > git status -z -uall [20ms]
2025-10-17 02:40:11.895 [info] > git config --get commit.template [13ms]
2025-10-17 02:40:11.900 [info] > git for-each-ref --format=%(refname)%00%(upstream:short)%00%(objectname)%00%(upstream:track)%00%(upstream:remotename)%00%(upstream:remoteref) refs/heads/main refs/remotes/main [6ms]
2025-10-17 02:40:11.927 [info] > git for-each-ref --sort -committerdate --format %(refname)%00%(objectname)%00%(*objectname) [7ms]
2025-10-17 02:40:11.930 [info] > git status -z -uall [20ms]
2025-10-17 02:40:17.004 [info] > git config --get commit.template [15ms]
2025-10-17 02:40:17.008 [info] > git for-each-ref --format=%(refname)%00%(upstream:short)%00%(objectname)%00%(upstream:track)%00%(upstream:remotename)%00%(upstream:remoteref) refs/heads/main refs/remotes/main [6ms]
2025-10-17 02:40:17.035 [info] > git for-each-ref --sort -committerdate --format %(refname)%00%(objectname)%00%(*objectname) [6ms]
2025-10-17 02:40:17.040 [info] > git status -z -uall [21ms]
2025-10-17 02:40:22.091 [info] > git config --get commit.template [13ms]
2025-10-17 02:40:22.096 [info] > git for-each-ref --format=%(refname)%00%(upstream:short)%00%(objectname)%00%(upstream:track)%00%(upstream:remotename)%00%(upstream:remoteref) refs/heads/main refs/remotes/main [6ms]
2025-10-17 02:40:22.129 [info] > git for-each-ref --sort -committerdate --format %(refname)%00%(objectname)%00%(*objectname) [6ms]
2025-10-17 02:40:22.132 [info] > git status -z -uall [21ms]
2025-10-17 02:40:27.183 [info] > git config --get commit.template [16ms]
2025-10-17 02:40:27.187 [info] > git for-each-ref --format=%(refname)%00%(upstream:short)%00%(objectname)%00%(upstream:track)%00%(upstream:remotename)%00%(upstream:remoteref) refs/heads/main refs/remotes/main [7ms]
2025-10-17 02:40:27.217 [info] > git for-each-ref --sort -committerdate --format %(refname)%00%(objectname)%00%(*objectname) [6ms]
2025-10-17 02:40:27.221 [info] > git status -z -uall [20ms]
2025-10-17 02:40:32.277 [info] > git config --get commit.template [12ms]
2025-10-17 02:40:32.282 [info] > git for-each-ref --format=%(refname)%00%(upstream:short)%00%(objectname)%00%(upstream:track)%00%(upstream:remotename)%00%(upstream:remoteref) refs/heads/main refs/remotes/main [6ms]
2025-10-17 02:40:32.309 [info] > git for-each-ref --sort -committerdate --format %(refname)%00%(objectname)%00%(*objectname) [6ms]
2025-10-17 02:40:32.314 [info] > git status -z -uall [21ms]
2025-10-17 02:40:37.363 [info] > git config --get commit.template [13ms]
2025-10-17 02:40:37.367 [info] > git for-each-ref --format=%(refname)%00%(upstream:short)%00%(objectname)%00%(upstream:track)%00%(upstream:remotename)%00%(upstream:remoteref) refs/heads/main refs/remotes/main [6ms]
2025-10-17 02:40:37.397 [info] > git for-each-ref --sort -committerdate --format %(refname)%00%(objectname)%00%(*objectname) [6ms]
2025-10-17 02:40:37.403 [info] > git status -z -uall [24ms]
2025-10-17 02:40:42.450 [info] > git config --get commit.template [12ms]
2025-10-17 02:40:42.455 [info] > git for-each-ref --format=%(refname)%00%(upstream:short)%00%(objectname)%00%(upstream:track)%00%(upstream:remotename)%00%(upstream:remoteref) refs/heads/main refs/remotes/main [7ms]
2025-10-17 02:40:42.483 [info] > git for-each-ref --sort -committerdate --format %(refname)%00%(objectname)%00%(*objectname) [6ms]
2025-10-17 02:40:42.486 [info] > git status -z -uall [20ms]
2025-10-17 02:40:47.536 [info] > git config --get commit.template [14ms]
2025-10-17 02:40:47.540 [info] > git for-each-ref --format=%(refname)%00%(upstream:short)%00%(objectname)%00%(upstream:track)%00%(upstream:remotename)%00%(upstream:remoteref) refs/heads/main refs/remotes/main [6ms]
2025-10-17 02:40:47.570 [info] > git for-each-ref --sort -committerdate --format %(refname)%00%(objectname)%00%(*objectname) [6ms]
2025-10-17 02:40:47.578 [info] > git status -z -uall [25ms]
2025-10-17 02:40:52.656 [info] > git config --get commit.template [12ms]
2025-10-17 02:40:52.662 [info] > git for-each-ref --format=%(refname)%00%(upstream:short)%00%(objectname)%00%(upstream:track)%00%(upstream:remotename)%00%(upstream:remoteref) refs/heads/main refs/remotes/main [8ms]
2025-10-17 02:40:52.689 [info] > git for-each-ref --sort -committerdate --format %(refname)%00%(objectname)%00%(*objectname) [5ms]
2025-10-17 02:40:52.694 [info] > git status -z -uall [21ms]
2025-10-17 02:40:57.749 [info] > git config --get commit.template [15ms]
2025-10-17 02:40:57.752 [info] > git for-each-ref --format=%(refname)%00%(upstream:short)%00%(objectname)%00%(upstream:track)%00%(upstream:remotename)%00%(upstream:remoteref) refs/heads/main refs/remotes/main [6ms]
2025-10-17 02:40:57.781 [info] > git for-each-ref --sort -committerdate --format %(refname)%00%(objectname)%00%(*objectname) [6ms]
2025-10-17 02:40:57.785 [info] > git status -z -uall [21ms]
2025-10-17 02:41:02.838 [info] > git config --get commit.template [14ms]
2025-10-17 02:41:02.843 [info] > git for-each-ref --format=%(refname)%00%(upstream:short)%00%(objectname)%00%(upstream:track)%00%(upstream:remotename)%00%(upstream:remoteref) refs/heads/main refs/remotes/main [6ms]
2025-10-17 02:41:02.878 [info] > git for-each-ref --sort -committerdate --format %(refname)%00%(objectname)%00%(*objectname) [6ms]
2025-10-17 02:41:02.882 [info] > git status -z -uall [22ms]
2025-10-17 02:41:07.946 [info] > git config --get commit.template [13ms]
2025-10-17 02:41:07.949 [info] > git for-each-ref --format=%(refname)%00%(upstream:short)%00%(objectname)%00%(upstream:track)%00%(upstream:remotename)%00%(upstream:remoteref) refs/heads/main refs/remotes/main [6ms]
2025-10-17 02:41:07.978 [info] > git for-each-ref --sort -committerdate --format %(refname)%00%(objectname)%00%(*objectname) [6ms]
2025-10-17 02:41:08.019 [info] > git status -z -uall [58ms]
2025-10-17 02:41:13.076 [info] > git config --get commit.template [16ms]
2025-10-17 02:41:13.081 [info] > git for-each-ref --format=%(refname)%00%(upstream:short)%00%(objectname)%00%(upstream:track)%00%(upstream:remotename)%00%(upstream:remoteref) refs/heads/main refs/remotes/main [6ms]
2025-10-17 02:41:13.109 [info] > git for-each-ref --sort -committerdate --format %(refname)%00%(objectname)%00%(*objectname) [5ms]
2025-10-17 02:41:13.114 [info] > git status -z -uall [21ms]
2025-10-17 02:41:18.163 [info] > git config --get commit.template [4ms]
2025-10-17 02:41:18.179 [info] > git for-each-ref --format=%(refname)%00%(upstream:short)%00%(objectname)%00%(upstream:track)%00%(upstream:remotename)%00%(upstream:remoteref) refs/heads/main refs/remotes/main [5ms]
2025-10-17 02:41:18.205 [info] > git for-each-ref --sort -committerdate --format %(refname)%00%(objectname)%00%(*objectname) [6ms]
2025-10-17 02:41:18.209 [info] > git status -z -uall [21ms]
2025-10-17 02:41:23.279 [info] > git config --get commit.template [12ms]
2025-10-17 02:41:23.284 [info] > git for-each-ref --format=%(refname)%00%(upstream:short)%00%(objectname)%00%(upstream:track)%00%(upstream:remotename)%00%(upstream:remoteref) refs/heads/main refs/remotes/main [6ms]
2025-10-17 02:41:23.311 [info] > git for-each-ref --sort -committerdate --format %(refname)%00%(objectname)%00%(*objectname) [5ms]
2025-10-17 02:41:23.315 [info] > git status -z -uall [20ms]
2025-10-17 02:41:28.366 [info] > git config --get commit.template [12ms]
2025-10-17 02:41:28.371 [info] > git for-each-ref --format=%(refname)%00%(upstream:short)%00%(objectname)%00%(upstream:track)%00%(upstream:remotename)%00%(upstream:remoteref) refs/heads/main refs/remotes/main [7ms]
2025-10-17 02:41:28.398 [info] > git for-each-ref --sort -committerdate --format %(refname)%00%(objectname)%00%(*objectname) [6ms]
2025-10-17 02:41:28.402 [info] > git status -z -uall [20ms]
2025-10-17 02:41:33.451 [info] > git config --get commit.template [13ms]
2025-10-17 02:41:33.456 [info] > git for-each-ref --format=%(refname)%00%(upstream:short)%00%(objectname)%00%(upstream:track)%00%(upstream:remotename)%00%(upstream:remoteref) refs/heads/main refs/remotes/main [6ms]
2025-10-17 02:41:33.486 [info] > git for-each-ref --sort -committerdate --format %(refname)%00%(objectname)%00%(*objectname) [6ms]
2025-10-17 02:41:33.490 [info] > git status -z -uall [21ms]
2025-10-17 02:41:38.544 [info] > git config --get commit.template [19ms]
2025-10-17 02:41:38.549 [info] > git for-each-ref --format=%(refname)%00%(upstream:short)%00%(objectname)%00%(upstream:track)%00%(upstream:remotename)%00%(upstream:remoteref) refs/heads/main refs/remotes/main [6ms]
2025-10-17 02:41:38.579 [info] > git for-each-ref --sort -committerdate --format %(refname)%00%(objectname)%00%(*objectname) [6ms]
2025-10-17 02:41:38.583 [info] > git status -z -uall [21ms]
2025-10-17 02:41:43.656 [info] > git config --get commit.template [14ms]
2025-10-17 02:41:43.661 [info] > git for-each-ref --format=%(refname)%00%(upstream:short)%00%(objectname)%00%(upstream:track)%00%(upstream:remotename)%00%(upstream:remoteref) refs/heads/main refs/remotes/main [6ms]
2025-10-17 02:41:43.688 [info] > git for-each-ref --sort -committerdate --format %(refname)%00%(objectname)%00%(*objectname) [6ms]
2025-10-17 02:41:43.692 [info] > git status -z -uall [20ms]
2025-10-17 02:41:48.739 [info] > git config --get commit.template [12ms]
2025-10-17 02:41:48.744 [info] > git for-each-ref --format=%(refname)%00%(upstream:short)%00%(objectname)%00%(upstream:track)%00%(upstream:remotename)%00%(upstream:remoteref) refs/heads/main refs/remotes/main [6ms]
2025-10-17 02:41:48.771 [info] > git for-each-ref --sort -committerdate --format %(refname)%00%(objectname)%00%(*objectname) [6ms]
2025-10-17 02:41:48.775 [info] > git status -z -uall [20ms]
2025-10-17 02:41:53.853 [info] > git config --get commit.template [14ms]
2025-10-17 02:41:53.858 [info] > git for-each-ref --format=%(refname)%00%(upstream:short)%00%(objectname)%00%(upstream:track)%00%(upstream:remotename)%00%(upstream:remoteref) refs/heads/main refs/remotes/main [7ms]
2025-10-17 02:41:53.887 [info] > git for-each-ref --sort -committerdate --format %(refname)%00%(objectname)%00%(*objectname) [5ms]
2025-10-17 02:41:53.892 [info] > git status -z -uall [21ms]
2025-10-17 02:41:58.946 [info] > git config --get commit.template [15ms]
2025-10-17 02:41:58.951 [info] > git for-each-ref --format=%(refname)%00%(upstream:short)%00%(objectname)%00%(upstream:track)%00%(upstream:remotename)%00%(upstream:remoteref) refs/heads/main refs/remotes/main [6ms]
2025-10-17 02:41:58.979 [info] > git for-each-ref --sort -committerdate --format %(refname)%00%(objectname)%00%(*objectname) [7ms]
2025-10-17 02:41:59.004 [info] > git status -z -uall [42ms]
2025-10-17 02:42:04.054 [info] > git config --get commit.template [15ms]
2025-10-17 02:42:04.059 [info] > git for-each-ref --format=%(refname)%00%(upstream:short)%00%(objectname)%00%(upstream:track)%00%(upstream:remotename)%00%(upstream:remoteref) refs/heads/main refs/remotes/main [7ms]
2025-10-17 02:42:04.089 [info] > git for-each-ref --sort -committerdate --format %(refname)%00%(objectname)%00%(*objectname) [6ms]
2025-10-17 02:42:04.095 [info] > git status -z -uall [21ms]
2025-10-17 02:42:09.142 [info] > git config --get commit.template [12ms]
2025-10-17 02:42:09.146 [info] > git for-each-ref --format=%(refname)%00%(upstream:short)%00%(objectname)%00%(upstream:track)%00%(upstream:remotename)%00%(upstream:remoteref) refs/heads/main refs/remotes/main [6ms]
2025-10-17 02:42:09.176 [info] > git for-each-ref --sort -committerdate --format %(refname)%00%(objectname)%00%(*objectname) [5ms]
2025-10-17 02:42:09.178 [info] > git status -z -uall [20ms]
2025-10-17 02:42:14.231 [info] > git config --get commit.template [18ms]
2025-10-17 02:42:14.236 [info] > git for-each-ref --format=%(refname)%00%(upstream:short)%00%(objectname)%00%(upstream:track)%00%(upstream:remotename)%00%(upstream:remoteref) refs/heads/main refs/remotes/main [7ms]
2025-10-17 02:42:14.333 [info] > git status -z -uall [82ms]
2025-10-17 02:42:14.333 [info] > git for-each-ref --sort -committerdate --format %(refname)%00%(objectname)%00%(*objectname) [12ms]
2025-10-17 02:42:19.382 [info] > git config --get commit.template [12ms]
2025-10-17 02:42:19.387 [info] > git for-each-ref --format=%(refname)%00%(upstream:short)%00%(objectname)%00%(upstream:track)%00%(upstream:remotename)%00%(upstream:remoteref) refs/heads/main refs/remotes/main [6ms]
2025-10-17 02:42:19.414 [info] > git for-each-ref --sort -committerdate --format %(refname)%00%(objectname)%00%(*objectname) [6ms]
2025-10-17 02:42:19.418 [info] > git status -z -uall [20ms]
2025-10-17 02:42:24.468 [info] > git config --get commit.template [14ms]
2025-10-17 02:42:24.472 [info] > git for-each-ref --format=%(refname)%00%(upstream:short)%00%(objectname)%00%(upstream:track)%00%(upstream:remotename)%00%(upstream:remoteref) refs/heads/main refs/remotes/main [6ms]
2025-10-17 02:42:24.502 [info] > git for-each-ref --sort -committerdate --format %(refname)%00%(objectname)%00%(*objectname) [6ms]
2025-10-17 02:42:24.505 [info] > git status -z -uall [21ms]
2025-10-17 02:42:29.546 [info] > git config --get commit.template [5ms]
2025-10-17 02:42:29.570 [info] > git for-each-ref --format=%(refname)%00%(upstream:short)%00%(objectname)%00%(upstream:track)%00%(upstream:remotename)%00%(upstream:remoteref) refs/heads/main refs/remotes/main [8ms]
2025-10-17 02:42:29.608 [info] > git for-each-ref --sort -committerdate --format %(refname)%00%(objectname)%00%(*objectname) [8ms]
2025-10-17 02:42:29.611 [info] > git status -z -uall [25ms]
2025-10-17 02:42:34.662 [info] > git config --get commit.template [14ms]
2025-10-17 02:42:34.668 [info] > git for-each-ref --format=%(refname)%00%(upstream:short)%00%(objectname)%00%(upstream:track)%00%(upstream:remotename)%00%(upstream:remoteref) refs/heads/main refs/remotes/main [7ms]
2025-10-17 02:42:34.697 [info] > git for-each-ref --sort -committerdate --format %(refname)%00%(objectname)%00%(*objectname) [6ms]
2025-10-17 02:42:34.700 [info] > git status -z -uall [20ms]
2025-10-17 02:42:39.778 [info] > git config --get commit.template [12ms]
2025-10-17 02:42:39.782 [info] > git for-each-ref --format=%(refname)%00%(upstream:short)%00%(objectname)%00%(upstream:track)%00%(upstream:remotename)%00%(upstream:remoteref) refs/heads/main refs/remotes/main [6ms]
2025-10-17 02:42:39.811 [info] > git for-each-ref --sort -committerdate --format %(refname)%00%(objectname)%00%(*objectname) [6ms]
2025-10-17 02:42:39.814 [info] > git status -z -uall [20ms]
2025-10-17 02:42:44.869 [info] > git config --get commit.template [17ms]
2025-10-17 02:42:44.871 [info] > git for-each-ref --format=%(refname)%00%(upstream:short)%00%(objectname)%00%(upstream:track)%00%(upstream:remotename)%00%(upstream:remoteref) refs/heads/main refs/remotes/main [6ms]
2025-10-17 02:42:44.940 [info] > git status -z -uall [58ms]
2025-10-17 02:42:44.941 [info] > git for-each-ref --sort -committerdate --format %(refname)%00%(objectname)%00%(*objectname) [46ms]
2025-10-17 02:42:49.990 [info] > git config --get commit.template [12ms]
2025-10-17 02:42:49.995 [info] > git for-each-ref --format=%(refname)%00%(upstream:short)%00%(objectname)%00%(upstream:track)%00%(upstream:remotename)%00%(upstream:remoteref) refs/heads/main refs/remotes/main [6ms]
2025-10-17 02:42:50.023 [info] > git for-each-ref --sort -committerdate --format %(refname)%00%(objectname)%00%(*objectname) [5ms]
2025-10-17 02:42:50.027 [info] > git status -z -uall [20ms]
2025-10-17 02:42:55.077 [info] > git config --get commit.template [13ms]
2025-10-17 02:42:55.083 [info] > git for-each-ref --format=%(refname)%00%(upstream:short)%00%(objectname)%00%(upstream:track)%00%(upstream:remotename)%00%(upstream:remoteref) refs/heads/main refs/remotes/main [7ms]
2025-10-17 02:42:55.111 [info] > git for-each-ref --sort -committerdate --format %(refname)%00%(objectname)%00%(*objectname) [6ms]
2025-10-17 02:42:55.117 [info] > git status -z -uall [22ms]
2025-10-17 02:43:00.164 [info] > git config --get commit.template [13ms]
2025-10-17 02:43:00.169 [info] > git for-each-ref --format=%(refname)%00%(upstream:short)%00%(objectname)%00%(upstream:track)%00%(upstream:remotename)%00%(upstream:remoteref) refs/heads/main refs/remotes/main [6ms]
2025-10-17 02:43:00.197 [info] > git for-each-ref --sort -committerdate --format %(refname)%00%(objectname)%00%(*objectname) [5ms]
2025-10-17 02:43:00.202 [info] > git status -z -uall [22ms]
2025-10-17 02:43:05.250 [info] > git config --get commit.template [13ms]
2025-10-17 02:43:05.256 [info] > git for-each-ref --format=%(refname)%00%(upstream:short)%00%(objectname)%00%(upstream:track)%00%(upstream:remotename)%00%(upstream:remoteref) refs/heads/main refs/remotes/main [7ms]
2025-10-17 02:43:05.288 [info] > git for-each-ref --sort -committerdate --format %(refname)%00%(objectname)%00%(*objectname) [6ms]
2025-10-17 02:43:05.327 [info] > git status -z -uall [57ms]
2025-10-17 02:43:10.382 [info] > git config --get commit.template [13ms]
2025-10-17 02:43:10.388 [info] > git for-each-ref --format=%(refname)%00%(upstream:short)%00%(objectname)%00%(upstream:track)%00%(upstream:remotename)%00%(upstream:remoteref) refs/heads/main refs/remotes/main [6ms]
2025-10-17 02:43:10.417 [info] > git for-each-ref --sort -committerdate --format %(refname)%00%(objectname)%00%(*objectname) [6ms]
2025-10-17 02:43:10.420 [info] > git status -z -uall [20ms]
2025-10-17 02:43:15.473 [info] > git config --get commit.template [13ms]
2025-10-17 02:43:15.478 [info] > git for-each-ref --format=%(refname)%00%(upstream:short)%00%(objectname)%00%(upstream:track)%00%(upstream:remotename)%00%(upstream:remoteref) refs/heads/main refs/remotes/main [6ms]
2025-10-17 02:43:15.504 [info] > git for-each-ref --sort -committerdate --format %(refname)%00%(objectname)%00%(*objectname) [5ms]
2025-10-17 02:43:15.508 [info] > git status -z -uall [20ms]
2025-10-17 02:43:20.599 [info] > git config --get commit.template [13ms]
2025-10-17 02:43:20.604 [info] > git for-each-ref --format=%(refname)%00%(upstream:short)%00%(objectname)%00%(upstream:track)%00%(upstream:remotename)%00%(upstream:remoteref) refs/heads/main refs/remotes/main [6ms]
2025-10-17 02:43:20.632 [info] > git for-each-ref --sort -committerdate --format %(refname)%00%(objectname)%00%(*objectname) [5ms]
2025-10-17 02:43:20.637 [info] > git status -z -uall [21ms]
2025-10-17 02:43:25.691 [info] > git config --get commit.template [13ms]
2025-10-17 02:43:25.696 [info] > git for-each-ref --format=%(refname)%00%(upstream:short)%00%(objectname)%00%(upstream:track)%00%(upstream:remotename)%00%(upstream:remoteref) refs/heads/main refs/remotes/main [6ms]
2025-10-17 02:43:25.728 [info] > git for-each-ref --sort -committerdate --format %(refname)%00%(objectname)%00%(*objectname) [6ms]
2025-10-17 02:43:25.747 [info] > git status -z -uall [37ms]
2025-10-17 02:43:30.797 [info] > git config --get commit.template [13ms]
2025-10-17 02:43:30.802 [info] > git for-each-ref --format=%(refname)%00%(upstream:short)%00%(objectname)%00%(upstream:track)%00%(upstream:remotename)%00%(upstream:remoteref) refs/heads/main refs/remotes/main [7ms]
2025-10-17 02:43:30.831 [info] > git for-each-ref --sort -committerdate --format %(refname)%00%(objectname)%00%(*objectname) [6ms]
2025-10-17 02:43:30.835 [info] > git status -z -uall [21ms]
2025-10-17 02:43:35.917 [info] > git config --get commit.template [12ms]
2025-10-17 02:43:35.922 [info] > git for-each-ref --format=%(refname)%00%(upstream:short)%00%(objectname)%00%(upstream:track)%00%(upstream:remotename)%00%(upstream:remoteref) refs/heads/main refs/remotes/main [6ms]
2025-10-17 02:43:35.951 [info] > git for-each-ref --sort -committerdate --format %(refname)%00%(objectname)%00%(*objectname) [6ms]
2025-10-17 02:43:35.955 [info] > git status -z -uall [20ms]
2025-10-17 02:43:41.002 [info] > git config --get commit.template [12ms]
2025-10-17 02:43:41.007 [info] > git for-each-ref --format=%(refname)%00%(upstream:short)%00%(objectname)%00%(upstream:track)%00%(upstream:remotename)%00%(upstream:remoteref) refs/heads/main refs/remotes/main [6ms]
2025-10-17 02:43:41.034 [info] > git for-each-ref --sort -committerdate --format %(refname)%00%(objectname)%00%(*objectname) [6ms]
2025-10-17 02:43:41.038 [info] > git status -z -uall [21ms]
2025-10-17 02:43:46.089 [info] > git config --get commit.template [13ms]
2025-10-17 02:43:46.094 [info] > git for-each-ref --format=%(refname)%00%(upstream:short)%00%(objectname)%00%(upstream:track)%00%(upstream:remotename)%00%(upstream:remoteref) refs/heads/main refs/remotes/main [7ms]
2025-10-17 02:43:46.120 [info] > git for-each-ref --sort -committerdate --format %(refname)%00%(objectname)%00%(*objectname) [5ms]
2025-10-17 02:43:46.124 [info] > git status -z -uall [20ms]
2025-10-17 02:43:51.174 [info] > git config --get commit.template [14ms]
2025-10-17 02:43:51.179 [info] > git for-each-ref --format=%(refname)%00%(upstream:short)%00%(objectname)%00%(upstream:track)%00%(upstream:remotename)%00%(upstream:remoteref) refs/heads/main refs/remotes/main [6ms]
2025-10-17 02:43:51.206 [info] > git for-each-ref --sort -committerdate --format %(refname)%00%(objectname)%00%(*objectname) [6ms]
2025-10-17 02:43:51.210 [info] > git status -z -uall [20ms]
2025-10-17 02:43:56.464 [info] > git config --get commit.template [16ms]
2025-10-17 02:43:56.469 [info] > git for-each-ref --format=%(refname)%00%(upstream:short)%00%(objectname)%00%(upstream:track)%00%(upstream:remotename)%00%(upstream:remoteref) refs/heads/main refs/remotes/main [6ms]
2025-10-17 02:43:56.498 [info] > git for-each-ref --sort -committerdate --format %(refname)%00%(objectname)%00%(*objectname) [6ms]
2025-10-17 02:43:56.501 [info] > git status -z -uall [20ms]
2025-10-17 02:44:01.549 [info] > git config --get commit.template [14ms]
2025-10-17 02:44:01.555 [info] > git for-each-ref --format=%(refname)%00%(upstream:short)%00%(objectname)%00%(upstream:track)%00%(upstream:remotename)%00%(upstream:remoteref) refs/heads/main refs/remotes/main [8ms]
2025-10-17 02:44:01.584 [info] > git for-each-ref --sort -committerdate --format %(refname)%00%(objectname)%00%(*objectname) [6ms]
2025-10-17 02:44:01.587 [info] > git status -z -uall [19ms]
2025-10-17 02:44:06.635 [info] > git config --get commit.template [13ms]
2025-10-17 02:44:06.640 [info] > git for-each-ref --format=%(refname)%00%(upstream:short)%00%(objectname)%00%(upstream:track)%00%(upstream:remotename)%00%(upstream:remoteref) refs/heads/main refs/remotes/main [6ms]
2025-10-17 02:44:06.667 [info] > git for-each-ref --sort -committerdate --format %(refname)%00%(objectname)%00%(*objectname) [6ms]
2025-10-17 02:44:06.671 [info] > git status -z -uall [20ms]
2025-10-17 02:44:11.722 [info] > git config --get commit.template [14ms]
2025-10-17 02:44:11.727 [info] > git for-each-ref --format=%(refname)%00%(upstream:short)%00%(objectname)%00%(upstream:track)%00%(upstream:remotename)%00%(upstream:remoteref) refs/heads/main refs/remotes/main [6ms]
2025-10-17 02:44:11.753 [info] > git for-each-ref --sort -committerdate --format %(refname)%00%(objectname)%00%(*objectname) [5ms]
2025-10-17 02:44:11.758 [info] > git status -z -uall [21ms]
2025-10-17 02:44:16.845 [info] > git config --get commit.template [12ms]
2025-10-17 02:44:16.850 [info] > git for-each-ref --format=%(refname)%00%(upstream:short)%00%(objectname)%00%(upstream:track)%00%(upstream:remotename)%00%(upstream:remoteref) refs/heads/main refs/remotes/main [6ms]
2025-10-17 02:44:16.879 [info] > git for-each-ref --sort -committerdate --format %(refname)%00%(objectname)%00%(*objectname) [6ms]
2025-10-17 02:44:16.919 [info] > git status -z -uall [57ms]
2025-10-17 02:44:21.968 [info] > git config --get commit.template [14ms]
2025-10-17 02:44:21.973 [info] > git for-each-ref --format=%(refname)%00%(upstream:short)%00%(objectname)%00%(upstream:track)%00%(upstream:remotename)%00%(upstream:remoteref) refs/heads/main refs/remotes/main [6ms]
2025-10-17 02:44:21.999 [info] > git for-each-ref --sort -committerdate --format %(refname)%00%(objectname)%00%(*objectname) [6ms]
2025-10-17 02:44:22.003 [info] > git status -z -uall [20ms]
2025-10-17 02:44:27.059 [info] > git config --get commit.template [18ms]
2025-10-17 02:44:27.064 [info] > git for-each-ref --format=%(refname)%00%(upstream:short)%00%(objectname)%00%(upstream:track)%00%(upstream:remotename)%00%(upstream:remoteref) refs/heads/main refs/remotes/main [12ms]
2025-10-17 02:44:27.092 [info] > git for-each-ref --sort -committerdate --format %(refname)%00%(objectname)%00%(*objectname) [6ms]
2025-10-17 02:44:27.096 [info] > git status -z -uall [21ms]
2025-10-17 02:44:32.141 [info] > git config --get commit.template [12ms]
2025-10-17 02:44:32.146 [info] > git for-each-ref --format=%(refname)%00%(upstream:short)%00%(objectname)%00%(upstream:track)%00%(upstream:remotename)%00%(upstream:remoteref) refs/heads/main refs/remotes/main [6ms]
2025-10-17 02:44:32.174 [info] > git for-each-ref --sort -committerdate --format %(refname)%00%(objectname)%00%(*objectname) [6ms]
2025-10-17 02:44:32.179 [info] > git status -z -uall [22ms]
2025-10-17 02:44:37.228 [info] > git config --get commit.template [12ms]
2025-10-17 02:44:37.233 [info] > git for-each-ref --format=%(refname)%00%(upstream:short)%00%(objectname)%00%(upstream:track)%00%(upstream:remotename)%00%(upstream:remoteref) refs/heads/main refs/remotes/main [6ms]
2025-10-17 02:44:37.260 [info] > git for-each-ref --sort -committerdate --format %(refname)%00%(objectname)%00%(*objectname) [6ms]
2025-10-17 02:44:37.264 [info] > git status -z -uall [21ms]
2025-10-17 02:44:42.341 [info] > git config --get commit.template [12ms]
2025-10-17 02:44:42.346 [info] > git for-each-ref --format=%(refname)%00%(upstream:short)%00%(objectname)%00%(upstream:track)%00%(upstream:remotename)%00%(upstream:remoteref) refs/heads/main refs/remotes/main [6ms]
2025-10-17 02:44:42.372 [info] > git for-each-ref --sort -committerdate --format %(refname)%00%(objectname)%00%(*objectname) [5ms]
2025-10-17 02:44:42.376 [info] > git status -z -uall [19ms]
2025-10-17 02:44:47.463 [info] > git config --get commit.template [13ms]
2025-10-17 02:44:47.468 [info] > git for-each-ref --format=%(refname)%00%(upstream:short)%00%(objectname)%00%(upstream:track)%00%(upstream:remotename)%00%(upstream:remoteref) refs/heads/main refs/remotes/main [6ms]
2025-10-17 02:44:47.498 [info] > git for-each-ref --sort -committerdate --format %(refname)%00%(objectname)%00%(*objectname) [7ms]
2025-10-17 02:44:47.501 [info] > git status -z -uall [22ms]
2025-10-17 02:44:52.552 [info] > git config --get commit.template [15ms]
2025-10-17 02:44:52.558 [info] > git for-each-ref --format=%(refname)%00%(upstream:short)%00%(objectname)%00%(upstream:track)%00%(upstream:remotename)%00%(upstream:remoteref) refs/heads/main refs/remotes/main [8ms]
2025-10-17 02:44:52.588 [info] > git for-each-ref --sort -committerdate --format %(refname)%00%(objectname)%00%(*objectname) [6ms]
2025-10-17 02:44:52.592 [info] > git status -z -uall [21ms]
2025-10-17 02:44:57.644 [info] > git config --get commit.template [14ms]
2025-10-17 02:44:57.648 [info] > git for-each-ref --format=%(refname)%00%(upstream:short)%00%(objectname)%00%(upstream:track)%00%(upstream:remotename)%00%(upstream:remoteref) refs/heads/main refs/remotes/main [6ms]
2025-10-17 02:44:57.679 [info] > git for-each-ref --sort -committerdate --format %(refname)%00%(objectname)%00%(*objectname) [6ms]
2025-10-17 02:44:57.683 [info] > git status -z -uall [21ms]
2025-10-17 02:45:02.734 [info] > git config --get commit.template [14ms]
2025-10-17 02:45:02.738 [info] > git for-each-ref --format=%(refname)%00%(upstream:short)%00%(objectname)%00%(upstream:track)%00%(upstream:remotename)%00%(upstream:remoteref) refs/heads/main refs/remotes/main [6ms]
2025-10-17 02:45:02.768 [info] > git for-each-ref --sort -committerdate --format %(refname)%00%(objectname)%00%(*objectname) [6ms]
2025-10-17 02:45:02.771 [info] > git status -z -uall [20ms]
2025-10-17 02:45:07.855 [info] > git config --get commit.template [13ms]
2025-10-17 02:45:07.860 [info] > git for-each-ref --format=%(refname)%00%(upstream:short)%00%(objectname)%00%(upstream:track)%00%(upstream:remotename)%00%(upstream:remoteref) refs/heads/main refs/remotes/main [6ms]
2025-10-17 02:45:07.887 [info] > git for-each-ref --sort -committerdate --format %(refname)%00%(objectname)%00%(*objectname) [6ms]
2025-10-17 02:45:07.892 [info] > git status -z -uall [21ms]
2025-10-17 02:45:12.941 [info] > git config --get commit.template [13ms]
2025-10-17 02:45:12.946 [info] > git for-each-ref --format=%(refname)%00%(upstream:short)%00%(objectname)%00%(upstream:track)%00%(upstream:remotename)%00%(upstream:remoteref) refs/heads/main refs/remotes/main [6ms]
2025-10-17 02:45:12.974 [info] > git for-each-ref --sort -committerdate --format %(refname)%00%(objectname)%00%(*objectname) [6ms]
2025-10-17 02:45:12.978 [info] > git status -z -uall [19ms]
2025-10-17 02:45:18.054 [info] > git config --get commit.template [17ms]
2025-10-17 02:45:18.059 [info] > git for-each-ref --format=%(refname)%00%(upstream:short)%00%(objectname)%00%(upstream:track)%00%(upstream:remotename)%00%(upstream:remoteref) refs/heads/main refs/remotes/main [6ms]
2025-10-17 02:45:18.103 [info] > git for-each-ref --sort -committerdate --format %(refname)%00%(objectname)%00%(*objectname) [6ms]
2025-10-17 02:45:18.106 [info] > git status -z -uall [20ms]
2025-10-17 02:45:23.156 [info] > git config --get commit.template [13ms]
2025-10-17 02:45:23.161 [info] > git for-each-ref --format=%(refname)%00%(upstream:short)%00%(objectname)%00%(upstream:track)%00%(upstream:remotename)%00%(upstream:remoteref) refs/heads/main refs/remotes/main [6ms]
2025-10-17 02:45:23.190 [info] > git for-each-ref --sort -committerdate --format %(refname)%00%(objectname)%00%(*objectname) [6ms]
2025-10-17 02:45:23.193 [info] > git status -z -uall [20ms]
2025-10-17 02:45:28.236 [info] > git config --get commit.template [5ms]
2025-10-17 02:45:28.288 [info] > git for-each-ref --format=%(refname)%00%(upstream:short)%00%(objectname)%00%(upstream:track)%00%(upstream:remotename)%00%(upstream:remoteref) refs/heads/main refs/remotes/main [19ms]
2025-10-17 02:45:28.364 [info] > git status -z -uall [28ms]
2025-10-17 02:45:28.378 [info] > git for-each-ref --sort -committerdate --format %(refname)%00%(objectname)%00%(*objectname) [29ms]
2025-10-17 02:45:33.520 [info] > git config --get commit.template [14ms]
2025-10-17 02:45:33.525 [info] > git for-each-ref --format=%(refname)%00%(upstream:short)%00%(objectname)%00%(upstream:track)%00%(upstream:remotename)%00%(upstream:remoteref) refs/heads/main refs/remotes/main [6ms]
2025-10-17 02:45:33.558 [info] > git for-each-ref --sort -committerdate --format %(refname)%00%(objectname)%00%(*objectname) [7ms]
2025-10-17 02:45:33.561 [info] > git status -z -uall [22ms]
2025-10-17 02:45:38.608 [info] > git config --get commit.template [13ms]
2025-10-17 02:45:38.614 [info] > git for-each-ref --format=%(refname)%00%(upstream:short)%00%(objectname)%00%(upstream:track)%00%(upstream:remotename)%00%(upstream:remoteref) refs/heads/main refs/remotes/main [7ms]
2025-10-17 02:45:38.642 [info] > git for-each-ref --sort -committerdate --format %(refname)%00%(objectname)%00%(*objectname) [6ms]
2025-10-17 02:45:38.646 [info] > git status -z -uall [21ms]
2025-10-17 02:45:43.732 [info] > git config --get commit.template [12ms]
2025-10-17 02:45:43.736 [info] > git for-each-ref --format=%(refname)%00%(upstream:short)%00%(objectname)%00%(upstream:track)%00%(upstream:remotename)%00%(upstream:remoteref) refs/heads/main refs/remotes/main [5ms]
2025-10-17 02:45:43.764 [info] > git for-each-ref --sort -committerdate --format %(refname)%00%(objectname)%00%(*objectname) [6ms]
2025-10-17 02:45:43.767 [info] > git status -z -uall [20ms]
2025-10-17 02:45:48.815 [info] > git config --get commit.template [13ms]
2025-10-17 02:45:48.820 [info] > git for-each-ref --format=%(refname)%00%(upstream:short)%00%(objectname)%00%(upstream:track)%00%(upstream:remotename)%00%(upstream:remoteref) refs/heads/main refs/remotes/main [6ms]
2025-10-17 02:45:48.848 [info] > git for-each-ref --sort -committerdate --format %(refname)%00%(objectname)%00%(*objectname) [6ms]
2025-10-17 02:45:48.851 [info] > git status -z -uall [20ms]
2025-10-17 02:45:53.925 [info] > git config --get commit.template [14ms]
2025-10-17 02:45:53.930 [info] > git for-each-ref --format=%(refname)%00%(upstream:short)%00%(objectname)%00%(upstream:track)%00%(upstream:remotename)%00%(upstream:remoteref) refs/heads/main refs/remotes/main [6ms]
2025-10-17 02:45:53.962 [info] > git for-each-ref --sort -committerdate --format %(refname)%00%(objectname)%00%(*objectname) [6ms]
2025-10-17 02:45:53.966 [info] > git status -z -uall [22ms]
2025-10-17 02:45:59.013 [info] > git config --get commit.template [13ms]
2025-10-17 02:45:59.018 [info] > git for-each-ref --format=%(refname)%00%(upstream:short)%00%(objectname)%00%(upstream:track)%00%(upstream:remotename)%00%(upstream:remoteref) refs/heads/main refs/remotes/main [7ms]
2025-10-17 02:45:59.045 [info] > git for-each-ref --sort -committerdate --format %(refname)%00%(objectname)%00%(*objectname) [6ms]
2025-10-17 02:45:59.050 [info] > git status -z -uall [21ms]
2025-10-17 02:46:04.097 [info] > git config --get commit.template [13ms]
2025-10-17 02:46:04.103 [info] > git for-each-ref --format=%(refname)%00%(upstream:short)%00%(objectname)%00%(upstream:track)%00%(upstream:remotename)%00%(upstream:remoteref) refs/heads/main refs/remotes/main [7ms]
2025-10-17 02:46:04.132 [info] > git for-each-ref --sort -committerdate --format %(refname)%00%(objectname)%00%(*objectname) [7ms]
2025-10-17 02:46:04.135 [info] > git status -z -uall [21ms]
2025-10-17 02:46:09.185 [info] > git config --get commit.template [11ms]
2025-10-17 02:46:09.190 [info] > git for-each-ref --format=%(refname)%00%(upstream:short)%00%(objectname)%00%(upstream:track)%00%(upstream:remotename)%00%(upstream:remoteref) refs/heads/main refs/remotes/main [6ms]
2025-10-17 02:46:09.215 [info] > git for-each-ref --sort -committerdate --format %(refname)%00%(objectname)%00%(*objectname) [6ms]
2025-10-17 02:46:09.221 [info] > git status -z -uall [21ms]
2025-10-17 02:46:14.313 [info] > git config --get commit.template [12ms]
2025-10-17 02:46:14.318 [info] > git for-each-ref --format=%(refname)%00%(upstream:short)%00%(objectname)%00%(upstream:track)%00%(upstream:remotename)%00%(upstream:remoteref) refs/heads/main refs/remotes/main [7ms]
2025-10-17 02:46:14.350 [info] > git status -z -uall [20ms]
2025-10-17 02:46:14.354 [info] > git for-each-ref --sort -committerdate --format %(refname)%00%(objectname)%00%(*objectname) [8ms]
2025-10-17 02:46:19.397 [info] > git config --get commit.template [12ms]
2025-10-17 02:46:19.401 [info] > git for-each-ref --format=%(refname)%00%(upstream:short)%00%(objectname)%00%(upstream:track)%00%(upstream:remotename)%00%(upstream:remoteref) refs/heads/main refs/remotes/main [6ms]
2025-10-17 02:46:19.434 [info] > git for-each-ref --sort -committerdate --format %(refname)%00%(objectname)%00%(*objectname) [9ms]
2025-10-17 02:46:19.438 [info] > git status -z -uall [24ms]
2025-10-17 02:46:24.552 [info] > git config --get commit.template [19ms]
2025-10-17 02:46:24.583 [info] > git for-each-ref --format=%(refname)%00%(upstream:short)%00%(objectname)%00%(upstream:track)%00%(upstream:remotename)%00%(upstream:remoteref) refs/heads/main refs/remotes/main [36ms]
2025-10-17 02:46:24.720 [info] > git for-each-ref --sort -committerdate --format %(refname)%00%(objectname)%00%(*objectname) [11ms]
2025-10-17 02:46:24.727 [info] > git status -z -uall [97ms]
2025-10-17 02:46:29.783 [info] > git config --get commit.template [16ms]
2025-10-17 02:46:29.786 [info] > git for-each-ref --format=%(refname)%00%(upstream:short)%00%(objectname)%00%(upstream:track)%00%(upstream:remotename)%00%(upstream:remoteref) refs/heads/main refs/remotes/main [7ms]
2025-10-17 02:46:29.816 [info] > git for-each-ref --sort -committerdate --format %(refname)%00%(objectname)%00%(*objectname) [6ms]
2025-10-17 02:46:29.820 [info] > git status -z -uall [22ms]
2025-10-17 02:46:34.884 [info] > git config --get commit.template [17ms]
2025-10-17 02:46:34.889 [info] > git for-each-ref --format=%(refname)%00%(upstream:short)%00%(objectname)%00%(upstream:track)%00%(upstream:remotename)%00%(upstream:remoteref) refs/heads/main refs/remotes/main [6ms]
2025-10-17 02:46:34.918 [info] > git for-each-ref --sort -committerdate --format %(refname)%00%(objectname)%00%(*objectname) [6ms]
2025-10-17 02:46:34.923 [info] > git status -z -uall [22ms]
2025-10-17 02:46:39.971 [info] > git config --get commit.template [11ms]
2025-10-17 02:46:39.976 [info] > git for-each-ref --format=%(refname)%00%(upstream:short)%00%(objectname)%00%(upstream:track)%00%(upstream:remotename)%00%(upstream:remoteref) refs/heads/main refs/remotes/main [6ms]
2025-10-17 02:46:40.005 [info] > git for-each-ref --sort -committerdate --format %(refname)%00%(objectname)%00%(*objectname) [6ms]
2025-10-17 02:46:40.010 [info] > git status -z -uall [22ms]
2025-10-17 02:46:45.059 [info] > git config --get commit.template [12ms]
2025-10-17 02:46:45.065 [info] > git for-each-ref --format=%(refname)%00%(upstream:short)%00%(objectname)%00%(upstream:track)%00%(upstream:remotename)%00%(upstream:remoteref) refs/heads/main refs/remotes/main [7ms]
2025-10-17 02:46:45.096 [info] > git for-each-ref --sort -committerdate --format %(refname)%00%(objectname)%00%(*objectname) [7ms]
2025-10-17 02:46:45.098 [info] > git status -z -uall [21ms]
2025-10-17 02:46:50.181 [info] > git config --get commit.template [12ms]
2025-10-17 02:46:50.186 [info] > git for-each-ref --format=%(refname)%00%(upstream:short)%00%(objectname)%00%(upstream:track)%00%(upstream:remotename)%00%(upstream:remoteref) refs/heads/main refs/remotes/main [6ms]
2025-10-17 02:46:50.219 [info] > git status -z -uall [22ms]
2025-10-17 02:46:50.220 [info] > git for-each-ref --sort -committerdate --format %(refname)%00%(objectname)%00%(*objectname) [11ms]
2025-10-17 02:46:55.274 [info] > git config --get commit.template [16ms]
2025-10-17 02:46:55.279 [info] > git for-each-ref --format=%(refname)%00%(upstream:short)%00%(objectname)%00%(upstream:track)%00%(upstream:remotename)%00%(upstream:remoteref) refs/heads/main refs/remotes/main [7ms]
2025-10-17 02:46:55.310 [info] > git for-each-ref --sort -committerdate --format %(refname)%00%(objectname)%00%(*objectname) [6ms]
2025-10-17 02:46:55.314 [info] > git status -z -uall [21ms]
2025-10-17 02:47:00.355 [info] > git config --get commit.template [9ms]
2025-10-17 02:47:00.360 [info] > git for-each-ref --format=%(refname)%00%(upstream:short)%00%(objectname)%00%(upstream:track)%00%(upstream:remotename)%00%(upstream:remoteref) refs/heads/main refs/remotes/main [6ms]
2025-10-17 02:47:00.387 [info] > git for-each-ref --sort -committerdate --format %(refname)%00%(objectname)%00%(*objectname) [6ms]
2025-10-17 02:47:00.392 [info] > git status -z -uall [21ms]
2025-10-17 02:47:05.446 [info] > git config --get commit.template [17ms]
2025-10-17 02:47:05.451 [info] > git for-each-ref --format=%(refname)%00%(upstream:short)%00%(objectname)%00%(upstream:track)%00%(upstream:remotename)%00%(upstream:remoteref) refs/heads/main refs/remotes/main [7ms]
2025-10-17 02:47:05.483 [info] > git for-each-ref --sort -committerdate --format %(refname)%00%(objectname)%00%(*objectname) [6ms]
2025-10-17 02:47:05.486 [info] > git status -z -uall [21ms]
2025-10-17 02:47:10.540 [info] > git config --get commit.template [5ms]
2025-10-17 02:47:10.560 [info] > git for-each-ref --format=%(refname)%00%(upstream:short)%00%(objectname)%00%(upstream:track)%00%(upstream:remotename)%00%(upstream:remoteref) refs/heads/main refs/remotes/main [6ms]
2025-10-17 02:47:10.593 [info] > git for-each-ref --sort -committerdate --format %(refname)%00%(objectname)%00%(*objectname) [7ms]
2025-10-17 02:47:10.596 [info] > git status -z -uall [22ms]
2025-10-17 02:47:15.652 [info] > git config --get commit.template [13ms]
2025-10-17 02:47:15.658 [info] > git for-each-ref --format=%(refname)%00%(upstream:short)%00%(objectname)%00%(upstream:track)%00%(upstream:remotename)%00%(upstream:remoteref) refs/heads/main refs/remotes/main [7ms]
2025-10-17 02:47:15.689 [info] > git for-each-ref --sort -committerdate --format %(refname)%00%(objectname)%00%(*objectname) [6ms]
2025-10-17 02:47:15.691 [info] > git status -z -uall [21ms]
2025-10-17 02:47:20.753 [info] > git config --get commit.template [15ms]
2025-10-17 02:47:20.757 [info] > git for-each-ref --format=%(refname)%00%(upstream:short)%00%(objectname)%00%(upstream:track)%00%(upstream:remotename)%00%(upstream:remoteref) refs/heads/main refs/remotes/main [6ms]
2025-10-17 02:47:20.792 [info] > git for-each-ref --sort -committerdate --format %(refname)%00%(objectname)%00%(*objectname) [6ms]
2025-10-17 02:47:20.794 [info] > git status -z -uall [22ms]
2025-10-17 02:47:25.850 [info] > git config --get commit.template [14ms]
2025-10-17 02:47:25.855 [info] > git for-each-ref --format=%(refname)%00%(upstream:short)%00%(objectname)%00%(upstream:track)%00%(upstream:remotename)%00%(upstream:remoteref) refs/heads/main refs/remotes/main [6ms]
2025-10-17 02:47:25.883 [info] > git for-each-ref --sort -committerdate --format %(refname)%00%(objectname)%00%(*objectname) [5ms]
2025-10-17 02:47:25.889 [info] > git status -z -uall [22ms]
2025-10-17 02:47:30.938 [info] > git config --get commit.template [16ms]
2025-10-17 02:47:30.943 [info] > git for-each-ref --format=%(refname)%00%(upstream:short)%00%(objectname)%00%(upstream:track)%00%(upstream:remotename)%00%(upstream:remoteref) refs/heads/main refs/remotes/main [6ms]
2025-10-17 02:47:30.971 [info] > git for-each-ref --sort -committerdate --format %(refname)%00%(objectname)%00%(*objectname) [5ms]
2025-10-17 02:47:30.975 [info] > git status -z -uall [21ms]
2025-10-17 02:47:36.024 [info] > git config --get commit.template [12ms]
2025-10-17 02:47:36.028 [info] > git for-each-ref --format=%(refname)%00%(upstream:short)%00%(objectname)%00%(upstream:track)%00%(upstream:remotename)%00%(upstream:remoteref) refs/heads/main refs/remotes/main [6ms]
2025-10-17 02:47:36.058 [info] > git for-each-ref --sort -committerdate --format %(refname)%00%(objectname)%00%(*objectname) [7ms]
2025-10-17 02:47:36.061 [info] > git status -z -uall [22ms]
2025-10-17 02:47:41.124 [info] > git config --get commit.template [12ms]
2025-10-17 02:47:41.130 [info] > git for-each-ref --format=%(refname)%00%(upstream:short)%00%(objectname)%00%(upstream:track)%00%(upstream:remotename)%00%(upstream:remoteref) refs/heads/main refs/remotes/main [7ms]
2025-10-17 02:47:41.159 [info] > git for-each-ref --sort -committerdate --format %(refname)%00%(objectname)%00%(*objectname) [6ms]
2025-10-17 02:47:41.162 [info] > git status -z -uall [21ms]
2025-10-17 02:47:46.226 [info] > git config --get commit.template [14ms]
2025-10-17 02:47:46.231 [info] > git for-each-ref --format=%(refname)%00%(upstream:short)%00%(objectname)%00%(upstream:track)%00%(upstream:remotename)%00%(upstream:remoteref) refs/heads/main refs/remotes/main [7ms]
2025-10-17 02:47:46.265 [info] > git for-each-ref --sort -committerdate --format %(refname)%00%(objectname)%00%(*objectname) [7ms]
2025-10-17 02:47:46.268 [info] > git status -z -uall [22ms]
2025-10-17 02:47:51.317 [info] > git config --get commit.template [13ms]
2025-10-17 02:47:51.321 [info] > git for-each-ref --format=%(refname)%00%(upstream:short)%00%(objectname)%00%(upstream:track)%00%(upstream:remotename)%00%(upstream:remoteref) refs/heads/main refs/remotes/main [5ms]
2025-10-17 02:47:51.352 [info] > git for-each-ref --sort -committerdate --format %(refname)%00%(objectname)%00%(*objectname) [6ms]
2025-10-17 02:47:51.354 [info] > git status -z -uall [21ms]
2025-10-17 02:47:56.406 [info] > git config --get commit.template [15ms]
2025-10-17 02:47:56.411 [info] > git for-each-ref --format=%(refname)%00%(upstream:short)%00%(objectname)%00%(upstream:track)%00%(upstream:remotename)%00%(upstream:remoteref) refs/heads/main refs/remotes/main [6ms]
2025-10-17 02:47:56.446 [info] > git status -z -uall [22ms]
2025-10-17 02:47:56.447 [info] > git for-each-ref --sort -committerdate --format %(refname)%00%(objectname)%00%(*objectname) [7ms]
2025-10-17 02:48:01.523 [info] > git config --get commit.template [14ms]
2025-10-17 02:48:01.527 [info] > git for-each-ref --format=%(refname)%00%(upstream:short)%00%(objectname)%00%(upstream:track)%00%(upstream:remotename)%00%(upstream:remoteref) refs/heads/main refs/remotes/main [6ms]
2025-10-17 02:48:01.555 [info] > git for-each-ref --sort -committerdate --format %(refname)%00%(objectname)%00%(*objectname) [6ms]
2025-10-17 02:48:01.559 [info] > git status -z -uall [20ms]
2025-10-17 02:48:06.608 [info] > git config --get commit.template [13ms]
2025-10-17 02:48:06.613 [info] > git for-each-ref --format=%(refname)%00%(upstream:short)%00%(objectname)%00%(upstream:track)%00%(upstream:remotename)%00%(upstream:remoteref) refs/heads/main refs/remotes/main [7ms]
2025-10-17 02:48:06.645 [info] > git for-each-ref --sort -committerdate --format %(refname)%00%(objectname)%00%(*objectname) [6ms]
2025-10-17 02:48:06.648 [info] > git status -z -uall [21ms]
2025-10-17 02:48:11.722 [info] > git config --get commit.template [14ms]
2025-10-17 02:48:11.726 [info] > git for-each-ref --format=%(refname)%00%(upstream:short)%00%(objectname)%00%(upstream:track)%00%(upstream:remotename)%00%(upstream:remoteref) refs/heads/main refs/remotes/main [6ms]
2025-10-17 02:48:11.760 [info] > git for-each-ref --sort -committerdate --format %(refname)%00%(objectname)%00%(*objectname) [7ms]
2025-10-17 02:48:11.763 [info] > git status -z -uall [21ms]
2025-10-17 02:48:16.815 [info] > git config --get commit.template [14ms]
2025-10-17 02:48:16.819 [info] > git for-each-ref --format=%(refname)%00%(upstream:short)%00%(objectname)%00%(upstream:track)%00%(upstream:remotename)%00%(upstream:remoteref) refs/heads/main refs/remotes/main [6ms]
2025-10-17 02:48:16.848 [info] > git for-each-ref --sort -committerdate --format %(refname)%00%(objectname)%00%(*objectname) [6ms]
2025-10-17 02:48:16.853 [info] > git status -z -uall [21ms]
2025-10-17 02:48:21.905 [info] > git config --get commit.template [15ms]
2025-10-17 02:48:21.910 [info] > git for-each-ref --format=%(refname)%00%(upstream:short)%00%(objectname)%00%(upstream:track)%00%(upstream:remotename)%00%(upstream:remoteref) refs/heads/main refs/remotes/main [6ms]
2025-10-17 02:48:21.943 [info] > git for-each-ref --sort -committerdate --format %(refname)%00%(objectname)%00%(*objectname) [6ms]
2025-10-17 02:48:21.946 [info] > git status -z -uall [23ms]
2025-10-17 02:48:26.995 [info] > git config --get commit.template [14ms]
2025-10-17 02:48:27.000 [info] > git for-each-ref --format=%(refname)%00%(upstream:short)%00%(objectname)%00%(upstream:track)%00%(upstream:remotename)%00%(upstream:remoteref) refs/heads/main refs/remotes/main [7ms]
2025-10-17 02:48:27.029 [info] > git for-each-ref --sort -committerdate --format %(refname)%00%(objectname)%00%(*objectname) [6ms]
2025-10-17 02:48:27.032 [info] > git status -z -uall [21ms]
2025-10-17 02:48:32.083 [info] > git config --get commit.template [13ms]
2025-10-17 02:48:32.088 [info] > git for-each-ref --format=%(refname)%00%(upstream:short)%00%(objectname)%00%(upstream:track)%00%(upstream:remotename)%00%(upstream:remoteref) refs/heads/main refs/remotes/main [6ms]
2025-10-17 02:48:32.119 [info] > git for-each-ref --sort -committerdate --format %(refname)%00%(objectname)%00%(*objectname) [6ms]
2025-10-17 02:48:32.123 [info] > git status -z -uall [22ms]
2025-10-17 02:52:03.661 [info] > git config --get commit.template [145ms]
2025-10-17 02:52:03.698 [info] > git for-each-ref --format=%(refname)%00%(upstream:short)%00%(objectname)%00%(upstream:track)%00%(upstream:remotename)%00%(upstream:remoteref) refs/heads/main refs/remotes/main [49ms]
2025-10-17 02:52:03.846 [info] > git for-each-ref --sort -committerdate --format %(refname)%00%(objectname)%00%(*objectname) [36ms]
2025-10-17 02:52:03.855 [info] > git status -z -uall [121ms]
2025-10-17 02:52:21.997 [info] > git show -s --decorate=full --shortstat --format=%H%n%aN%n%aE%n%at%n%ct%n%P%n%D%n%B -z 5329f82c7682483b580a9f7ade0c449dc6189726 -- [9ms]
2025-10-17 02:53:13.436 [info] > git config --get commit.template [119ms]
2025-10-17 02:53:13.611 [info] > git for-each-ref --format=%(refname)%00%(upstream:short)%00%(objectname)%00%(upstream:track)%00%(upstream:remotename)%00%(upstream:remoteref) refs/heads/main refs/remotes/main [42ms]
2025-10-17 02:53:13.967 [info] > git for-each-ref --sort -committerdate --format %(refname)%00%(objectname)%00%(*objectname) [86ms]
2025-10-17 02:53:14.020 [info] > git status -z -uall [181ms]
2025-10-17 02:53:19.162 [info] > git config --get commit.template [14ms]
2025-10-17 02:53:19.167 [info] > git for-each-ref --format=%(refname)%00%(upstream:short)%00%(objectname)%00%(upstream:track)%00%(upstream:remotename)%00%(upstream:remoteref) refs/heads/main refs/remotes/main [6ms]
2025-10-17 02:53:19.199 [info] > git for-each-ref --sort -committerdate --format %(refname)%00%(objectname)%00%(*objectname) [6ms]
2025-10-17 02:53:19.202 [info] > git status -z -uall [23ms]
2025-10-17 02:53:24.326 [info] > git config --get commit.template [61ms]
2025-10-17 02:53:24.344 [info] > git for-each-ref --format=%(refname)%00%(upstream:short)%00%(objectname)%00%(upstream:track)%00%(upstream:remotename)%00%(upstream:remoteref) refs/heads/main refs/remotes/main [20ms]
2025-10-17 02:53:24.430 [info] > git for-each-ref --sort -committerdate --format %(refname)%00%(objectname)%00%(*objectname) [8ms]
2025-10-17 02:53:24.434 [info] > git status -z -uall [32ms]
2025-10-17 02:53:40.398 [info] > git config --get commit.template [91ms]
2025-10-17 02:53:40.417 [info] > git for-each-ref --format=%(refname)%00%(upstream:short)%00%(objectname)%00%(upstream:track)%00%(upstream:remotename)%00%(upstream:remoteref) refs/heads/main refs/remotes/main [31ms]
2025-10-17 02:53:40.574 [info] > git status -z -uall [37ms]
2025-10-17 02:53:40.588 [info] > git for-each-ref --sort -committerdate --format %(refname)%00%(objectname)%00%(*objectname) [17ms]
2025-10-17 02:53:45.655 [info] > git config --get commit.template [23ms]
2025-10-17 02:53:45.660 [info] > git for-each-ref --format=%(refname)%00%(upstream:short)%00%(objectname)%00%(upstream:track)%00%(upstream:remotename)%00%(upstream:remoteref) refs/heads/main refs/remotes/main [7ms]
2025-10-17 02:53:45.690 [info] > git for-each-ref --sort -committerdate --format %(refname)%00%(objectname)%00%(*objectname) [7ms]
2025-10-17 02:53:45.695 [info] > git status -z -uall [23ms]
2025-10-17 02:54:17.739 [info] > git config --get commit.template [68ms]
2025-10-17 02:54:17.967 [info] > git for-each-ref --format=%(refname)%00%(upstream:short)%00%(objectname)%00%(upstream:track)%00%(upstream:remotename)%00%(upstream:remoteref) refs/heads/main refs/remotes/main [96ms]
2025-10-17 02:54:18.361 [info] > git status -z -uall [235ms]
2025-10-17 02:54:18.366 [info] > git for-each-ref --sort -committerdate --format %(refname)%00%(objectname)%00%(*objectname) [104ms]
2025-10-17 02:54:23.733 [info] > git config --get commit.template [15ms]
2025-10-17 02:54:23.738 [info] > git for-each-ref --format=%(refname)%00%(upstream:short)%00%(objectname)%00%(upstream:track)%00%(upstream:remotename)%00%(upstream:remoteref) refs/heads/main refs/remotes/main [7ms]
2025-10-17 02:54:23.775 [info] > git for-each-ref --sort -committerdate --format %(refname)%00%(objectname)%00%(*objectname) [6ms]
2025-10-17 02:54:23.780 [info] > git status -z -uall [30ms]
2025-10-17 02:54:28.839 [info] > git config --get commit.template [16ms]
2025-10-17 02:54:28.850 [info] > git for-each-ref --format=%(refname)%00%(upstream:short)%00%(objectname)%00%(upstream:track)%00%(upstream:remotename)%00%(upstream:remoteref) refs/heads/main refs/remotes/main [12ms]
2025-10-17 02:54:28.966 [info] > git status -z -uall [93ms]
2025-10-17 02:54:29.018 [info] > git for-each-ref --sort -committerdate --format %(refname)%00%(objectname)%00%(*objectname) [135ms]
2025-10-17 02:54:34.223 [info] > git config --get commit.template [12ms]
2025-10-17 02:54:34.227 [info] > git for-each-ref --format=%(refname)%00%(upstream:short)%00%(objectname)%00%(upstream:track)%00%(upstream:remotename)%00%(upstream:remoteref) refs/heads/main refs/remotes/main [5ms]
2025-10-17 02:54:34.254 [info] > git for-each-ref --sort -committerdate --format %(refname)%00%(objectname)%00%(*objectname) [6ms]
2025-10-17 02:54:34.259 [info] > git status -z -uall [21ms]
2025-10-17 02:54:39.339 [info] > git config --get commit.template [13ms]
2025-10-17 02:54:39.343 [info] > git for-each-ref --format=%(refname)%00%(upstream:short)%00%(objectname)%00%(upstream:track)%00%(upstream:remotename)%00%(upstream:remoteref) refs/heads/main refs/remotes/main [6ms]
2025-10-17 02:54:39.386 [info] > git for-each-ref --sort -committerdate --format %(refname)%00%(objectname)%00%(*objectname) [15ms]
2025-10-17 02:54:39.389 [info] > git status -z -uall [30ms]
2025-10-17 02:54:44.442 [info] > git config --get commit.template [15ms]
2025-10-17 02:54:44.446 [info] > git for-each-ref --format=%(refname)%00%(upstream:short)%00%(objectname)%00%(upstream:track)%00%(upstream:remotename)%00%(upstream:remoteref) refs/heads/main refs/remotes/main [6ms]
2025-10-17 02:54:44.478 [info] > git for-each-ref --sort -committerdate --format %(refname)%00%(objectname)%00%(*objectname) [6ms]
2025-10-17 02:54:44.489 [info] > git status -z -uall [27ms]
2025-10-17 02:54:49.554 [info] > git config --get commit.template [14ms]
2025-10-17 02:54:49.559 [info] > git for-each-ref --format=%(refname)%00%(upstream:short)%00%(objectname)%00%(upstream:track)%00%(upstream:remotename)%00%(upstream:remoteref) refs/heads/main refs/remotes/main [6ms]
2025-10-17 02:54:49.596 [info] > git for-each-ref --sort -committerdate --format %(refname)%00%(objectname)%00%(*objectname) [7ms]
2025-10-17 02:54:49.608 [info] > git status -z -uall [38ms]
2025-10-17 02:54:54.694 [info] > git config --get commit.template [28ms]
2025-10-17 02:54:54.699 [info] > git for-each-ref --format=%(refname)%00%(upstream:short)%00%(objectname)%00%(upstream:track)%00%(upstream:remotename)%00%(upstream:remoteref) refs/heads/main refs/remotes/main [6ms]
2025-10-17 02:54:54.783 [info] > git status -z -uall [71ms]
2025-10-17 02:54:54.790 [info] > git for-each-ref --sort -committerdate --format %(refname)%00%(objectname)%00%(*objectname) [18ms]
2025-10-17 02:55:00.049 [info] > git config --get commit.template [53ms]
2025-10-17 02:55:00.102 [info] > git for-each-ref --format=%(refname)%00%(upstream:short)%00%(objectname)%00%(upstream:track)%00%(upstream:remotename)%00%(upstream:remoteref) refs/heads/main refs/remotes/main [58ms]
2025-10-17 02:55:00.470 [info] > git for-each-ref --sort -committerdate --format %(refname)%00%(objectname)%00%(*objectname) [75ms]
2025-10-17 02:55:00.513 [info] > git status -z -uall [255ms]
2025-10-17 02:55:09.302 [info] > git config --get commit.template [222ms]
2025-10-17 02:55:09.342 [info] > git for-each-ref --format=%(refname)%00%(upstream:short)%00%(objectname)%00%(upstream:track)%00%(upstream:remotename)%00%(upstream:remoteref) refs/heads/main refs/remotes/main [64ms]
2025-10-17 02:55:09.661 [info] > git for-each-ref --sort -committerdate --format %(refname)%00%(objectname)%00%(*objectname) [60ms]
2025-10-17 02:55:09.743 [info] > git status -z -uall [270ms]
2025-10-17 02:55:15.296 [info] > git config --get commit.template [77ms]
2025-10-17 02:55:15.469 [info] > git for-each-ref --format=%(refname)%00%(upstream:short)%00%(objectname)%00%(upstream:track)%00%(upstream:remotename)%00%(upstream:remoteref) refs/heads/main refs/remotes/main [60ms]
2025-10-17 02:55:15.989 [info] > git for-each-ref --sort -committerdate --format %(refname)%00%(objectname)%00%(*objectname) [70ms]
2025-10-17 02:55:16.024 [info] > git status -z -uall [284ms]
2025-10-17 02:55:21.669 [info] > git config --get commit.template [96ms]
2025-10-17 02:55:21.696 [info] > git for-each-ref --format=%(refname)%00%(upstream:short)%00%(objectname)%00%(upstream:track)%00%(upstream:remotename)%00%(upstream:remoteref) refs/heads/main refs/remotes/main [30ms]
2025-10-17 02:55:22.215 [info] > git for-each-ref --sort -committerdate --format %(refname)%00%(objectname)%00%(*objectname) [145ms]
2025-10-17 02:55:22.274 [info] > git status -z -uall [337ms]
2025-10-17 02:55:27.902 [info] > git config --get commit.template [49ms]
2025-10-17 02:55:28.047 [info] > git for-each-ref --format=%(refname)%00%(upstream:short)%00%(objectname)%00%(upstream:track)%00%(upstream:remotename)%00%(upstream:remoteref) refs/heads/main refs/remotes/main [15ms]
2025-10-17 02:55:28.304 [info] > git status -z -uall [147ms]
2025-10-17 02:55:28.312 [info] > git for-each-ref --sort -committerdate --format %(refname)%00%(objectname)%00%(*objectname) [76ms]
2025-10-17 02:55:33.412 [info] > git config --get commit.template [15ms]
2025-10-17 02:55:33.420 [info] > git for-each-ref --format=%(refname)%00%(upstream:short)%00%(objectname)%00%(upstream:track)%00%(upstream:remotename)%00%(upstream:remoteref) refs/heads/main refs/remotes/main [9ms]
2025-10-17 02:55:33.456 [info] > git for-each-ref --sort -committerdate --format %(refname)%00%(objectname)%00%(*objectname) [8ms]
2025-10-17 02:55:33.461 [info] > git status -z -uall [26ms]
2025-10-17 02:55:38.571 [info] > git config --get commit.template [55ms]
2025-10-17 02:55:38.679 [info] > git for-each-ref --format=%(refname)%00%(upstream:short)%00%(objectname)%00%(upstream:track)%00%(upstream:remotename)%00%(upstream:remoteref) refs/heads/main refs/remotes/main [45ms]
2025-10-17 02:55:38.736 [info] > git for-each-ref --sort -committerdate --format %(refname)%00%(objectname)%00%(*objectname) [14ms]
2025-10-17 02:55:38.745 [info] > git status -z -uall [36ms]
2025-10-17 02:55:48.864 [info] > git config --get commit.template [82ms]
2025-10-17 02:55:49.057 [info] > git for-each-ref --format=%(refname)%00%(upstream:short)%00%(objectname)%00%(upstream:track)%00%(upstream:remotename)%00%(upstream:remoteref) refs/heads/main refs/remotes/main [105ms]
2025-10-17 02:55:49.625 [info] > git status -z -uall [242ms]
2025-10-17 02:55:49.824 [info] > git for-each-ref --sort -committerdate --format %(refname)%00%(objectname)%00%(*objectname) [231ms]
2025-10-17 02:55:55.463 [info] > git config --get commit.template [12ms]
2025-10-17 02:55:55.549 [info] > git for-each-ref --format=%(refname)%00%(upstream:short)%00%(objectname)%00%(upstream:track)%00%(upstream:remotename)%00%(upstream:remoteref) refs/heads/main refs/remotes/main [23ms]
2025-10-17 02:55:55.714 [info] > git status -z -uall [33ms]
2025-10-17 02:55:55.756 [info] > git for-each-ref --sort -committerdate --format %(refname)%00%(objectname)%00%(*objectname) [70ms]
2025-10-17 02:56:01.284 [info] > git config --get commit.template [170ms]
2025-10-17 02:56:01.570 [info] > git for-each-ref --format=%(refname)%00%(upstream:short)%00%(objectname)%00%(upstream:track)%00%(upstream:remotename)%00%(upstream:remoteref) refs/heads/main refs/remotes/main [60ms]
2025-10-17 02:56:02.094 [info] > git for-each-ref --sort -committerdate --format %(refname)%00%(objectname)%00%(*objectname) [103ms]
2025-10-17 02:56:02.143 [info] > git status -z -uall [305ms]
2025-10-17 02:56:07.645 [info] > git config --get commit.template [62ms]
2025-10-17 02:56:07.762 [info] > git for-each-ref --format=%(refname)%00%(upstream:short)%00%(objectname)%00%(upstream:track)%00%(upstream:remotename)%00%(upstream:remoteref) refs/heads/main refs/remotes/main [13ms]
2025-10-17 02:56:08.007 [info] > git status -z -uall [181ms]
2025-10-17 02:56:08.023 [info] > git for-each-ref --sort -committerdate --format %(refname)%00%(objectname)%00%(*objectname) [124ms]
2025-10-17 02:56:13.387 [info] > git config --get commit.template [17ms]
2025-10-17 02:56:13.391 [info] > git for-each-ref --format=%(refname)%00%(upstream:short)%00%(objectname)%00%(upstream:track)%00%(upstream:remotename)%00%(upstream:remoteref) refs/heads/main refs/remotes/main [7ms]
2025-10-17 02:56:13.424 [info] > git for-each-ref --sort -committerdate --format %(refname)%00%(objectname)%00%(*objectname) [6ms]
2025-10-17 02:56:13.428 [info] > git status -z -uall [25ms]
2025-10-17 02:56:18.504 [info] > git config --get commit.template [14ms]
2025-10-17 02:56:18.509 [info] > git for-each-ref --format=%(refname)%00%(upstream:short)%00%(objectname)%00%(upstream:track)%00%(upstream:remotename)%00%(upstream:remoteref) refs/heads/main refs/remotes/main [6ms]
2025-10-17 02:56:18.537 [info] > git for-each-ref --sort -committerdate --format %(refname)%00%(objectname)%00%(*objectname) [6ms]
2025-10-17 02:56:18.541 [info] > git status -z -uall [21ms]
2025-10-17 02:56:23.601 [info] > git config --get commit.template [17ms]
2025-10-17 02:56:23.603 [info] > git for-each-ref --format=%(refname)%00%(upstream:short)%00%(objectname)%00%(upstream:track)%00%(upstream:remotename)%00%(upstream:remoteref) refs/heads/main refs/remotes/main [5ms]
2025-10-17 02:56:23.633 [info] > git for-each-ref --sort -committerdate --format %(refname)%00%(objectname)%00%(*objectname) [7ms]
2025-10-17 02:56:23.639 [info] > git status -z -uall [24ms]
2025-10-17 02:56:28.798 [info] > git config --get commit.template [40ms]
2025-10-17 02:56:28.849 [info] > git for-each-ref --format=%(refname)%00%(upstream:short)%00%(objectname)%00%(upstream:track)%00%(upstream:remotename)%00%(upstream:remoteref) refs/heads/main refs/remotes/main [60ms]
2025-10-17 02:56:29.004 [info] > git for-each-ref --sort -committerdate --format %(refname)%00%(objectname)%00%(*objectname) [18ms]
2025-10-17 02:56:29.020 [info] > git status -z -uall [50ms]
2025-10-17 02:56:34.075 [info] > git config --get commit.template [11ms]
2025-10-17 02:56:34.080 [info] > git for-each-ref --format=%(refname)%00%(upstream:short)%00%(objectname)%00%(upstream:track)%00%(upstream:remotename)%00%(upstream:remoteref) refs/heads/main refs/remotes/main [6ms]
2025-10-17 02:56:34.106 [info] > git for-each-ref --sort -committerdate --format %(refname)%00%(objectname)%00%(*objectname) [6ms]
2025-10-17 02:56:34.110 [info] > git status -z -uall [20ms]
2025-10-17 02:56:39.179 [info] > git config --get commit.template [13ms]
2025-10-17 02:56:39.184 [info] > git for-each-ref --format=%(refname)%00%(upstream:short)%00%(objectname)%00%(upstream:track)%00%(upstream:remotename)%00%(upstream:remoteref) refs/heads/main refs/remotes/main [6ms]
2025-10-17 02:56:39.220 [info] > git for-each-ref --sort -committerdate --format %(refname)%00%(objectname)%00%(*objectname) [11ms]
2025-10-17 02:56:39.224 [info] > git status -z -uall [27ms]
2025-10-17 02:56:44.280 [info] > git config --get commit.template [15ms]
2025-10-17 02:56:44.293 [info] > git for-each-ref --format=%(refname)%00%(upstream:short)%00%(objectname)%00%(upstream:track)%00%(upstream:remotename)%00%(upstream:remoteref) refs/heads/main refs/remotes/main [15ms]
2025-10-17 02:56:44.327 [info] > git for-each-ref --sort -committerdate --format %(refname)%00%(objectname)%00%(*objectname) [6ms]
2025-10-17 02:56:44.331 [info] > git status -z -uall [21ms]
2025-10-17 02:56:49.399 [info] > git config --get commit.template [12ms]
2025-10-17 02:56:49.403 [info] > git for-each-ref --format=%(refname)%00%(upstream:short)%00%(objectname)%00%(upstream:track)%00%(upstream:remotename)%00%(upstream:remoteref) refs/heads/main refs/remotes/main [5ms]
2025-10-17 02:56:49.432 [info] > git for-each-ref --sort -committerdate --format %(refname)%00%(objectname)%00%(*objectname) [6ms]
2025-10-17 02:56:49.436 [info] > git status -z -uall [22ms]
2025-10-17 02:56:54.495 [info] > git config --get commit.template [14ms]
2025-10-17 02:56:54.500 [info] > git for-each-ref --format=%(refname)%00%(upstream:short)%00%(objectname)%00%(upstream:track)%00%(upstream:remotename)%00%(upstream:remoteref) refs/heads/main refs/remotes/main [6ms]
2025-10-17 02:56:54.529 [info] > git for-each-ref --sort -committerdate --format %(refname)%00%(objectname)%00%(*objectname) [6ms]
2025-10-17 02:56:54.533 [info] > git status -z -uall [21ms]
2025-10-17 02:56:59.890 [info] > git config --get commit.template [64ms]
2025-10-17 02:56:59.934 [info] > git for-each-ref --format=%(refname)%00%(upstream:short)%00%(objectname)%00%(upstream:track)%00%(upstream:remotename)%00%(upstream:remoteref) refs/heads/main refs/remotes/main [56ms]
2025-10-17 02:57:00.396 [info] > git for-each-ref --sort -committerdate --format %(refname)%00%(objectname)%00%(*objectname) [119ms]
2025-10-17 02:57:00.437 [info] > git status -z -uall [278ms]
2025-10-17 07:04:57.425 [info] > git for-each-ref --format=%(refname)%00%(upstream:short)%00%(objectname)%00%(upstream:track)%00%(upstream:remotename)%00%(upstream:remoteref) refs/heads/main refs/remotes/main [36ms]
2025-10-17 07:04:57.427 [info] > git config --get commit.template [83ms]
2025-10-17 07:04:57.475 [info] > git for-each-ref --sort -committerdate --format %(refname)%00%(objectname)%00%(*objectname) [10ms]
2025-10-17 07:04:57.483 [info] > git status -z -uall [34ms]
