2025-10-17 07:23:17.943 [info] Reading sessions from keychain...
2025-10-17 07:23:17.943 [info] Getting sessions for all scopes...
2025-10-17 07:23:18.103 [info] Got 0 sessions for ...
2025-10-17 07:23:18.103 [info] Getting sessions for all scopes...
2025-10-17 07:23:18.104 [info] Got 0 sessions for ...
2025-10-17 07:23:18.104 [info] Getting sessions for all scopes...
2025-10-17 07:23:18.104 [info] Got 0 sessions for ...
2025-10-17 07:23:18.104 [info] Getting sessions for all scopes...
2025-10-17 07:23:18.104 [info] Got 0 sessions for ...
2025-10-17 07:23:18.105 [info] Getting sessions for all scopes...
2025-10-17 07:23:18.105 [info] Got 0 sessions for ...
2025-10-17 07:23:18.105 [info] Getting sessions for all scopes...
2025-10-17 07:23:18.105 [info] Got 0 sessions for ...
2025-10-17 07:23:18.127 [info] Getting sessions for all scopes...
2025-10-17 07:23:18.127 [info] Got 0 sessions for ...
2025-10-17 07:23:18.127 [info] Getting sessions for all scopes...
2025-10-17 07:23:18.127 [info] Got 0 sessions for ...
2025-10-17 07:23:18.391 [info] Getting sessions for all scopes...
2025-10-17 07:23:18.391 [info] Got 0 sessions for ...
2025-10-17 07:23:18.393 [info] Getting sessions for all scopes...
2025-10-17 07:23:18.393 [info] Got 0 sessions for ...
2025-10-17 07:23:18.393 [info] Getting sessions for all scopes...
2025-10-17 07:23:18.393 [info] Got 0 sessions for ...
2025-10-17 07:23:18.394 [info] Getting sessions for all scopes...
2025-10-17 07:23:18.394 [info] Got 0 sessions for ...
2025-10-17 07:23:18.395 [info] Getting sessions for all scopes...
2025-10-17 07:23:18.395 [info] Got 0 sessions for ...
2025-10-17 07:23:18.395 [info] Getting sessions for all scopes...
2025-10-17 07:23:18.395 [info] Got 0 sessions for ...
2025-10-17 07:23:19.006 [info] Getting sessions for all scopes...
2025-10-17 07:23:19.006 [info] Got 0 sessions for ...
2025-10-17 07:23:20.626 [info] Getting sessions for all scopes...
2025-10-17 07:23:20.626 [info] Got 0 sessions for ...
2025-10-17 07:23:21.324 [info] Getting sessions for read:user,repo,user:email,workflow...
2025-10-17 07:23:21.324 [info] Got 0 sessions for read:user,repo,user:email,workflow...
2025-10-17 07:23:21.371 [info] Getting sessions for all scopes...
2025-10-17 07:23:21.371 [info] Got 0 sessions for ...
2025-10-17 07:23:21.373 [info] Getting sessions for all scopes...
2025-10-17 07:23:21.373 [info] Got 0 sessions for ...
2025-10-17 07:23:21.374 [info] Getting sessions for all scopes...
2025-10-17 07:23:21.374 [info] Got 0 sessions for ...
