2025-10-17 02:36:35.376 [info] Extension host with pid 4072 started
2025-10-17 02:36:35.377 [info] Skipping acquiring lock for /vargant/home-8-03-hw/~/vargant/home-8-03-hw/User/workspaceStorage/0f629e63d0471dbfda28ef6030329643.
2025-10-17 02:36:36.535 [info] ExtensionService#_doActivateExtension vscode.github-authentication, startup: false, activationEvent: 'onAuthenticationRequest:github'
2025-10-17 02:36:36.665 [info] ExtensionService#_doActivateExtension vscode.emmet, startup: false, activationEvent: 'onLanguage'
2025-10-17 02:36:36.791 [info] ExtensionService#_doActivateExtension vscode.extension-editing, startup: false, activationEvent: 'onLanguage:markdown'
2025-10-17 02:36:36.843 [info] ExtensionService#_doActivateExtension vscode.markdown-language-features, startup: false, activationEvent: 'onLanguage:markdown'
2025-10-17 02:36:38.538 [info] ExtensionService#_doActivateExtension vscode.git-base, startup: true, activationEvent: '*', root cause: vscode.git
2025-10-17 02:36:40.660 [info] ExtensionService#_doActivateExtension vscode.git, startup: true, activationEvent: '*'
2025-10-17 02:36:40.959 [info] ExtensionService#_doActivateExtension vscode.github, startup: true, activationEvent: '*'
2025-10-17 02:36:41.048 [info] ExtensionService#_doActivateExtension vscode.markdown-math, startup: false, activationEvent: 'api', root cause: vscode.markdown-language-features
2025-10-17 02:36:41.900 [info] Eager extensions activated
2025-10-17 02:36:42.311 [info] ExtensionService#_doActivateExtension vscode.debug-auto-launch, startup: false, activationEvent: 'onStartupFinished'
2025-10-17 02:36:42.322 [info] ExtensionService#_doActivateExtension vscode.merge-conflict, startup: false, activationEvent: 'onStartupFinished'
2025-10-17 02:36:44.345 [warning] [Decorations] CAPPING events from decorations provider vscode.git 312
2025-10-17 02:36:46.466 [warning] [Decorations] CAPPING events from decorations provider vscode.git 313
2025-10-17 02:36:50.729 [warning] [Decorations] CAPPING events from decorations provider vscode.git 313
2025-10-17 02:36:57.471 [warning] [Decorations] CAPPING events from decorations provider vscode.git 314
2025-10-17 02:37:02.593 [warning] [Decorations] CAPPING events from decorations provider vscode.git 314
2025-10-17 02:37:07.713 [warning] [Decorations] CAPPING events from decorations provider vscode.git 314
2025-10-17 02:37:12.816 [warning] [Decorations] CAPPING events from decorations provider vscode.git 314
2025-10-17 02:37:17.916 [warning] [Decorations] CAPPING events from decorations provider vscode.git 314
2025-10-17 02:37:23.029 [warning] [Decorations] CAPPING events from decorations provider vscode.git 314
2025-10-17 02:37:28.121 [warning] [Decorations] CAPPING events from decorations provider vscode.git 314
2025-10-17 02:37:33.236 [warning] [Decorations] CAPPING events from decorations provider vscode.git 314
2025-10-17 02:37:38.327 [warning] [Decorations] CAPPING events from decorations provider vscode.git 314
2025-10-17 02:37:43.417 [warning] [Decorations] CAPPING events from decorations provider vscode.git 314
2025-10-17 02:37:48.509 [warning] [Decorations] CAPPING events from decorations provider vscode.git 314
2025-10-17 02:37:53.697 [warning] [Decorations] CAPPING events from decorations provider vscode.git 314
2025-10-17 02:37:58.922 [warning] [Decorations] CAPPING events from decorations provider vscode.git 314
2025-10-17 02:38:04.026 [warning] [Decorations] CAPPING events from decorations provider vscode.git 314
2025-10-17 02:38:09.422 [warning] [Decorations] CAPPING events from decorations provider vscode.git 314
2025-10-17 02:38:14.564 [warning] [Decorations] CAPPING events from decorations provider vscode.git 314
2025-10-17 02:38:19.691 [warning] [Decorations] CAPPING events from decorations provider vscode.git 315
2025-10-17 02:38:24.778 [warning] [Decorations] CAPPING events from decorations provider vscode.git 315
2025-10-17 02:38:29.909 [warning] [Decorations] CAPPING events from decorations provider vscode.git 316
2025-10-17 02:38:35.000 [warning] [Decorations] CAPPING events from decorations provider vscode.git 316
2025-10-17 02:38:40.090 [warning] [Decorations] CAPPING events from decorations provider vscode.git 316
2025-10-17 02:38:45.228 [warning] [Decorations] CAPPING events from decorations provider vscode.git 316
2025-10-17 02:38:50.320 [warning] [Decorations] CAPPING events from decorations provider vscode.git 316
2025-10-17 02:38:55.425 [warning] [Decorations] CAPPING events from decorations provider vscode.git 316
2025-10-17 02:39:00.530 [warning] [Decorations] CAPPING events from decorations provider vscode.git 316
2025-10-17 02:39:05.621 [warning] [Decorations] CAPPING events from decorations provider vscode.git 316
2025-10-17 02:39:10.729 [warning] [Decorations] CAPPING events from decorations provider vscode.git 316
2025-10-17 02:39:15.817 [warning] [Decorations] CAPPING events from decorations provider vscode.git 316
2025-10-17 02:39:20.963 [warning] [Decorations] CAPPING events from decorations provider vscode.git 316
2025-10-17 02:39:26.044 [warning] [Decorations] CAPPING events from decorations provider vscode.git 316
2025-10-17 02:39:31.132 [warning] [Decorations] CAPPING events from decorations provider vscode.git 316
2025-10-17 02:39:36.253 [warning] [Decorations] CAPPING events from decorations provider vscode.git 316
2025-10-17 02:39:41.340 [warning] [Decorations] CAPPING events from decorations provider vscode.git 316
2025-10-17 02:39:46.430 [warning] [Decorations] CAPPING events from decorations provider vscode.git 316
2025-10-17 02:39:51.517 [warning] [Decorations] CAPPING events from decorations provider vscode.git 316
2025-10-17 02:39:56.634 [warning] [Decorations] CAPPING events from decorations provider vscode.git 316
2025-10-17 02:40:01.734 [warning] [Decorations] CAPPING events from decorations provider vscode.git 316
2025-10-17 02:40:06.834 [warning] [Decorations] CAPPING events from decorations provider vscode.git 316
2025-10-17 02:40:11.943 [warning] [Decorations] CAPPING events from decorations provider vscode.git 316
2025-10-17 02:40:17.052 [warning] [Decorations] CAPPING events from decorations provider vscode.git 316
2025-10-17 02:40:22.144 [warning] [Decorations] CAPPING events from decorations provider vscode.git 316
2025-10-17 02:40:27.235 [warning] [Decorations] CAPPING events from decorations provider vscode.git 316
2025-10-17 02:40:32.327 [warning] [Decorations] CAPPING events from decorations provider vscode.git 316
2025-10-17 02:40:37.416 [warning] [Decorations] CAPPING events from decorations provider vscode.git 316
2025-10-17 02:40:42.498 [warning] [Decorations] CAPPING events from decorations provider vscode.git 316
2025-10-17 02:40:47.609 [warning] [Decorations] CAPPING events from decorations provider vscode.git 316
2025-10-17 02:40:52.705 [warning] [Decorations] CAPPING events from decorations provider vscode.git 316
2025-10-17 02:40:57.798 [warning] [Decorations] CAPPING events from decorations provider vscode.git 316
2025-10-17 02:41:02.895 [warning] [Decorations] CAPPING events from decorations provider vscode.git 316
2025-10-17 02:41:08.034 [warning] [Decorations] CAPPING events from decorations provider vscode.git 316
2025-10-17 02:41:13.128 [warning] [Decorations] CAPPING events from decorations provider vscode.git 316
2025-10-17 02:41:18.222 [warning] [Decorations] CAPPING events from decorations provider vscode.git 316
2025-10-17 02:41:23.327 [warning] [Decorations] CAPPING events from decorations provider vscode.git 316
2025-10-17 02:41:28.416 [warning] [Decorations] CAPPING events from decorations provider vscode.git 316
2025-10-17 02:41:33.502 [warning] [Decorations] CAPPING events from decorations provider vscode.git 316
2025-10-17 02:41:38.619 [warning] [Decorations] CAPPING events from decorations provider vscode.git 316
2025-10-17 02:41:43.705 [warning] [Decorations] CAPPING events from decorations provider vscode.git 316
2025-10-17 02:41:48.788 [warning] [Decorations] CAPPING events from decorations provider vscode.git 316
2025-10-17 02:41:53.904 [warning] [Decorations] CAPPING events from decorations provider vscode.git 316
2025-10-17 02:41:59.016 [warning] [Decorations] CAPPING events from decorations provider vscode.git 316
2025-10-17 02:42:04.107 [warning] [Decorations] CAPPING events from decorations provider vscode.git 316
2025-10-17 02:42:09.191 [warning] [Decorations] CAPPING events from decorations provider vscode.git 316
2025-10-17 02:42:14.348 [warning] [Decorations] CAPPING events from decorations provider vscode.git 316
2025-10-17 02:42:19.432 [warning] [Decorations] CAPPING events from decorations provider vscode.git 316
2025-10-17 02:42:24.518 [warning] [Decorations] CAPPING events from decorations provider vscode.git 316
2025-10-17 02:42:29.624 [warning] [Decorations] CAPPING events from decorations provider vscode.git 316
2025-10-17 02:42:34.719 [warning] [Decorations] CAPPING events from decorations provider vscode.git 316
2025-10-17 02:42:39.827 [warning] [Decorations] CAPPING events from decorations provider vscode.git 316
2025-10-17 02:42:44.954 [warning] [Decorations] CAPPING events from decorations provider vscode.git 316
2025-10-17 02:42:50.040 [warning] [Decorations] CAPPING events from decorations provider vscode.git 316
2025-10-17 02:42:55.130 [warning] [Decorations] CAPPING events from decorations provider vscode.git 316
2025-10-17 02:43:00.215 [warning] [Decorations] CAPPING events from decorations provider vscode.git 316
2025-10-17 02:43:05.339 [warning] [Decorations] CAPPING events from decorations provider vscode.git 316
2025-10-17 02:43:10.433 [warning] [Decorations] CAPPING events from decorations provider vscode.git 316
2025-10-17 02:43:15.564 [warning] [Decorations] CAPPING events from decorations provider vscode.git 316
2025-10-17 02:43:20.650 [warning] [Decorations] CAPPING events from decorations provider vscode.git 316
2025-10-17 02:43:25.759 [warning] [Decorations] CAPPING events from decorations provider vscode.git 316
2025-10-17 02:43:30.848 [warning] [Decorations] CAPPING events from decorations provider vscode.git 316
2025-10-17 02:43:35.967 [warning] [Decorations] CAPPING events from decorations provider vscode.git 316
2025-10-17 02:43:41.053 [warning] [Decorations] CAPPING events from decorations provider vscode.git 316
2025-10-17 02:43:46.138 [warning] [Decorations] CAPPING events from decorations provider vscode.git 316
2025-10-17 02:43:51.223 [warning] [Decorations] CAPPING events from decorations provider vscode.git 316
2025-10-17 02:43:56.515 [warning] [Decorations] CAPPING events from decorations provider vscode.git 316
2025-10-17 02:44:01.600 [warning] [Decorations] CAPPING events from decorations provider vscode.git 316
2025-10-17 02:44:06.685 [warning] [Decorations] CAPPING events from decorations provider vscode.git 316
2025-10-17 02:44:11.809 [warning] [Decorations] CAPPING events from decorations provider vscode.git 316
2025-10-17 02:44:16.932 [warning] [Decorations] CAPPING events from decorations provider vscode.git 316
2025-10-17 02:44:22.016 [warning] [Decorations] CAPPING events from decorations provider vscode.git 316
2025-10-17 02:44:27.108 [warning] [Decorations] CAPPING events from decorations provider vscode.git 316
2025-10-17 02:44:32.194 [warning] [Decorations] CAPPING events from decorations provider vscode.git 316
2025-10-17 02:44:37.277 [warning] [Decorations] CAPPING events from decorations provider vscode.git 316
2025-10-17 02:44:42.426 [warning] [Decorations] CAPPING events from decorations provider vscode.git 316
2025-10-17 02:44:47.514 [warning] [Decorations] CAPPING events from decorations provider vscode.git 316
2025-10-17 02:44:52.605 [warning] [Decorations] CAPPING events from decorations provider vscode.git 316
2025-10-17 02:44:57.695 [warning] [Decorations] CAPPING events from decorations provider vscode.git 316
2025-10-17 02:45:02.817 [warning] [Decorations] CAPPING events from decorations provider vscode.git 316
2025-10-17 02:45:07.904 [warning] [Decorations] CAPPING events from decorations provider vscode.git 316
2025-10-17 02:45:12.989 [warning] [Decorations] CAPPING events from decorations provider vscode.git 316
2025-10-17 02:45:18.119 [warning] [Decorations] CAPPING events from decorations provider vscode.git 316
2025-10-17 02:45:23.206 [warning] [Decorations] CAPPING events from decorations provider vscode.git 316
2025-10-17 02:45:28.482 [warning] [Decorations] CAPPING events from decorations provider vscode.git 316
2025-10-17 02:45:33.573 [warning] [Decorations] CAPPING events from decorations provider vscode.git 316
2025-10-17 02:45:38.697 [warning] [Decorations] CAPPING events from decorations provider vscode.git 316
2025-10-17 02:45:43.778 [warning] [Decorations] CAPPING events from decorations provider vscode.git 316
2025-10-17 02:45:48.888 [warning] [Decorations] CAPPING events from decorations provider vscode.git 316
2025-10-17 02:45:53.978 [warning] [Decorations] CAPPING events from decorations provider vscode.git 316
2025-10-17 02:45:59.062 [warning] [Decorations] CAPPING events from decorations provider vscode.git 316
2025-10-17 02:46:04.154 [warning] [Decorations] CAPPING events from decorations provider vscode.git 316
2025-10-17 02:46:09.274 [warning] [Decorations] CAPPING events from decorations provider vscode.git 316
2025-10-17 02:46:14.364 [warning] [Decorations] CAPPING events from decorations provider vscode.git 316
2025-10-17 02:46:19.450 [warning] [Decorations] CAPPING events from decorations provider vscode.git 316
2025-10-17 02:46:24.741 [warning] [Decorations] CAPPING events from decorations provider vscode.git 316
2025-10-17 02:46:29.832 [warning] [Decorations] CAPPING events from decorations provider vscode.git 316
2025-10-17 02:46:34.936 [warning] [Decorations] CAPPING events from decorations provider vscode.git 316
2025-10-17 02:46:40.022 [warning] [Decorations] CAPPING events from decorations provider vscode.git 316
2025-10-17 02:46:45.112 [warning] [Decorations] CAPPING events from decorations provider vscode.git 316
2025-10-17 02:46:50.234 [warning] [Decorations] CAPPING events from decorations provider vscode.git 316
2025-10-17 02:46:55.326 [warning] [Decorations] CAPPING events from decorations provider vscode.git 316
2025-10-17 02:47:00.404 [warning] [Decorations] CAPPING events from decorations provider vscode.git 316
2025-10-17 02:47:05.501 [warning] [Decorations] CAPPING events from decorations provider vscode.git 316
2025-10-17 02:47:10.615 [warning] [Decorations] CAPPING events from decorations provider vscode.git 316
2025-10-17 02:47:15.712 [warning] [Decorations] CAPPING events from decorations provider vscode.git 316
2025-10-17 02:47:20.811 [warning] [Decorations] CAPPING events from decorations provider vscode.git 316
2025-10-17 02:47:25.900 [warning] [Decorations] CAPPING events from decorations provider vscode.git 316
2025-10-17 02:47:30.990 [warning] [Decorations] CAPPING events from decorations provider vscode.git 316
2025-10-17 02:47:36.083 [warning] [Decorations] CAPPING events from decorations provider vscode.git 316
2025-10-17 02:47:41.174 [warning] [Decorations] CAPPING events from decorations provider vscode.git 316
2025-10-17 02:47:46.282 [warning] [Decorations] CAPPING events from decorations provider vscode.git 316
2025-10-17 02:47:51.368 [warning] [Decorations] CAPPING events from decorations provider vscode.git 316
2025-10-17 02:47:56.486 [warning] [Decorations] CAPPING events from decorations provider vscode.git 316
2025-10-17 02:48:01.573 [warning] [Decorations] CAPPING events from decorations provider vscode.git 316
2025-10-17 02:48:06.661 [warning] [Decorations] CAPPING events from decorations provider vscode.git 316
2025-10-17 02:48:11.775 [warning] [Decorations] CAPPING events from decorations provider vscode.git 316
2025-10-17 02:48:16.866 [warning] [Decorations] CAPPING events from decorations provider vscode.git 316
2025-10-17 02:48:21.959 [warning] [Decorations] CAPPING events from decorations provider vscode.git 316
2025-10-17 02:48:27.045 [warning] [Decorations] CAPPING events from decorations provider vscode.git 316
2025-10-17 02:48:32.136 [warning] [Decorations] CAPPING events from decorations provider vscode.git 316
2025-10-17 02:52:03.882 [warning] [Decorations] CAPPING events from decorations provider vscode.git 316
2025-10-17 02:53:14.124 [warning] [Decorations] CAPPING events from decorations provider vscode.git 316
2025-10-17 02:53:19.236 [warning] [Decorations] CAPPING events from decorations provider vscode.git 316
2025-10-17 02:53:24.451 [warning] [Decorations] CAPPING events from decorations provider vscode.git 316
2025-10-17 02:53:40.599 [warning] [Decorations] CAPPING events from decorations provider vscode.git 316
2025-10-17 02:53:45.713 [warning] [Decorations] CAPPING events from decorations provider vscode.git 316
2025-10-17 02:54:18.584 [warning] [Decorations] CAPPING events from decorations provider vscode.git 316
2025-10-17 02:54:23.795 [warning] [Decorations] CAPPING events from decorations provider vscode.git 316
2025-10-17 02:54:29.162 [warning] [Decorations] CAPPING events from decorations provider vscode.git 316
2025-10-17 02:54:34.275 [warning] [Decorations] CAPPING events from decorations provider vscode.git 316
2025-10-17 02:54:39.405 [warning] [Decorations] CAPPING events from decorations provider vscode.git 316
2025-10-17 02:54:44.517 [warning] [Decorations] CAPPING events from decorations provider vscode.git 316
2025-10-17 02:54:49.627 [warning] [Decorations] CAPPING events from decorations provider vscode.git 316
2025-10-17 02:54:54.848 [warning] [Decorations] CAPPING events from decorations provider vscode.git 316
2025-10-17 02:55:00.633 [warning] [Decorations] CAPPING events from decorations provider vscode.git 316
2025-10-17 02:55:10.003 [warning] [Decorations] CAPPING events from decorations provider vscode.git 316
2025-10-17 02:55:16.150 [warning] [Decorations] CAPPING events from decorations provider vscode.git 316
2025-10-17 02:55:22.432 [warning] [Decorations] CAPPING events from decorations provider vscode.git 316
2025-10-17 02:55:28.356 [warning] [Decorations] CAPPING events from decorations provider vscode.git 316
2025-10-17 02:55:33.476 [warning] [Decorations] CAPPING events from decorations provider vscode.git 318
2025-10-17 02:55:38.777 [warning] [Decorations] CAPPING events from decorations provider vscode.git 317
2025-10-17 02:55:50.225 [warning] [Decorations] CAPPING events from decorations provider vscode.git 317
2025-10-17 02:55:55.830 [warning] [Decorations] CAPPING events from decorations provider vscode.git 317
2025-10-17 02:56:02.342 [warning] [Decorations] CAPPING events from decorations provider vscode.git 317
2025-10-17 02:56:08.299 [warning] [Decorations] CAPPING events from decorations provider vscode.git 318
2025-10-17 02:56:13.466 [warning] [Decorations] CAPPING events from decorations provider vscode.git 318
2025-10-17 02:56:18.556 [warning] [Decorations] CAPPING events from decorations provider vscode.git 318
2025-10-17 02:56:23.654 [warning] [Decorations] CAPPING events from decorations provider vscode.git 318
2025-10-17 02:56:29.045 [warning] [Decorations] CAPPING events from decorations provider vscode.git 318
2025-10-17 02:56:34.145 [warning] [Decorations] CAPPING events from decorations provider vscode.git 318
2025-10-17 02:56:39.242 [warning] [Decorations] CAPPING events from decorations provider vscode.git 318
2025-10-17 02:56:44.364 [warning] [Decorations] CAPPING events from decorations provider vscode.git 318
2025-10-17 02:56:49.451 [warning] [Decorations] CAPPING events from decorations provider vscode.git 318
2025-10-17 02:56:54.561 [warning] [Decorations] CAPPING events from decorations provider vscode.git 318
2025-10-17 02:57:00.539 [warning] [Decorations] CAPPING events from decorations provider vscode.git 318
2025-10-17 07:04:57.504 [warning] [Decorations] CAPPING events from decorations provider vscode.git 318
2025-10-17 07:05:01.845 [info] Extension host terminating: renderer closed the MessagePort
2025-10-17 07:05:03.762 [info] Extension host with pid 4072 exiting with code 0
