2025-10-16 23:18:16.868 [info] Reading sessions from keychain...
2025-10-16 23:18:16.868 [info] Getting sessions for all scopes...
2025-10-16 23:18:16.968 [info] Got 0 sessions for ...
2025-10-16 23:18:16.968 [info] Getting sessions for all scopes...
2025-10-16 23:18:16.969 [info] Got 0 sessions for ...
2025-10-16 23:18:16.969 [info] Getting sessions for all scopes...
2025-10-16 23:18:16.969 [info] Got 0 sessions for ...
2025-10-16 23:18:16.969 [info] Getting sessions for all scopes...
2025-10-16 23:18:16.970 [info] Got 0 sessions for ...
2025-10-16 23:18:16.970 [info] Getting sessions for all scopes...
2025-10-16 23:18:16.970 [info] Got 0 sessions for ...
2025-10-16 23:18:16.970 [info] Getting sessions for all scopes...
2025-10-16 23:18:16.970 [info] Got 0 sessions for ...
2025-10-16 23:18:16.971 [info] Getting sessions for all scopes...
2025-10-16 23:18:16.971 [info] Got 0 sessions for ...
2025-10-16 23:18:16.971 [info] Getting sessions for all scopes...
2025-10-16 23:18:16.971 [info] Got 0 sessions for ...
2025-10-16 23:18:17.113 [info] Getting sessions for all scopes...
2025-10-16 23:18:17.113 [info] Got 0 sessions for ...
2025-10-16 23:18:17.115 [info] Getting sessions for all scopes...
2025-10-16 23:18:17.115 [info] Got 0 sessions for ...
2025-10-16 23:18:17.115 [info] Getting sessions for all scopes...
2025-10-16 23:18:17.115 [info] Got 0 sessions for ...
2025-10-16 23:18:17.116 [info] Getting sessions for all scopes...
2025-10-16 23:18:17.116 [info] Got 0 sessions for ...
2025-10-16 23:18:17.117 [info] Getting sessions for all scopes...
2025-10-16 23:18:17.117 [info] Got 0 sessions for ...
2025-10-16 23:18:17.118 [info] Getting sessions for all scopes...
2025-10-16 23:18:17.118 [info] Got 0 sessions for ...
2025-10-16 23:18:18.490 [info] Getting sessions for all scopes...
2025-10-16 23:18:18.491 [info] Got 0 sessions for ...
2025-10-16 23:18:22.723 [info] Getting sessions for all scopes...
2025-10-16 23:18:22.723 [info] Got 0 sessions for ...
2025-10-16 23:18:23.801 [info] Getting sessions for all scopes...
2025-10-16 23:18:23.803 [info] Got 0 sessions for ...
2025-10-16 23:18:23.896 [info] Getting sessions for all scopes...
2025-10-16 23:18:23.896 [info] Got 0 sessions for ...
2025-10-16 23:18:23.900 [info] Getting sessions for all scopes...
2025-10-16 23:18:23.900 [info] Got 0 sessions for ...
2025-10-16 23:18:27.534 [info] Getting sessions for read:user,repo,user:email,workflow...
2025-10-16 23:18:27.534 [info] Got 0 sessions for read:user,repo,user:email,workflow...
