2025-10-17 01:13:41.712 [info] Reading sessions from keychain...
2025-10-17 01:13:41.712 [info] Getting sessions for all scopes...
2025-10-17 01:13:41.712 [info] Got 0 sessions for ...
2025-10-17 01:13:41.712 [info] Getting sessions for all scopes...
2025-10-17 01:13:41.712 [info] Got 0 sessions for ...
2025-10-17 01:13:41.712 [info] Getting sessions for all scopes...
2025-10-17 01:13:41.712 [info] Got 0 sessions for ...
2025-10-17 01:13:41.712 [info] Getting sessions for all scopes...
2025-10-17 01:13:41.712 [info] Got 0 sessions for ...
2025-10-17 01:13:41.712 [info] Getting sessions for all scopes...
2025-10-17 01:13:41.712 [info] Got 0 sessions for ...
2025-10-17 01:13:41.713 [info] Getting sessions for all scopes...
2025-10-17 01:13:41.713 [info] Got 0 sessions for ...
2025-10-17 01:13:41.713 [info] Getting sessions for all scopes...
2025-10-17 01:13:41.713 [info] Got 0 sessions for ...
2025-10-17 01:13:41.713 [info] Getting sessions for all scopes...
2025-10-17 01:13:41.713 [info] Got 0 sessions for ...
2025-10-17 01:13:41.713 [info] Getting sessions for all scopes...
2025-10-17 01:13:41.713 [info] Got 0 sessions for ...
2025-10-17 01:13:41.713 [info] Getting sessions for all scopes...
2025-10-17 01:13:41.713 [info] Got 0 sessions for ...
2025-10-17 01:13:41.713 [info] Getting sessions for all scopes...
2025-10-17 01:13:41.713 [info] Got 0 sessions for ...
2025-10-17 01:13:41.713 [info] Getting sessions for all scopes...
2025-10-17 01:13:41.713 [info] Got 0 sessions for ...
2025-10-17 01:13:41.713 [info] Getting sessions for all scopes...
2025-10-17 01:13:41.713 [info] Got 0 sessions for ...
2025-10-17 01:13:41.750 [info] Getting sessions for all scopes...
2025-10-17 01:13:41.750 [info] Got 0 sessions for ...
2025-10-17 01:13:43.759 [info] Getting sessions for all scopes...
2025-10-17 01:13:43.759 [info] Got 0 sessions for ...
2025-10-17 01:13:44.888 [info] Getting sessions for all scopes...
2025-10-17 01:13:44.888 [info] Got 0 sessions for ...
2025-10-17 01:13:44.903 [info] Getting sessions for all scopes...
2025-10-17 01:13:44.903 [info] Got 0 sessions for ...
2025-10-17 01:13:44.906 [info] Getting sessions for all scopes...
2025-10-17 01:13:44.906 [info] Got 0 sessions for ...
2025-10-17 01:13:50.752 [info] Getting sessions for read:user,repo,user:email,workflow...
2025-10-17 01:13:50.752 [info] Got 0 sessions for read:user,repo,user:email,workflow...
2025-10-17 02:03:15.483 [info] Getting sessions for read:user,repo,user:email,workflow...
2025-10-17 02:03:15.484 [info] Got 0 sessions for read:user,repo,user:email,workflow...
