2025-10-17 02:36:38.613 [info] Reading sessions from keychain...
2025-10-17 02:36:38.613 [info] Getting sessions for all scopes...
2025-10-17 02:36:40.047 [info] Got 0 sessions for ...
2025-10-17 02:36:40.048 [info] Getting sessions for all scopes...
2025-10-17 02:36:40.048 [info] Got 0 sessions for ...
2025-10-17 02:36:40.049 [info] Getting sessions for all scopes...
2025-10-17 02:36:40.049 [info] Got 0 sessions for ...
2025-10-17 02:36:40.050 [info] Getting sessions for all scopes...
2025-10-17 02:36:40.051 [info] Got 0 sessions for ...
2025-10-17 02:36:40.051 [info] Getting sessions for all scopes...
2025-10-17 02:36:40.052 [info] Got 0 sessions for ...
2025-10-17 02:36:40.052 [info] Getting sessions for all scopes...
2025-10-17 02:36:40.052 [info] Got 0 sessions for ...
2025-10-17 02:36:40.053 [info] Getting sessions for all scopes...
2025-10-17 02:36:40.053 [info] Got 0 sessions for ...
2025-10-17 02:36:40.655 [info] Getting sessions for all scopes...
2025-10-17 02:36:40.655 [info] Got 0 sessions for ...
2025-10-17 02:36:40.655 [info] Getting sessions for all scopes...
2025-10-17 02:36:40.655 [info] Got 0 sessions for ...
2025-10-17 02:36:40.656 [info] Getting sessions for all scopes...
2025-10-17 02:36:40.656 [info] Got 0 sessions for ...
2025-10-17 02:36:40.657 [info] Getting sessions for all scopes...
2025-10-17 02:36:40.657 [info] Got 0 sessions for ...
2025-10-17 02:36:40.658 [info] Getting sessions for all scopes...
2025-10-17 02:36:40.658 [info] Got 0 sessions for ...
2025-10-17 02:36:40.658 [info] Getting sessions for all scopes...
2025-10-17 02:36:40.658 [info] Got 0 sessions for ...
2025-10-17 02:36:41.988 [info] Getting sessions for all scopes...
2025-10-17 02:36:41.989 [info] Got 0 sessions for ...
2025-10-17 02:36:45.044 [info] Getting sessions for read:user,repo,user:email,workflow...
2025-10-17 02:36:45.045 [info] Got 0 sessions for read:user,repo,user:email,workflow...
2025-10-17 02:36:54.214 [info] Getting sessions for all scopes...
2025-10-17 02:36:54.215 [info] Got 0 sessions for ...
2025-10-17 02:36:55.918 [info] Getting sessions for all scopes...
2025-10-17 02:36:55.918 [info] Got 0 sessions for ...
2025-10-17 02:36:55.921 [info] Getting sessions for all scopes...
2025-10-17 02:36:55.921 [info] Got 0 sessions for ...
2025-10-17 02:36:55.923 [info] Getting sessions for all scopes...
2025-10-17 02:36:55.923 [info] Got 0 sessions for ...
2025-10-17 02:52:22.007 [info] Getting sessions for read:user,repo,user:email,workflow...
2025-10-17 02:52:22.007 [info] Got 0 sessions for read:user,repo,user:email,workflow...
