2025-10-16 23:27:42.940 [info] [main] Log level: Info
2025-10-16 23:27:42.941 [info] [main] Validating found git in: "git"
2025-10-16 23:27:42.941 [info] [main] Using git "2.34.1" from "git"
2025-10-16 23:27:42.941 [info] [Model][doInitialScan] Initial repository scan started
2025-10-16 23:27:42.941 [info] > git rev-parse --show-toplevel [131ms]
2025-10-16 23:27:42.941 [info] > git rev-parse --git-dir --git-common-dir --show-superproject-working-tree [201ms]
2025-10-16 23:27:42.941 [info] [Model][openRepository] Opened repository (path): /vargant/home-8-03-hw
2025-10-16 23:27:42.941 [info] [Model][openRepository] Opened repository (real path): /vargant/home-8-03-hw
2025-10-16 23:27:42.941 [info] [Model][openRepository] Opened repository (kind): repository
2025-10-16 23:27:42.941 [info] > git rev-parse --show-toplevel [252ms]
2025-10-16 23:27:42.941 [info] > git config --get commit.template [279ms]
2025-10-16 23:27:42.972 [info] > git rev-parse --show-toplevel [77ms]
2025-10-16 23:27:42.983 [info] [Model][doInitialScan] Initial repository scan completed - repositories (1), closed repositories (0), parent repositories (0), unsafe repositories (0)
2025-10-16 23:27:42.989 [info] > git for-each-ref --format=%(refname)%00%(upstream:short)%00%(objectname)%00%(upstream:track)%00%(upstream:remotename)%00%(upstream:remoteref) refs/heads/main refs/remotes/main [50ms]
2025-10-16 23:27:43.037 [info] > git status -z -uall [33ms]
2025-10-16 23:27:43.039 [info] > git for-each-ref --sort -committerdate --format %(refname)%00%(objectname)%00%(*objectname) [11ms]
2025-10-16 23:27:43.308 [info] > git for-each-ref --format=%(refname)%00%(upstream:short)%00%(objectname)%00%(upstream:track)%00%(upstream:remotename)%00%(upstream:remoteref) refs/heads/main refs/remotes/main [156ms]
2025-10-16 23:27:43.403 [info] > git config --get --local branch.main.vscode-merge-base [86ms]
2025-10-16 23:27:43.412 [info] > git config --get commit.template [106ms]
2025-10-16 23:27:43.548 [info] > git check-ignore -v -z --stdin [128ms]
2025-10-16 23:27:43.550 [info] > git for-each-ref --format=%(refname)%00%(upstream:short)%00%(objectname)%00%(upstream:track)%00%(upstream:remotename)%00%(upstream:remoteref) refs/heads/origin/main refs/remotes/origin/main [139ms]
2025-10-16 23:27:43.576 [info] > git merge-base refs/heads/main refs/remotes/origin/main [13ms]
2025-10-16 23:27:43.614 [info] > git show --textconv :README.md [19ms]
2025-10-16 23:27:43.614 [info] > git ls-files --stage -- README.md [8ms]
2025-10-16 23:27:43.624 [info] > git diff --name-status -z --diff-filter=ADMR 82c910d9203a45b8f06532858d09ed13d30b595a...refs/remotes/origin/main [41ms]
2025-10-16 23:27:43.627 [info] > git for-each-ref --format=%(refname)%00%(upstream:short)%00%(objectname)%00%(upstream:track)%00%(upstream:remotename)%00%(upstream:remoteref) refs/heads/main refs/remotes/main [53ms]
2025-10-16 23:27:43.676 [info] > git cat-file -s 1e2c20e2ff4184bfb4e66ea0cdd5b146f7d1c0ee [54ms]
2025-10-16 23:27:43.699 [info] > git status -z -uall [11ms]
2025-10-16 23:27:43.703 [info] > git for-each-ref --sort -committerdate --format %(refname)%00%(objectname)%00%(*objectname) [6ms]
2025-10-16 23:27:44.544 [info] > git blame --root --incremental 82c910d9203a45b8f06532858d09ed13d30b595a -- README.md [12ms]
2025-10-16 23:27:48.222 [info] > git config --get commit.template [10ms]
2025-10-16 23:27:48.226 [info] > git for-each-ref --format=%(refname)%00%(upstream:short)%00%(objectname)%00%(upstream:track)%00%(upstream:remotename)%00%(upstream:remoteref) refs/heads/main refs/remotes/main [5ms]
2025-10-16 23:27:48.245 [info] > git status -z -uall [10ms]
2025-10-16 23:27:48.249 [info] > git for-each-ref --sort -committerdate --format %(refname)%00%(objectname)%00%(*objectname) [6ms]
2025-10-16 23:29:33.525 [info] > git config --get commit.template [11ms]
2025-10-16 23:29:33.540 [info] > git ls-files --stage -- README.md [16ms]
2025-10-16 23:29:33.549 [info] > git for-each-ref --format=%(refname)%00%(upstream:short)%00%(objectname)%00%(upstream:track)%00%(upstream:remotename)%00%(upstream:remoteref) refs/heads/main refs/remotes/main [12ms]
2025-10-16 23:29:33.552 [info] > git cat-file -s 4d1b2a109ec367cb76d8408263474ba4604cb497 [4ms]
2025-10-16 23:29:33.612 [info] > git status -z -uall [34ms]
2025-10-16 23:29:33.617 [info] > git for-each-ref --sort -committerdate --format %(refname)%00%(objectname)%00%(*objectname) [8ms]
2025-10-16 23:29:33.688 [info] > git merge-base refs/heads/main refs/remotes/origin/main [6ms]
2025-10-16 23:29:33.712 [info] > git blame --root --incremental 3203ef83557092716912859cf505df073930e476 -- README.md [58ms]
2025-10-16 23:29:33.744 [info] > git diff --name-status -z --diff-filter=ADMR 82c910d9203a45b8f06532858d09ed13d30b595a...refs/remotes/origin/main [33ms]
2025-10-16 23:29:33.968 [info] > git show --textconv :README.md [228ms]
2025-10-16 23:30:00.046 [info] > git config --get commit.template [11ms]
2025-10-16 23:30:00.058 [info] > git ls-files --stage -- README.md [14ms]
2025-10-16 23:30:00.076 [info] > git for-each-ref --format=%(refname)%00%(upstream:short)%00%(objectname)%00%(upstream:track)%00%(upstream:remotename)%00%(upstream:remoteref) refs/heads/main refs/remotes/main [20ms]
2025-10-16 23:30:00.096 [info] > git cat-file -s 4d1b2a109ec367cb76d8408263474ba4604cb497 [24ms]
2025-10-16 23:30:00.136 [info] > git status -z -uall [11ms]
2025-10-16 23:30:00.152 [info] > git for-each-ref --sort -committerdate --format %(refname)%00%(objectname)%00%(*objectname) [18ms]
2025-10-16 23:30:00.238 [info] > git show --textconv :README.md [88ms]
2025-10-16 23:30:00.238 [info] > git merge-base refs/heads/main refs/remotes/origin/main [6ms]
2025-10-16 23:30:00.393 [info] > git diff --name-status -z --diff-filter=ADMR 3203ef83557092716912859cf505df073930e476...refs/remotes/origin/main [136ms]
2025-10-16 23:30:05.254 [info] > git config --get commit.template [9ms]
2025-10-16 23:30:05.258 [info] > git for-each-ref --format=%(refname)%00%(upstream:short)%00%(objectname)%00%(upstream:track)%00%(upstream:remotename)%00%(upstream:remoteref) refs/heads/main refs/remotes/main [5ms]
2025-10-16 23:30:05.276 [info] > git status -z -uall [11ms]
2025-10-16 23:30:05.283 [info] > git for-each-ref --sort -committerdate --format %(refname)%00%(objectname)%00%(*objectname) [11ms]
2025-10-16 23:30:10.381 [info] > git config --get commit.template [20ms]
2025-10-16 23:30:10.412 [info] > git for-each-ref --format=%(refname)%00%(upstream:short)%00%(objectname)%00%(upstream:track)%00%(upstream:remotename)%00%(upstream:remoteref) refs/heads/main refs/remotes/main [10ms]
2025-10-16 23:30:10.493 [info] > git status -z -uall [34ms]
2025-10-16 23:30:10.506 [info] > git for-each-ref --sort -committerdate --format %(refname)%00%(objectname)%00%(*objectname) [26ms]
2025-10-16 23:31:00.127 [info] > git config --get commit.template [44ms]
2025-10-16 23:31:00.128 [info] > git ls-files --stage -- README.md [12ms]
2025-10-16 23:31:00.156 [info] > git cat-file -s 25b800f0554c42c7965bb5182ae5d6dd8b4d4b19 [8ms]
2025-10-16 23:31:00.160 [info] > git for-each-ref --format=%(refname)%00%(upstream:short)%00%(objectname)%00%(upstream:track)%00%(upstream:remotename)%00%(upstream:remoteref) refs/heads/main refs/remotes/main [5ms]
2025-10-16 23:31:00.217 [info] > git show --textconv :README.md [46ms]
2025-10-16 23:31:00.218 [info] > git status -z -uall [37ms]
2025-10-16 23:31:00.218 [info] > git for-each-ref --sort -committerdate --format %(refname)%00%(objectname)%00%(*objectname) [25ms]
2025-10-16 23:31:00.516 [info] > git merge-base refs/heads/main refs/remotes/origin/main [181ms]
2025-10-16 23:31:00.561 [info] > git blame --root --incremental 5b9c80c07bf351845a2cb980aac6e92577ccc825 -- README.md [267ms]
2025-10-16 23:31:00.579 [info] > git diff --name-status -z --diff-filter=ADMR 5b9c80c07bf351845a2cb980aac6e92577ccc825...refs/remotes/origin/main [19ms]
2025-10-16 23:31:05.427 [info] > git config --get commit.template [24ms]
2025-10-16 23:31:05.455 [info] > git for-each-ref --format=%(refname)%00%(upstream:short)%00%(objectname)%00%(upstream:track)%00%(upstream:remotename)%00%(upstream:remoteref) refs/heads/main refs/remotes/main [8ms]
2025-10-16 23:31:05.537 [info] > git status -z -uall [32ms]
2025-10-16 23:31:05.583 [info] > git for-each-ref --sort -committerdate --format %(refname)%00%(objectname)%00%(*objectname) [49ms]
2025-10-16 23:31:10.639 [info] > git config --get commit.template [4ms]
2025-10-16 23:31:10.648 [info] > git for-each-ref --format=%(refname)%00%(upstream:short)%00%(objectname)%00%(upstream:track)%00%(upstream:remotename)%00%(upstream:remoteref) refs/heads/main refs/remotes/main [4ms]
2025-10-16 23:31:10.665 [info] > git status -z -uall [9ms]
2025-10-16 23:31:10.668 [info] > git for-each-ref --sort -committerdate --format %(refname)%00%(objectname)%00%(*objectname) [5ms]
2025-10-16 23:31:15.717 [info] > git config --get commit.template [10ms]
2025-10-16 23:31:15.718 [info] > git for-each-ref --format=%(refname)%00%(upstream:short)%00%(objectname)%00%(upstream:track)%00%(upstream:remotename)%00%(upstream:remoteref) refs/heads/main refs/remotes/main [4ms]
2025-10-16 23:31:15.735 [info] > git status -z -uall [11ms]
2025-10-16 23:31:15.739 [info] > git for-each-ref --sort -committerdate --format %(refname)%00%(objectname)%00%(*objectname) [7ms]
2025-10-16 23:31:21.277 [info] > git config --get commit.template [6ms]
2025-10-16 23:31:21.312 [info] > git for-each-ref --format=%(refname)%00%(upstream:short)%00%(objectname)%00%(upstream:track)%00%(upstream:remotename)%00%(upstream:remoteref) refs/heads/main refs/remotes/main [12ms]
2025-10-16 23:31:21.425 [info] > git status -z -uall [53ms]
2025-10-16 23:31:21.428 [info] > git for-each-ref --sort -committerdate --format %(refname)%00%(objectname)%00%(*objectname) [44ms]
2025-10-16 23:31:26.529 [info] > git for-each-ref --format=%(refname)%00%(upstream:short)%00%(objectname)%00%(upstream:track)%00%(upstream:remotename)%00%(upstream:remoteref) refs/heads/main refs/remotes/main [6ms]
2025-10-16 23:31:26.534 [info] > git config --get commit.template [26ms]
2025-10-16 23:31:26.565 [info] > git status -z -uall [23ms]
2025-10-16 23:31:26.566 [info] > git for-each-ref --sort -committerdate --format %(refname)%00%(objectname)%00%(*objectname) [9ms]
2025-10-16 23:31:31.598 [info] > git config --get commit.template [4ms]
2025-10-16 23:31:31.611 [info] > git for-each-ref --format=%(refname)%00%(upstream:short)%00%(objectname)%00%(upstream:track)%00%(upstream:remotename)%00%(upstream:remoteref) refs/heads/main refs/remotes/main [5ms]
2025-10-16 23:31:31.625 [info] > git status -z -uall [8ms]
2025-10-16 23:31:31.629 [info] > git for-each-ref --sort -committerdate --format %(refname)%00%(objectname)%00%(*objectname) [4ms]
2025-10-16 23:31:36.719 [info] > git config --get commit.template [16ms]
2025-10-16 23:31:36.748 [info] > git for-each-ref --format=%(refname)%00%(upstream:short)%00%(objectname)%00%(upstream:track)%00%(upstream:remotename)%00%(upstream:remoteref) refs/heads/main refs/remotes/main [4ms]
2025-10-16 23:31:36.770 [info] > git status -z -uall [12ms]
2025-10-16 23:31:36.773 [info] > git for-each-ref --sort -committerdate --format %(refname)%00%(objectname)%00%(*objectname) [7ms]
2025-10-16 23:31:45.760 [info] > git config --get commit.template [30ms]
2025-10-16 23:31:45.762 [info] > git for-each-ref --format=%(refname)%00%(upstream:short)%00%(objectname)%00%(upstream:track)%00%(upstream:remotename)%00%(upstream:remoteref) refs/heads/main refs/remotes/main [10ms]
2025-10-16 23:31:45.793 [info] > git status -z -uall [20ms]
2025-10-16 23:31:45.805 [info] > git for-each-ref --sort -committerdate --format %(refname)%00%(objectname)%00%(*objectname) [15ms]
2025-10-16 23:31:56.145 [info] > git config --get commit.template [7ms]
2025-10-16 23:31:56.149 [info] > git for-each-ref --format=%(refname)%00%(upstream:short)%00%(objectname)%00%(upstream:track)%00%(upstream:remotename)%00%(upstream:remoteref) refs/heads/main refs/remotes/main [5ms]
2025-10-16 23:31:56.164 [info] > git status -z -uall [8ms]
2025-10-16 23:31:56.168 [info] > git for-each-ref --sort -committerdate --format %(refname)%00%(objectname)%00%(*objectname) [5ms]
2025-10-16 23:37:56.604 [info] > git config --get commit.template [16ms]
2025-10-16 23:37:56.637 [info] > git ls-files --stage -- README.md [34ms]
2025-10-16 23:37:56.656 [info] > git for-each-ref --format=%(refname)%00%(upstream:short)%00%(objectname)%00%(upstream:track)%00%(upstream:remotename)%00%(upstream:remoteref) refs/heads/main refs/remotes/main [21ms]
2025-10-16 23:37:56.681 [info] > git status -z -uall [11ms]
2025-10-16 23:37:56.684 [info] > git cat-file -s 20daa13453b1b4a73bc44047514caf98715bbea9 [29ms]
2025-10-16 23:37:56.690 [info] > git for-each-ref --sort -committerdate --format %(refname)%00%(objectname)%00%(*objectname) [11ms]
2025-10-16 23:37:56.915 [info] > git merge-base refs/heads/main refs/remotes/origin/main [116ms]
2025-10-16 23:37:56.935 [info] > git blame --root --incremental c3bc9b531264fb487a11ed94d12e6ce4f5a43e8b -- README.md [155ms]
2025-10-16 23:37:56.954 [info] > git show --textconv :README.md [43ms]
2025-10-16 23:37:56.955 [info] > git diff --name-status -z --diff-filter=ADMR c3bc9b531264fb487a11ed94d12e6ce4f5a43e8b...refs/remotes/origin/main [21ms]
2025-10-16 23:38:01.885 [info] > git config --get commit.template [10ms]
2025-10-16 23:38:01.929 [info] > git for-each-ref --format=%(refname)%00%(upstream:short)%00%(objectname)%00%(upstream:track)%00%(upstream:remotename)%00%(upstream:remoteref) refs/heads/main refs/remotes/main [10ms]
2025-10-16 23:38:01.993 [info] > git status -z -uall [33ms]
2025-10-16 23:38:02.013 [info] > git for-each-ref --sort -committerdate --format %(refname)%00%(objectname)%00%(*objectname) [24ms]
2025-10-16 23:38:07.609 [info] > git config --get commit.template [8ms]
2025-10-16 23:38:07.612 [info] > git for-each-ref --format=%(refname)%00%(upstream:short)%00%(objectname)%00%(upstream:track)%00%(upstream:remotename)%00%(upstream:remoteref) refs/heads/main refs/remotes/main [4ms]
2025-10-16 23:38:07.627 [info] > git status -z -uall [8ms]
2025-10-16 23:38:07.631 [info] > git for-each-ref --sort -committerdate --format %(refname)%00%(objectname)%00%(*objectname) [6ms]
2025-10-16 23:38:18.658 [info] > git config --get commit.template [9ms]
2025-10-16 23:38:18.660 [info] > git for-each-ref --format=%(refname)%00%(upstream:short)%00%(objectname)%00%(upstream:track)%00%(upstream:remotename)%00%(upstream:remoteref) refs/heads/main refs/remotes/main [3ms]
2025-10-16 23:38:18.678 [info] > git status -z -uall [9ms]
2025-10-16 23:38:18.680 [info] > git for-each-ref --sort -committerdate --format %(refname)%00%(objectname)%00%(*objectname) [4ms]
2025-10-16 23:38:35.552 [info] > git config --get commit.template [8ms]
2025-10-16 23:38:35.555 [info] > git for-each-ref --format=%(refname)%00%(upstream:short)%00%(objectname)%00%(upstream:track)%00%(upstream:remotename)%00%(upstream:remoteref) refs/heads/main refs/remotes/main [4ms]
2025-10-16 23:38:35.568 [info] > git status -z -uall [8ms]
2025-10-16 23:38:35.571 [info] > git for-each-ref --sort -committerdate --format %(refname)%00%(objectname)%00%(*objectname) [5ms]
2025-10-16 23:38:41.160 [info] > git config --get commit.template [8ms]
2025-10-16 23:38:41.164 [info] > git for-each-ref --format=%(refname)%00%(upstream:short)%00%(objectname)%00%(upstream:track)%00%(upstream:remotename)%00%(upstream:remoteref) refs/heads/main refs/remotes/main [4ms]
2025-10-16 23:38:41.180 [info] > git status -z -uall [8ms]
2025-10-16 23:38:41.183 [info] > git for-each-ref --sort -committerdate --format %(refname)%00%(objectname)%00%(*objectname) [4ms]
2025-10-16 23:38:46.212 [info] > git config --get commit.template [9ms]
2025-10-16 23:38:46.215 [info] > git for-each-ref --format=%(refname)%00%(upstream:short)%00%(objectname)%00%(upstream:track)%00%(upstream:remotename)%00%(upstream:remoteref) refs/heads/main refs/remotes/main [5ms]
2025-10-16 23:38:46.231 [info] > git status -z -uall [9ms]
2025-10-16 23:38:46.241 [info] > git for-each-ref --sort -committerdate --format %(refname)%00%(objectname)%00%(*objectname) [12ms]
2025-10-16 23:38:51.276 [info] > git config --get commit.template [8ms]
2025-10-16 23:38:51.279 [info] > git for-each-ref --format=%(refname)%00%(upstream:short)%00%(objectname)%00%(upstream:track)%00%(upstream:remotename)%00%(upstream:remoteref) refs/heads/main refs/remotes/main [4ms]
2025-10-16 23:38:51.322 [info] > git status -z -uall [35ms]
2025-10-16 23:38:51.322 [info] > git for-each-ref --sort -committerdate --format %(refname)%00%(objectname)%00%(*objectname) [3ms]
2025-10-16 23:38:56.365 [info] > git config --get commit.template [7ms]
2025-10-16 23:38:56.368 [info] > git for-each-ref --format=%(refname)%00%(upstream:short)%00%(objectname)%00%(upstream:track)%00%(upstream:remotename)%00%(upstream:remoteref) refs/heads/main refs/remotes/main [4ms]
2025-10-16 23:38:56.383 [info] > git status -z -uall [9ms]
2025-10-16 23:38:56.385 [info] > git for-each-ref --sort -committerdate --format %(refname)%00%(objectname)%00%(*objectname) [3ms]
2025-10-16 23:39:04.419 [info] > git config --get commit.template [11ms]
2025-10-16 23:39:04.420 [info] > git for-each-ref --format=%(refname)%00%(upstream:short)%00%(objectname)%00%(upstream:track)%00%(upstream:remotename)%00%(upstream:remoteref) refs/heads/main refs/remotes/main [4ms]
2025-10-16 23:39:04.434 [info] > git status -z -uall [7ms]
2025-10-16 23:39:04.437 [info] > git for-each-ref --sort -committerdate --format %(refname)%00%(objectname)%00%(*objectname) [4ms]
2025-10-16 23:39:09.475 [info] > git config --get commit.template [13ms]
2025-10-16 23:39:09.477 [info] > git for-each-ref --format=%(refname)%00%(upstream:short)%00%(objectname)%00%(upstream:track)%00%(upstream:remotename)%00%(upstream:remoteref) refs/heads/main refs/remotes/main [4ms]
2025-10-16 23:39:09.495 [info] > git status -z -uall [9ms]
2025-10-16 23:39:09.498 [info] > git for-each-ref --sort -committerdate --format %(refname)%00%(objectname)%00%(*objectname) [4ms]
2025-10-16 23:39:51.563 [info] > git config --get commit.template [2ms]
2025-10-16 23:39:51.592 [info] > git for-each-ref --format=%(refname)%00%(upstream:short)%00%(objectname)%00%(upstream:track)%00%(upstream:remotename)%00%(upstream:remoteref) refs/heads/main refs/remotes/main [6ms]
2025-10-16 23:39:51.594 [info] > git ls-files --stage -- README.md [17ms]
2025-10-16 23:39:51.622 [info] > git cat-file -s 20daa13453b1b4a73bc44047514caf98715bbea9 [9ms]
2025-10-16 23:39:51.693 [info] > git status -z -uall [45ms]
2025-10-16 23:39:51.695 [info] > git for-each-ref --sort -committerdate --format %(refname)%00%(objectname)%00%(*objectname) [7ms]
2025-10-16 23:39:51.733 [info] > git show --textconv :README.md [10ms]
2025-10-16 23:39:56.729 [info] > git config --get commit.template [9ms]
2025-10-16 23:39:56.731 [info] > git for-each-ref --format=%(refname)%00%(upstream:short)%00%(objectname)%00%(upstream:track)%00%(upstream:remotename)%00%(upstream:remoteref) refs/heads/main refs/remotes/main [3ms]
2025-10-16 23:39:56.748 [info] > git status -z -uall [8ms]
2025-10-16 23:39:56.752 [info] > git for-each-ref --sort -committerdate --format %(refname)%00%(objectname)%00%(*objectname) [6ms]
2025-10-16 23:39:57.429 [info] > git show --textconv :md-instruction.md [1ms]
2025-10-16 23:39:57.461 [info] > git ls-files --stage -- md-instruction.md [6ms]
2025-10-16 23:39:57.481 [info] > git cat-file -s 32add5b66304719dfa826438aa31aba45bfa065a [1ms]
2025-10-16 23:40:00.773 [info] > git show --textconv :README.md [43ms]
2025-10-16 23:40:00.793 [info] > git ls-files --stage -- README.md [21ms]
2025-10-16 23:40:00.811 [info] > git cat-file -s 20daa13453b1b4a73bc44047514caf98715bbea9 [7ms]
2025-10-16 23:40:01.793 [info] > git config --get commit.template [14ms]
2025-10-16 23:40:01.821 [info] > git for-each-ref --format=%(refname)%00%(upstream:short)%00%(objectname)%00%(upstream:track)%00%(upstream:remotename)%00%(upstream:remoteref) refs/heads/main refs/remotes/main [4ms]
2025-10-16 23:40:01.847 [info] > git status -z -uall [17ms]
2025-10-16 23:40:01.861 [info] > git for-each-ref --sort -committerdate --format %(refname)%00%(objectname)%00%(*objectname) [16ms]
2025-10-16 23:40:07.917 [info] > git for-each-ref --format=%(refname)%00%(upstream:short)%00%(objectname)%00%(upstream:track)%00%(upstream:remotename)%00%(upstream:remoteref) refs/heads/main refs/remotes/main [9ms]
2025-10-16 23:40:07.928 [info] > git config --get commit.template [35ms]
2025-10-16 23:40:07.986 [info] > git status -z -uall [35ms]
2025-10-16 23:40:07.987 [info] > git for-each-ref --sort -committerdate --format %(refname)%00%(objectname)%00%(*objectname) [3ms]
2025-10-16 23:40:47.581 [info] > git ls-files --stage -- README.md [28ms]
2025-10-16 23:40:47.601 [info] > git config --get commit.template [21ms]
2025-10-16 23:40:47.613 [info] > git cat-file -s d650bedd7306a0afcaaac255c0d24f59a94f84be [14ms]
2025-10-16 23:40:47.620 [info] > git for-each-ref --format=%(refname)%00%(upstream:short)%00%(objectname)%00%(upstream:track)%00%(upstream:remotename)%00%(upstream:remoteref) refs/heads/main refs/remotes/main [8ms]
2025-10-16 23:40:47.641 [info] > git status -z -uall [11ms]
2025-10-16 23:40:47.644 [info] > git for-each-ref --sort -committerdate --format %(refname)%00%(objectname)%00%(*objectname) [6ms]
2025-10-16 23:40:47.749 [info] > git merge-base refs/heads/main refs/remotes/origin/main [47ms]
2025-10-16 23:40:47.776 [info] > git blame --root --incremental d762d04de2ef9489e98b548c141c4fd5ef1a6ddf -- README.md [91ms]
2025-10-16 23:40:47.875 [info] > git show --textconv :README.md [130ms]
2025-10-16 23:40:47.876 [info] > git diff --name-status -z --diff-filter=ADMR d762d04de2ef9489e98b548c141c4fd5ef1a6ddf...refs/remotes/origin/main [101ms]
2025-10-16 23:40:52.798 [info] > git config --get commit.template [28ms]
2025-10-16 23:40:52.812 [info] > git for-each-ref --format=%(refname)%00%(upstream:short)%00%(objectname)%00%(upstream:track)%00%(upstream:remotename)%00%(upstream:remoteref) refs/heads/main refs/remotes/main [16ms]
2025-10-16 23:40:52.860 [info] > git status -z -uall [10ms]
2025-10-16 23:40:52.862 [info] > git for-each-ref --sort -committerdate --format %(refname)%00%(objectname)%00%(*objectname) [3ms]
2025-10-16 23:41:02.719 [info] > git config --get commit.template [9ms]
2025-10-16 23:41:02.722 [info] > git for-each-ref --format=%(refname)%00%(upstream:short)%00%(objectname)%00%(upstream:track)%00%(upstream:remotename)%00%(upstream:remoteref) refs/heads/main refs/remotes/main [4ms]
2025-10-16 23:41:02.738 [info] > git status -z -uall [8ms]
2025-10-16 23:41:02.741 [info] > git for-each-ref --sort -committerdate --format %(refname)%00%(objectname)%00%(*objectname) [4ms]
2025-10-16 23:41:07.774 [info] > git config --get commit.template [8ms]
2025-10-16 23:41:07.777 [info] > git for-each-ref --format=%(refname)%00%(upstream:short)%00%(objectname)%00%(upstream:track)%00%(upstream:remotename)%00%(upstream:remoteref) refs/heads/main refs/remotes/main [4ms]
2025-10-16 23:41:07.794 [info] > git status -z -uall [9ms]
2025-10-16 23:41:07.796 [info] > git for-each-ref --sort -committerdate --format %(refname)%00%(objectname)%00%(*objectname) [4ms]
2025-10-16 23:41:16.853 [info] > git config --get commit.template [4ms]
2025-10-16 23:41:16.880 [info] > git for-each-ref --format=%(refname)%00%(upstream:short)%00%(objectname)%00%(upstream:track)%00%(upstream:remotename)%00%(upstream:remoteref) refs/heads/main refs/remotes/main [4ms]
2025-10-16 23:41:16.895 [info] > git status -z -uall [8ms]
2025-10-16 23:41:16.898 [info] > git for-each-ref --sort -committerdate --format %(refname)%00%(objectname)%00%(*objectname) [4ms]
2025-10-16 23:43:15.004 [info] > git config --get commit.template [11ms]
2025-10-16 23:43:15.014 [info] > git ls-files --stage -- README.md [12ms]
2025-10-16 23:43:15.024 [info] > git for-each-ref --format=%(refname)%00%(upstream:short)%00%(objectname)%00%(upstream:track)%00%(upstream:remotename)%00%(upstream:remoteref) refs/heads/main refs/remotes/main [10ms]
2025-10-16 23:43:15.026 [info] > git cat-file -s 549738441c8e57dc69d5678471fe7c8c4f47a661 [3ms]
2025-10-16 23:43:15.094 [info] > git status -z -uall [55ms]
2025-10-16 23:43:15.094 [info] > git for-each-ref --sort -committerdate --format %(refname)%00%(objectname)%00%(*objectname) [25ms]
2025-10-16 23:43:15.152 [info] > git show --textconv :README.md [56ms]
2025-10-16 23:43:15.153 [info] > git merge-base refs/heads/main refs/remotes/origin/main [22ms]
2025-10-16 23:43:15.182 [info] > git blame --root --incremental 24c72e0b903f67d54090d70f64c41b695a619f20 -- README.md [59ms]
2025-10-16 23:43:15.205 [info] > git diff --name-status -z --diff-filter=ADMR 24c72e0b903f67d54090d70f64c41b695a619f20...refs/remotes/origin/main [24ms]
2025-10-16 23:43:20.154 [info] > git config --get commit.template [7ms]
2025-10-16 23:43:20.157 [info] > git for-each-ref --format=%(refname)%00%(upstream:short)%00%(objectname)%00%(upstream:track)%00%(upstream:remotename)%00%(upstream:remoteref) refs/heads/main refs/remotes/main [4ms]
2025-10-16 23:43:20.171 [info] > git status -z -uall [8ms]
2025-10-16 23:43:20.174 [info] > git for-each-ref --sort -committerdate --format %(refname)%00%(objectname)%00%(*objectname) [4ms]
2025-10-16 23:43:29.082 [info] > git config --get commit.template [12ms]
2025-10-16 23:43:29.097 [info] > git for-each-ref --format=%(refname)%00%(upstream:short)%00%(objectname)%00%(upstream:track)%00%(upstream:remotename)%00%(upstream:remoteref) refs/heads/main refs/remotes/main [6ms]
2025-10-16 23:43:29.120 [info] > git status -z -uall [15ms]
2025-10-16 23:43:29.136 [info] > git for-each-ref --sort -committerdate --format %(refname)%00%(objectname)%00%(*objectname) [19ms]
2025-10-16 23:43:34.939 [info] > git show --textconv :Markdown-docs.md [13ms]
2025-10-16 23:43:34.974 [info] > git ls-files --stage -- Markdown-docs.md [36ms]
2025-10-16 23:43:34.989 [info] > git hash-object -t tree /dev/null [26ms]
2025-10-16 23:43:34.992 [warning] [GitFileSystemProvider][readFile] File not found - git:/vargant/home-8-03-hw/Markdown-docs.md.git?%7B%22path%22%3A%22%2Fvargant%2Fhome-8-03-hw%2FMarkdown-docs.md%22%2C%22ref%22%3A%22%22%7D
2025-10-16 23:43:35.002 [info] > git hash-object -t tree /dev/null [18ms]
2025-10-16 23:43:35.004 [warning] [GitFileSystemProvider][stat] File not found - git:/vargant/home-8-03-hw/Markdown-docs.md.git?%7B%22path%22%3A%22%2Fvargant%2Fhome-8-03-hw%2FMarkdown-docs.md%22%2C%22ref%22%3A%22%22%7D
2025-10-16 23:43:35.153 [info] > git check-ignore -v -z --stdin [7ms]
2025-10-16 23:43:35.780 [info] > git config --get commit.template [9ms]
2025-10-16 23:43:35.783 [info] > git for-each-ref --format=%(refname)%00%(upstream:short)%00%(objectname)%00%(upstream:track)%00%(upstream:remotename)%00%(upstream:remoteref) refs/heads/main refs/remotes/main [4ms]
2025-10-16 23:43:35.800 [info] > git status -z -uall [10ms]
2025-10-16 23:43:35.802 [info] > git for-each-ref --sort -committerdate --format %(refname)%00%(objectname)%00%(*objectname) [5ms]
2025-10-16 23:44:09.082 [info] > git config --get commit.template [8ms]
2025-10-16 23:44:09.085 [info] > git for-each-ref --format=%(refname)%00%(upstream:short)%00%(objectname)%00%(upstream:track)%00%(upstream:remotename)%00%(upstream:remoteref) refs/heads/main refs/remotes/main [4ms]
2025-10-16 23:44:09.129 [info] > git status -z -uall [34ms]
2025-10-16 23:44:09.148 [info] > git for-each-ref --sort -committerdate --format %(refname)%00%(objectname)%00%(*objectname) [24ms]
2025-10-16 23:44:14.950 [info] > git config --get commit.template [9ms]
2025-10-16 23:44:14.953 [info] > git for-each-ref --format=%(refname)%00%(upstream:short)%00%(objectname)%00%(upstream:track)%00%(upstream:remotename)%00%(upstream:remoteref) refs/heads/main refs/remotes/main [4ms]
2025-10-16 23:44:14.968 [info] > git status -z -uall [7ms]
2025-10-16 23:44:14.971 [info] > git for-each-ref --sort -committerdate --format %(refname)%00%(objectname)%00%(*objectname) [3ms]
2025-10-16 23:44:19.999 [info] > git config --get commit.template [7ms]
2025-10-16 23:44:20.002 [info] > git for-each-ref --format=%(refname)%00%(upstream:short)%00%(objectname)%00%(upstream:track)%00%(upstream:remotename)%00%(upstream:remoteref) refs/heads/main refs/remotes/main [4ms]
2025-10-16 23:44:20.018 [info] > git status -z -uall [8ms]
2025-10-16 23:44:20.028 [info] > git for-each-ref --sort -committerdate --format %(refname)%00%(objectname)%00%(*objectname) [11ms]
2025-10-16 23:45:37.940 [info] > git config --get commit.template [15ms]
2025-10-16 23:45:37.944 [info] > git for-each-ref --format=%(refname)%00%(upstream:short)%00%(objectname)%00%(upstream:track)%00%(upstream:remotename)%00%(upstream:remoteref) refs/heads/main refs/remotes/main [6ms]
2025-10-16 23:45:38.003 [info] > git status -z -uall [22ms]
2025-10-16 23:45:38.007 [info] > git for-each-ref --sort -committerdate --format %(refname)%00%(objectname)%00%(*objectname) [5ms]
2025-10-16 23:45:38.047 [info] > git merge-base refs/heads/main refs/remotes/origin/main [5ms]
2025-10-16 23:45:38.108 [info] > git diff --name-status -z --diff-filter=ADMR 24c72e0b903f67d54090d70f64c41b695a619f20...refs/remotes/origin/main [7ms]
2025-10-16 23:45:38.415 [info] > git show --textconv :Markdown-docs.md [10ms]
2025-10-16 23:45:38.418 [info] > git ls-files --stage -- Markdown-docs.md [5ms]
2025-10-16 23:45:38.445 [info] > git cat-file -s d1336901d291c386a03ff7de74f2ca8edc3a19a7 [13ms]
2025-10-16 23:45:38.835 [info] > git blame --root --incremental 719376bbb4fa212b57ff4522b3653b9035e1ab49 -- Markdown-docs.md [4ms]
2025-10-16 23:45:40.746 [info] > git show --textconv :md-instruction.md [18ms]
2025-10-16 23:45:40.755 [info] > git ls-files --stage -- md-instruction.md [11ms]
2025-10-16 23:45:40.792 [info] > git cat-file -s 32add5b66304719dfa826438aa31aba45bfa065a [3ms]
2025-10-16 23:45:43.091 [info] > git config --get commit.template [14ms]
2025-10-16 23:45:43.116 [info] > git for-each-ref --format=%(refname)%00%(upstream:short)%00%(objectname)%00%(upstream:track)%00%(upstream:remotename)%00%(upstream:remoteref) refs/heads/main refs/remotes/main [13ms]
2025-10-16 23:45:43.181 [info] > git status -z -uall [28ms]
2025-10-16 23:45:43.182 [info] > git for-each-ref --sort -committerdate --format %(refname)%00%(objectname)%00%(*objectname) [9ms]
2025-10-16 23:45:44.452 [info] > git show --textconv :README.md [24ms]
2025-10-16 23:45:44.478 [info] > git ls-files --stage -- README.md [27ms]
2025-10-16 23:45:44.496 [info] > git cat-file -s 549738441c8e57dc69d5678471fe7c8c4f47a661 [9ms]
2025-10-16 23:45:44.667 [info] > git blame --root --incremental 719376bbb4fa212b57ff4522b3653b9035e1ab49 -- README.md [13ms]
2025-10-16 23:46:01.914 [info] > git config --get commit.template [9ms]
2025-10-16 23:46:01.917 [info] > git for-each-ref --format=%(refname)%00%(upstream:short)%00%(objectname)%00%(upstream:track)%00%(upstream:remotename)%00%(upstream:remoteref) refs/heads/main refs/remotes/main [4ms]
2025-10-16 23:46:01.931 [info] > git status -z -uall [8ms]
2025-10-16 23:46:01.934 [info] > git for-each-ref --sort -committerdate --format %(refname)%00%(objectname)%00%(*objectname) [4ms]
2025-10-16 23:46:06.966 [info] > git config --get commit.template [9ms]
2025-10-16 23:46:06.969 [info] > git for-each-ref --format=%(refname)%00%(upstream:short)%00%(objectname)%00%(upstream:track)%00%(upstream:remotename)%00%(upstream:remoteref) refs/heads/main refs/remotes/main [4ms]
2025-10-16 23:46:06.984 [info] > git status -z -uall [8ms]
2025-10-16 23:46:06.987 [info] > git for-each-ref --sort -committerdate --format %(refname)%00%(objectname)%00%(*objectname) [4ms]
2025-10-16 23:47:25.132 [info] > git config --get commit.template [19ms]
2025-10-16 23:47:25.148 [info] > git ls-files --stage -- README.md [24ms]
2025-10-16 23:47:25.201 [info] > git cat-file -s 67b1f3b9a9d52ac831a29b495226743a9f68896d [12ms]
2025-10-16 23:47:25.218 [info] > git for-each-ref --format=%(refname)%00%(upstream:short)%00%(objectname)%00%(upstream:track)%00%(upstream:remotename)%00%(upstream:remoteref) refs/heads/main refs/remotes/main [18ms]
2025-10-16 23:47:25.220 [info] > git show --textconv :README.md [5ms]
2025-10-16 23:47:25.304 [info] > git status -z -uall [67ms]
2025-10-16 23:47:25.305 [info] > git for-each-ref --sort -committerdate --format %(refname)%00%(objectname)%00%(*objectname) [31ms]
2025-10-16 23:47:25.357 [info] > git merge-base refs/heads/main refs/remotes/origin/main [16ms]
2025-10-16 23:47:25.376 [info] > git blame --root --incremental 9593c1d698cddd099e0ecdb53036b936006e1747 -- README.md [52ms]
2025-10-16 23:47:25.382 [info] > git diff --name-status -z --diff-filter=ADMR 9593c1d698cddd099e0ecdb53036b936006e1747...refs/remotes/origin/main [7ms]
2025-10-16 23:47:30.361 [info] > git config --get commit.template [8ms]
2025-10-16 23:47:30.365 [info] > git for-each-ref --format=%(refname)%00%(upstream:short)%00%(objectname)%00%(upstream:track)%00%(upstream:remotename)%00%(upstream:remoteref) refs/heads/main refs/remotes/main [5ms]
2025-10-16 23:47:30.417 [info] > git status -z -uall [45ms]
2025-10-16 23:47:30.417 [info] > git for-each-ref --sort -committerdate --format %(refname)%00%(objectname)%00%(*objectname) [5ms]
2025-10-16 23:47:35.848 [info] > git config --get commit.template [8ms]
2025-10-16 23:47:35.851 [info] > git for-each-ref --format=%(refname)%00%(upstream:short)%00%(objectname)%00%(upstream:track)%00%(upstream:remotename)%00%(upstream:remoteref) refs/heads/main refs/remotes/main [4ms]
2025-10-16 23:47:35.866 [info] > git status -z -uall [8ms]
2025-10-16 23:47:35.871 [info] > git for-each-ref --sort -committerdate --format %(refname)%00%(objectname)%00%(*objectname) [7ms]
2025-10-16 23:48:16.494 [info] > git check-ignore -v -z --stdin [3ms]
2025-10-16 23:48:18.583 [info] > git config --get commit.template [8ms]
2025-10-16 23:48:18.619 [info] > git for-each-ref --format=%(refname)%00%(upstream:short)%00%(objectname)%00%(upstream:track)%00%(upstream:remotename)%00%(upstream:remoteref) refs/heads/main refs/remotes/main [16ms]
2025-10-16 23:48:18.672 [info] > git status -z -uall [27ms]
2025-10-16 23:48:18.681 [info] > git for-each-ref --sort -committerdate --format %(refname)%00%(objectname)%00%(*objectname) [12ms]
2025-10-16 23:48:23.733 [info] > git config --get commit.template [21ms]
2025-10-16 23:48:23.736 [info] > git for-each-ref --format=%(refname)%00%(upstream:short)%00%(objectname)%00%(upstream:track)%00%(upstream:remotename)%00%(upstream:remoteref) refs/heads/main refs/remotes/main [5ms]
2025-10-16 23:48:23.763 [info] > git status -z -uall [16ms]
2025-10-16 23:48:23.766 [info] > git for-each-ref --sort -committerdate --format %(refname)%00%(objectname)%00%(*objectname) [4ms]
2025-10-16 23:49:27.941 [info] > git config --get commit.template [29ms]
2025-10-16 23:49:27.961 [info] > git for-each-ref --format=%(refname)%00%(upstream:short)%00%(objectname)%00%(upstream:track)%00%(upstream:remotename)%00%(upstream:remoteref) refs/heads/main refs/remotes/main [21ms]
2025-10-16 23:49:28.008 [info] > git status -z -uall [8ms]
2025-10-16 23:49:28.011 [info] > git for-each-ref --sort -committerdate --format %(refname)%00%(objectname)%00%(*objectname) [5ms]
2025-10-16 23:49:32.907 [info] > git show --textconv :README.md [44ms]
2025-10-16 23:49:32.909 [info] > git ls-files --stage -- README.md [17ms]
2025-10-16 23:49:32.942 [info] > git cat-file -s 67b1f3b9a9d52ac831a29b495226743a9f68896d [3ms]
2025-10-16 23:49:33.118 [info] > git config --get commit.template [35ms]
2025-10-16 23:49:33.168 [info] > git for-each-ref --format=%(refname)%00%(upstream:short)%00%(objectname)%00%(upstream:track)%00%(upstream:remotename)%00%(upstream:remoteref) refs/heads/main refs/remotes/main [14ms]
2025-10-16 23:49:33.200 [info] > git status -z -uall [23ms]
2025-10-16 23:49:33.220 [info] > git for-each-ref --sort -committerdate --format %(refname)%00%(objectname)%00%(*objectname) [27ms]
2025-10-16 23:50:30.798 [info] > git config --get commit.template [11ms]
2025-10-16 23:50:30.802 [info] > git for-each-ref --format=%(refname)%00%(upstream:short)%00%(objectname)%00%(upstream:track)%00%(upstream:remotename)%00%(upstream:remoteref) refs/heads/main refs/remotes/main [6ms]
2025-10-16 23:50:30.855 [info] > git status -z -uall [18ms]
2025-10-16 23:50:30.860 [info] > git for-each-ref --sort -committerdate --format %(refname)%00%(objectname)%00%(*objectname) [6ms]
2025-10-16 23:50:35.897 [info] > git config --get commit.template [8ms]
2025-10-16 23:50:35.900 [info] > git for-each-ref --format=%(refname)%00%(upstream:short)%00%(objectname)%00%(upstream:track)%00%(upstream:remotename)%00%(upstream:remoteref) refs/heads/main refs/remotes/main [4ms]
2025-10-16 23:50:35.915 [info] > git status -z -uall [8ms]
2025-10-16 23:50:35.918 [info] > git for-each-ref --sort -committerdate --format %(refname)%00%(objectname)%00%(*objectname) [4ms]
2025-10-16 23:50:39.496 [info] > git show --textconv :Vargantfole [1ms]
2025-10-16 23:50:39.497 [warning] [GitFileSystemProvider][readFile] File not found - git:/vargant/home-8-03-hw/Vargantfole.git?%7B%22path%22%3A%22%2Fvargant%2Fhome-8-03-hw%2FVargantfole%22%2C%22ref%22%3A%22%22%7D
2025-10-16 23:50:39.550 [info] > git ls-files --stage -- Vargantfole [23ms]
2025-10-16 23:50:39.552 [warning] [GitFileSystemProvider][stat] File not found - git:/vargant/home-8-03-hw/Vargantfole.git?%7B%22path%22%3A%22%2Fvargant%2Fhome-8-03-hw%2FVargantfole%22%2C%22ref%22%3A%22%22%7D
2025-10-16 23:50:39.717 [info] > git check-ignore -v -z --stdin [8ms]
2025-10-16 23:50:41.268 [info] > git config --get commit.template [24ms]
2025-10-16 23:50:41.284 [info] > git for-each-ref --format=%(refname)%00%(upstream:short)%00%(objectname)%00%(upstream:track)%00%(upstream:remotename)%00%(upstream:remoteref) refs/heads/main refs/remotes/main [19ms]
2025-10-16 23:50:41.339 [info] > git status -z -uall [28ms]
2025-10-16 23:50:41.340 [info] > git for-each-ref --sort -committerdate --format %(refname)%00%(objectname)%00%(*objectname) [4ms]
2025-10-16 23:51:01.175 [info] > git config --get commit.template [8ms]
2025-10-16 23:51:01.179 [info] > git for-each-ref --format=%(refname)%00%(upstream:short)%00%(objectname)%00%(upstream:track)%00%(upstream:remotename)%00%(upstream:remoteref) refs/heads/main refs/remotes/main [5ms]
2025-10-16 23:51:01.194 [info] > git status -z -uall [9ms]
2025-10-16 23:51:01.197 [info] > git for-each-ref --sort -committerdate --format %(refname)%00%(objectname)%00%(*objectname) [5ms]
2025-10-16 23:51:01.850 [info] > git show --textconv :Vagrantfile [12ms]
2025-10-16 23:51:01.861 [warning] [GitFileSystemProvider][readFile] File not found - git:/vargant/home-8-03-hw/Vagrantfile.git?%7B%22path%22%3A%22%2Fvargant%2Fhome-8-03-hw%2FVagrantfile%22%2C%22ref%22%3A%22%22%7D
2025-10-16 23:51:01.871 [info] > git ls-files --stage -- Vagrantfile [23ms]
2025-10-16 23:51:01.884 [warning] [GitFileSystemProvider][stat] File not found - git:/vargant/home-8-03-hw/Vagrantfile.git?%7B%22path%22%3A%22%2Fvargant%2Fhome-8-03-hw%2FVagrantfile%22%2C%22ref%22%3A%22%22%7D
2025-10-16 23:51:06.227 [info] > git config --get commit.template [8ms]
2025-10-16 23:51:06.229 [info] > git for-each-ref --format=%(refname)%00%(upstream:short)%00%(objectname)%00%(upstream:track)%00%(upstream:remotename)%00%(upstream:remoteref) refs/heads/main refs/remotes/main [3ms]
2025-10-16 23:51:06.252 [info] > git status -z -uall [12ms]
2025-10-16 23:51:06.261 [info] > git for-each-ref --sort -committerdate --format %(refname)%00%(objectname)%00%(*objectname) [13ms]
2025-10-16 23:51:11.337 [info] > git config --get commit.template [8ms]
2025-10-16 23:51:11.340 [info] > git for-each-ref --format=%(refname)%00%(upstream:short)%00%(objectname)%00%(upstream:track)%00%(upstream:remotename)%00%(upstream:remoteref) refs/heads/main refs/remotes/main [4ms]
2025-10-16 23:51:11.364 [info] > git status -z -uall [15ms]
2025-10-16 23:51:11.376 [info] > git for-each-ref --sort -committerdate --format %(refname)%00%(objectname)%00%(*objectname) [16ms]
2025-10-16 23:51:16.409 [info] > git config --get commit.template [9ms]
2025-10-16 23:51:16.412 [info] > git for-each-ref --format=%(refname)%00%(upstream:short)%00%(objectname)%00%(upstream:track)%00%(upstream:remotename)%00%(upstream:remoteref) refs/heads/main refs/remotes/main [4ms]
2025-10-16 23:51:16.425 [info] > git status -z -uall [7ms]
2025-10-16 23:51:16.430 [info] > git for-each-ref --sort -committerdate --format %(refname)%00%(objectname)%00%(*objectname) [6ms]
2025-10-16 23:51:26.183 [info] > git config --get commit.template [11ms]
2025-10-16 23:51:26.185 [info] > git for-each-ref --format=%(refname)%00%(upstream:short)%00%(objectname)%00%(upstream:track)%00%(upstream:remotename)%00%(upstream:remoteref) refs/heads/main refs/remotes/main [4ms]
2025-10-16 23:51:26.200 [info] > git status -z -uall [9ms]
2025-10-16 23:51:26.204 [info] > git for-each-ref --sort -committerdate --format %(refname)%00%(objectname)%00%(*objectname) [5ms]
2025-10-16 23:51:35.935 [info] > git config --get commit.template [11ms]
2025-10-16 23:51:35.941 [info] > git for-each-ref --format=%(refname)%00%(upstream:short)%00%(objectname)%00%(upstream:track)%00%(upstream:remotename)%00%(upstream:remoteref) refs/heads/main refs/remotes/main [9ms]
2025-10-16 23:51:35.967 [info] > git status -z -uall [8ms]
2025-10-16 23:51:35.970 [info] > git for-each-ref --sort -committerdate --format %(refname)%00%(objectname)%00%(*objectname) [5ms]
2025-10-16 23:52:08.374 [info] > git check-ignore -v -z --stdin [3ms]
2025-10-16 23:52:41.790 [info] > git config --get commit.template [12ms]
2025-10-16 23:52:41.792 [info] > git for-each-ref --format=%(refname)%00%(upstream:short)%00%(objectname)%00%(upstream:track)%00%(upstream:remotename)%00%(upstream:remoteref) refs/heads/main refs/remotes/main [3ms]
2025-10-16 23:52:41.833 [info] > git status -z -uall [28ms]
2025-10-16 23:52:41.836 [info] > git for-each-ref --sort -committerdate --format %(refname)%00%(objectname)%00%(*objectname) [12ms]
2025-10-16 23:54:01.446 [info] > git config --get commit.template [1ms]
2025-10-16 23:54:01.460 [info] > git for-each-ref --format=%(refname)%00%(upstream:short)%00%(objectname)%00%(upstream:track)%00%(upstream:remotename)%00%(upstream:remoteref) refs/heads/main refs/remotes/main [4ms]
2025-10-16 23:54:01.484 [info] > git status -z -uall [12ms]
2025-10-16 23:54:01.488 [info] > git for-each-ref --sort -committerdate --format %(refname)%00%(objectname)%00%(*objectname) [6ms]
2025-10-16 23:54:06.541 [info] > git config --get commit.template [6ms]
2025-10-16 23:54:06.557 [info] > git for-each-ref --format=%(refname)%00%(upstream:short)%00%(objectname)%00%(upstream:track)%00%(upstream:remotename)%00%(upstream:remoteref) refs/heads/main refs/remotes/main [4ms]
2025-10-16 23:54:06.576 [info] > git status -z -uall [11ms]
2025-10-16 23:54:06.579 [info] > git for-each-ref --sort -committerdate --format %(refname)%00%(objectname)%00%(*objectname) [6ms]
2025-10-16 23:54:20.105 [info] > git config --get commit.template [7ms]
2025-10-16 23:54:20.143 [info] > git for-each-ref --format=%(refname)%00%(upstream:short)%00%(objectname)%00%(upstream:track)%00%(upstream:remotename)%00%(upstream:remoteref) refs/heads/main refs/remotes/main [9ms]
2025-10-16 23:54:20.162 [info] > git status -z -uall [11ms]
2025-10-16 23:54:20.169 [info] > git for-each-ref --sort -committerdate --format %(refname)%00%(objectname)%00%(*objectname) [9ms]
2025-10-16 23:56:44.412 [info] > git config --get commit.template [3ms]
2025-10-16 23:56:44.427 [info] > git for-each-ref --format=%(refname)%00%(upstream:short)%00%(objectname)%00%(upstream:track)%00%(upstream:remotename)%00%(upstream:remoteref) refs/heads/main refs/remotes/main [6ms]
2025-10-16 23:56:44.488 [info] > git status -z -uall [41ms]
2025-10-16 23:56:44.493 [info] > git for-each-ref --sort -committerdate --format %(refname)%00%(objectname)%00%(*objectname) [9ms]
2025-10-16 23:56:46.753 [info] > git show --textconv :README.md [27ms]
2025-10-16 23:56:46.760 [info] > git ls-files --stage -- README.md [12ms]
2025-10-16 23:56:46.792 [info] > git cat-file -s 67b1f3b9a9d52ac831a29b495226743a9f68896d [13ms]
2025-10-16 23:56:49.565 [info] > git config --get commit.template [6ms]
2025-10-16 23:56:49.601 [info] > git for-each-ref --format=%(refname)%00%(upstream:short)%00%(objectname)%00%(upstream:track)%00%(upstream:remotename)%00%(upstream:remoteref) refs/heads/main refs/remotes/main [7ms]
2025-10-16 23:56:49.681 [info] > git status -z -uall [37ms]
2025-10-16 23:56:49.681 [info] > git for-each-ref --sort -committerdate --format %(refname)%00%(objectname)%00%(*objectname) [3ms]
2025-10-16 23:57:14.054 [info] > git config --get commit.template [18ms]
2025-10-16 23:57:14.055 [info] > git for-each-ref --format=%(refname)%00%(upstream:short)%00%(objectname)%00%(upstream:track)%00%(upstream:remotename)%00%(upstream:remoteref) refs/heads/main refs/remotes/main [7ms]
2025-10-16 23:57:14.103 [info] > git status -z -uall [30ms]
2025-10-16 23:57:14.132 [info] > git for-each-ref --sort -committerdate --format %(refname)%00%(objectname)%00%(*objectname) [35ms]
2025-10-16 23:57:15.318 [info] > git show --textconv :Markdown-docs.md [29ms]
2025-10-16 23:57:15.319 [info] > git ls-files --stage -- Markdown-docs.md [12ms]
2025-10-16 23:57:15.337 [info] > git cat-file -s d1336901d291c386a03ff7de74f2ca8edc3a19a7 [10ms]
2025-10-16 23:57:15.881 [info] > git blame --root --incremental 9593c1d698cddd099e0ecdb53036b936006e1747 -- Markdown-docs.md [14ms]
2025-10-16 23:57:35.969 [info] > git config --get commit.template [8ms]
2025-10-16 23:57:35.972 [info] > git for-each-ref --format=%(refname)%00%(upstream:short)%00%(objectname)%00%(upstream:track)%00%(upstream:remotename)%00%(upstream:remoteref) refs/heads/main refs/remotes/main [4ms]
2025-10-16 23:57:35.988 [info] > git status -z -uall [9ms]
2025-10-16 23:57:35.991 [info] > git for-each-ref --sort -committerdate --format %(refname)%00%(objectname)%00%(*objectname) [4ms]
2025-10-16 23:57:48.656 [info] > git show --textconv :README.md [1ms]
2025-10-16 23:57:48.691 [info] > git ls-files --stage -- README.md [7ms]
2025-10-16 23:57:48.716 [info] > git cat-file -s 67b1f3b9a9d52ac831a29b495226743a9f68896d [12ms]
2025-10-16 23:57:54.946 [info] > git config --get commit.template [8ms]
2025-10-16 23:57:54.948 [info] > git for-each-ref --format=%(refname)%00%(upstream:short)%00%(objectname)%00%(upstream:track)%00%(upstream:remotename)%00%(upstream:remoteref) refs/heads/main refs/remotes/main [3ms]
2025-10-16 23:57:54.964 [info] > git status -z -uall [8ms]
2025-10-16 23:57:54.967 [info] > git for-each-ref --sort -committerdate --format %(refname)%00%(objectname)%00%(*objectname) [4ms]
2025-10-16 23:58:00.017 [info] > git config --get commit.template [15ms]
2025-10-16 23:58:00.044 [info] > git for-each-ref --format=%(refname)%00%(upstream:short)%00%(objectname)%00%(upstream:track)%00%(upstream:remotename)%00%(upstream:remoteref) refs/heads/main refs/remotes/main [10ms]
2025-10-16 23:58:00.113 [info] > git status -z -uall [30ms]
2025-10-16 23:58:00.117 [info] > git for-each-ref --sort -committerdate --format %(refname)%00%(objectname)%00%(*objectname) [13ms]
2025-10-16 23:58:07.694 [info] > git config --get commit.template [8ms]
2025-10-16 23:58:07.697 [info] > git for-each-ref --format=%(refname)%00%(upstream:short)%00%(objectname)%00%(upstream:track)%00%(upstream:remotename)%00%(upstream:remoteref) refs/heads/main refs/remotes/main [4ms]
2025-10-16 23:58:07.712 [info] > git status -z -uall [7ms]
2025-10-16 23:58:07.714 [info] > git for-each-ref --sort -committerdate --format %(refname)%00%(objectname)%00%(*objectname) [4ms]
2025-10-16 23:58:21.943 [info] > git config --get commit.template [7ms]
2025-10-16 23:58:21.965 [info] > git for-each-ref --format=%(refname)%00%(upstream:short)%00%(objectname)%00%(upstream:track)%00%(upstream:remotename)%00%(upstream:remoteref) refs/heads/main refs/remotes/main [8ms]
2025-10-16 23:58:21.982 [info] > git status -z -uall [8ms]
2025-10-16 23:58:21.985 [info] > git for-each-ref --sort -committerdate --format %(refname)%00%(objectname)%00%(*objectname) [4ms]
2025-10-16 23:58:27.026 [info] > git config --get commit.template [9ms]
2025-10-16 23:58:27.029 [info] > git for-each-ref --format=%(refname)%00%(upstream:short)%00%(objectname)%00%(upstream:track)%00%(upstream:remotename)%00%(upstream:remoteref) refs/heads/main refs/remotes/main [4ms]
2025-10-16 23:58:27.043 [info] > git status -z -uall [9ms]
2025-10-16 23:58:27.046 [info] > git for-each-ref --sort -committerdate --format %(refname)%00%(objectname)%00%(*objectname) [4ms]
2025-10-16 23:58:32.072 [info] > git config --get commit.template [5ms]
2025-10-16 23:58:32.083 [info] > git for-each-ref --format=%(refname)%00%(upstream:short)%00%(objectname)%00%(upstream:track)%00%(upstream:remotename)%00%(upstream:remoteref) refs/heads/main refs/remotes/main [3ms]
2025-10-16 23:58:32.111 [info] > git status -z -uall [16ms]
2025-10-16 23:58:32.117 [info] > git for-each-ref --sort -committerdate --format %(refname)%00%(objectname)%00%(*objectname) [7ms]
2025-10-16 23:58:37.153 [info] > git config --get commit.template [4ms]
2025-10-16 23:58:37.165 [info] > git for-each-ref --format=%(refname)%00%(upstream:short)%00%(objectname)%00%(upstream:track)%00%(upstream:remotename)%00%(upstream:remoteref) refs/heads/main refs/remotes/main [5ms]
2025-10-16 23:58:37.189 [info] > git status -z -uall [8ms]
2025-10-16 23:58:37.192 [info] > git for-each-ref --sort -committerdate --format %(refname)%00%(objectname)%00%(*objectname) [5ms]
2025-10-16 23:58:42.233 [info] > git config --get commit.template [14ms]
2025-10-16 23:58:42.237 [info] > git for-each-ref --format=%(refname)%00%(upstream:short)%00%(objectname)%00%(upstream:track)%00%(upstream:remotename)%00%(upstream:remoteref) refs/heads/main refs/remotes/main [5ms]
2025-10-16 23:58:42.257 [info] > git status -z -uall [11ms]
2025-10-16 23:58:42.261 [info] > git for-each-ref --sort -committerdate --format %(refname)%00%(objectname)%00%(*objectname) [7ms]
2025-10-16 23:58:47.300 [info] > git config --get commit.template [10ms]
2025-10-16 23:58:47.302 [info] > git for-each-ref --format=%(refname)%00%(upstream:short)%00%(objectname)%00%(upstream:track)%00%(upstream:remotename)%00%(upstream:remoteref) refs/heads/main refs/remotes/main [3ms]
2025-10-16 23:58:47.316 [info] > git status -z -uall [7ms]
2025-10-16 23:58:47.319 [info] > git for-each-ref --sort -committerdate --format %(refname)%00%(objectname)%00%(*objectname) [5ms]
2025-10-16 23:59:01.209 [info] > git config --get commit.template [9ms]
2025-10-16 23:59:01.212 [info] > git for-each-ref --format=%(refname)%00%(upstream:short)%00%(objectname)%00%(upstream:track)%00%(upstream:remotename)%00%(upstream:remoteref) refs/heads/main refs/remotes/main [4ms]
2025-10-16 23:59:01.226 [info] > git status -z -uall [9ms]
2025-10-16 23:59:01.229 [info] > git for-each-ref --sort -committerdate --format %(refname)%00%(objectname)%00%(*objectname) [5ms]
2025-10-16 23:59:10.934 [info] > git config --get commit.template [10ms]
2025-10-16 23:59:10.937 [info] > git for-each-ref --format=%(refname)%00%(upstream:short)%00%(objectname)%00%(upstream:track)%00%(upstream:remotename)%00%(upstream:remoteref) refs/heads/main refs/remotes/main [4ms]
2025-10-16 23:59:10.952 [info] > git status -z -uall [8ms]
2025-10-16 23:59:10.955 [info] > git for-each-ref --sort -committerdate --format %(refname)%00%(objectname)%00%(*objectname) [4ms]
2025-10-16 23:59:16.815 [info] > git config --get commit.template [11ms]
2025-10-16 23:59:16.817 [info] > git for-each-ref --format=%(refname)%00%(upstream:short)%00%(objectname)%00%(upstream:track)%00%(upstream:remotename)%00%(upstream:remoteref) refs/heads/main refs/remotes/main [3ms]
2025-10-16 23:59:16.838 [info] > git status -z -uall [12ms]
2025-10-16 23:59:16.842 [info] > git for-each-ref --sort -committerdate --format %(refname)%00%(objectname)%00%(*objectname) [7ms]
2025-10-16 23:59:28.500 [info] > git config --get commit.template [5ms]
2025-10-16 23:59:28.512 [info] > git for-each-ref --format=%(refname)%00%(upstream:short)%00%(objectname)%00%(upstream:track)%00%(upstream:remotename)%00%(upstream:remoteref) refs/heads/main refs/remotes/main [4ms]
2025-10-16 23:59:28.528 [info] > git status -z -uall [8ms]
2025-10-16 23:59:28.531 [info] > git for-each-ref --sort -committerdate --format %(refname)%00%(objectname)%00%(*objectname) [6ms]
2025-10-16 23:59:33.580 [info] > git config --get commit.template [10ms]
2025-10-16 23:59:33.583 [info] > git for-each-ref --format=%(refname)%00%(upstream:short)%00%(objectname)%00%(upstream:track)%00%(upstream:remotename)%00%(upstream:remoteref) refs/heads/main refs/remotes/main [4ms]
2025-10-16 23:59:33.599 [info] > git status -z -uall [10ms]
2025-10-16 23:59:33.602 [info] > git for-each-ref --sort -committerdate --format %(refname)%00%(objectname)%00%(*objectname) [6ms]
2025-10-16 23:59:38.629 [info] > git config --get commit.template [1ms]
2025-10-16 23:59:38.642 [info] > git for-each-ref --format=%(refname)%00%(upstream:short)%00%(objectname)%00%(upstream:track)%00%(upstream:remotename)%00%(upstream:remoteref) refs/heads/main refs/remotes/main [4ms]
2025-10-16 23:59:38.679 [info] > git status -z -uall [23ms]
2025-10-16 23:59:38.681 [info] > git for-each-ref --sort -committerdate --format %(refname)%00%(objectname)%00%(*objectname) [5ms]
2025-10-16 23:59:43.725 [info] > git config --get commit.template [11ms]
2025-10-16 23:59:43.727 [info] > git for-each-ref --format=%(refname)%00%(upstream:short)%00%(objectname)%00%(upstream:track)%00%(upstream:remotename)%00%(upstream:remoteref) refs/heads/main refs/remotes/main [4ms]
2025-10-16 23:59:43.744 [info] > git status -z -uall [10ms]
2025-10-16 23:59:43.747 [info] > git for-each-ref --sort -committerdate --format %(refname)%00%(objectname)%00%(*objectname) [4ms]
2025-10-16 23:59:48.802 [info] > git config --get commit.template [5ms]
2025-10-16 23:59:48.840 [info] > git for-each-ref --format=%(refname)%00%(upstream:short)%00%(objectname)%00%(upstream:track)%00%(upstream:remotename)%00%(upstream:remoteref) refs/heads/main refs/remotes/main [9ms]
2025-10-16 23:59:48.877 [info] > git status -z -uall [11ms]
2025-10-16 23:59:48.881 [info] > git for-each-ref --sort -committerdate --format %(refname)%00%(objectname)%00%(*objectname) [6ms]
2025-10-16 23:59:57.560 [info] > git config --get commit.template [14ms]
2025-10-16 23:59:57.564 [info] > git for-each-ref --format=%(refname)%00%(upstream:short)%00%(objectname)%00%(upstream:track)%00%(upstream:remotename)%00%(upstream:remoteref) refs/heads/main refs/remotes/main [5ms]
2025-10-16 23:59:57.582 [info] > git status -z -uall [9ms]
2025-10-16 23:59:57.585 [info] > git for-each-ref --sort -committerdate --format %(refname)%00%(objectname)%00%(*objectname) [3ms]
2025-10-17 00:00:06.627 [info] > git config --get commit.template [19ms]
2025-10-17 00:00:06.640 [info] > git for-each-ref --format=%(refname)%00%(upstream:short)%00%(objectname)%00%(upstream:track)%00%(upstream:remotename)%00%(upstream:remoteref) refs/heads/main refs/remotes/main [16ms]
2025-10-17 00:00:06.734 [info] > git status -z -uall [45ms]
2025-10-17 00:00:06.737 [info] > git for-each-ref --sort -committerdate --format %(refname)%00%(objectname)%00%(*objectname) [27ms]
2025-10-17 00:00:36.126 [info] > git config --get commit.template [9ms]
2025-10-17 00:00:36.128 [info] > git for-each-ref --format=%(refname)%00%(upstream:short)%00%(objectname)%00%(upstream:track)%00%(upstream:remotename)%00%(upstream:remoteref) refs/heads/main refs/remotes/main [3ms]
2025-10-17 00:00:36.147 [info] > git status -z -uall [9ms]
2025-10-17 00:00:36.151 [info] > git for-each-ref --sort -committerdate --format %(refname)%00%(objectname)%00%(*objectname) [4ms]
2025-10-17 00:00:41.182 [info] > git config --get commit.template [9ms]
2025-10-17 00:00:41.185 [info] > git for-each-ref --format=%(refname)%00%(upstream:short)%00%(objectname)%00%(upstream:track)%00%(upstream:remotename)%00%(upstream:remoteref) refs/heads/main refs/remotes/main [3ms]
2025-10-17 00:00:41.201 [info] > git status -z -uall [8ms]
2025-10-17 00:00:41.203 [info] > git for-each-ref --sort -committerdate --format %(refname)%00%(objectname)%00%(*objectname) [4ms]
2025-10-17 00:00:46.241 [info] > git config --get commit.template [14ms]
2025-10-17 00:00:46.243 [info] > git for-each-ref --format=%(refname)%00%(upstream:short)%00%(objectname)%00%(upstream:track)%00%(upstream:remotename)%00%(upstream:remoteref) refs/heads/main refs/remotes/main [7ms]
2025-10-17 00:00:46.261 [info] > git status -z -uall [10ms]
2025-10-17 00:00:46.263 [info] > git for-each-ref --sort -committerdate --format %(refname)%00%(objectname)%00%(*objectname) [5ms]
2025-10-17 00:00:51.297 [info] > git config --get commit.template [9ms]
2025-10-17 00:00:51.305 [info] > git for-each-ref --format=%(refname)%00%(upstream:short)%00%(objectname)%00%(upstream:track)%00%(upstream:remotename)%00%(upstream:remoteref) refs/heads/main refs/remotes/main [10ms]
2025-10-17 00:00:51.336 [info] > git status -z -uall [9ms]
2025-10-17 00:00:51.338 [info] > git for-each-ref --sort -committerdate --format %(refname)%00%(objectname)%00%(*objectname) [4ms]
2025-10-17 00:00:56.369 [info] > git config --get commit.template [9ms]
2025-10-17 00:00:56.372 [info] > git for-each-ref --format=%(refname)%00%(upstream:short)%00%(objectname)%00%(upstream:track)%00%(upstream:remotename)%00%(upstream:remoteref) refs/heads/main refs/remotes/main [3ms]
2025-10-17 00:00:56.388 [info] > git status -z -uall [8ms]
2025-10-17 00:00:56.391 [info] > git for-each-ref --sort -committerdate --format %(refname)%00%(objectname)%00%(*objectname) [5ms]
2025-10-17 00:01:01.443 [info] > git config --get commit.template [13ms]
2025-10-17 00:01:01.472 [info] > git for-each-ref --format=%(refname)%00%(upstream:short)%00%(objectname)%00%(upstream:track)%00%(upstream:remotename)%00%(upstream:remoteref) refs/heads/main refs/remotes/main [12ms]
2025-10-17 00:01:01.533 [info] > git status -z -uall [28ms]
2025-10-17 00:01:01.541 [info] > git for-each-ref --sort -committerdate --format %(refname)%00%(objectname)%00%(*objectname) [17ms]
2025-10-17 00:01:06.580 [info] > git config --get commit.template [10ms]
2025-10-17 00:01:06.582 [info] > git for-each-ref --format=%(refname)%00%(upstream:short)%00%(objectname)%00%(upstream:track)%00%(upstream:remotename)%00%(upstream:remoteref) refs/heads/main refs/remotes/main [5ms]
2025-10-17 00:01:06.597 [info] > git status -z -uall [7ms]
2025-10-17 00:01:06.600 [info] > git for-each-ref --sort -committerdate --format %(refname)%00%(objectname)%00%(*objectname) [3ms]
2025-10-17 00:01:11.632 [info] > git config --get commit.template [11ms]
2025-10-17 00:01:11.634 [info] > git for-each-ref --format=%(refname)%00%(upstream:short)%00%(objectname)%00%(upstream:track)%00%(upstream:remotename)%00%(upstream:remoteref) refs/heads/main refs/remotes/main [4ms]
2025-10-17 00:01:11.649 [info] > git status -z -uall [8ms]
2025-10-17 00:01:11.652 [info] > git for-each-ref --sort -committerdate --format %(refname)%00%(objectname)%00%(*objectname) [4ms]
2025-10-17 00:01:16.679 [info] > git config --get commit.template [4ms]
2025-10-17 00:01:16.691 [info] > git for-each-ref --format=%(refname)%00%(upstream:short)%00%(objectname)%00%(upstream:track)%00%(upstream:remotename)%00%(upstream:remoteref) refs/heads/main refs/remotes/main [4ms]
2025-10-17 00:01:16.707 [info] > git status -z -uall [9ms]
2025-10-17 00:01:16.710 [info] > git for-each-ref --sort -committerdate --format %(refname)%00%(objectname)%00%(*objectname) [4ms]
2025-10-17 00:01:21.744 [info] > git config --get commit.template [10ms]
2025-10-17 00:01:21.747 [info] > git for-each-ref --format=%(refname)%00%(upstream:short)%00%(objectname)%00%(upstream:track)%00%(upstream:remotename)%00%(upstream:remoteref) refs/heads/main refs/remotes/main [4ms]
2025-10-17 00:01:21.763 [info] > git status -z -uall [8ms]
2025-10-17 00:01:21.766 [info] > git for-each-ref --sort -committerdate --format %(refname)%00%(objectname)%00%(*objectname) [4ms]
2025-10-17 00:01:26.797 [info] > git config --get commit.template [7ms]
2025-10-17 00:01:26.801 [info] > git for-each-ref --format=%(refname)%00%(upstream:short)%00%(objectname)%00%(upstream:track)%00%(upstream:remotename)%00%(upstream:remoteref) refs/heads/main refs/remotes/main [4ms]
2025-10-17 00:01:26.820 [info] > git status -z -uall [8ms]
2025-10-17 00:01:26.823 [info] > git for-each-ref --sort -committerdate --format %(refname)%00%(objectname)%00%(*objectname) [5ms]
2025-10-17 00:01:31.871 [info] > git config --get commit.template [18ms]
2025-10-17 00:01:31.875 [info] > git for-each-ref --format=%(refname)%00%(upstream:short)%00%(objectname)%00%(upstream:track)%00%(upstream:remotename)%00%(upstream:remoteref) refs/heads/main refs/remotes/main [5ms]
2025-10-17 00:01:31.893 [info] > git status -z -uall [10ms]
2025-10-17 00:01:31.896 [info] > git for-each-ref --sort -committerdate --format %(refname)%00%(objectname)%00%(*objectname) [4ms]
2025-10-17 00:01:36.945 [info] > git config --get commit.template [9ms]
2025-10-17 00:01:36.947 [info] > git for-each-ref --format=%(refname)%00%(upstream:short)%00%(objectname)%00%(upstream:track)%00%(upstream:remotename)%00%(upstream:remoteref) refs/heads/main refs/remotes/main [3ms]
2025-10-17 00:01:36.964 [info] > git status -z -uall [9ms]
2025-10-17 00:01:36.969 [info] > git for-each-ref --sort -committerdate --format %(refname)%00%(objectname)%00%(*objectname) [6ms]
2025-10-17 00:01:48.386 [info] > git config --get commit.template [10ms]
2025-10-17 00:01:48.388 [info] > git for-each-ref --format=%(refname)%00%(upstream:short)%00%(objectname)%00%(upstream:track)%00%(upstream:remotename)%00%(upstream:remoteref) refs/heads/main refs/remotes/main [4ms]
2025-10-17 00:01:48.402 [info] > git status -z -uall [8ms]
2025-10-17 00:01:48.406 [info] > git for-each-ref --sort -committerdate --format %(refname)%00%(objectname)%00%(*objectname) [5ms]
2025-10-17 00:02:07.473 [info] > git config --get commit.template [11ms]
2025-10-17 00:02:07.475 [info] > git for-each-ref --format=%(refname)%00%(upstream:short)%00%(objectname)%00%(upstream:track)%00%(upstream:remotename)%00%(upstream:remoteref) refs/heads/main refs/remotes/main [5ms]
2025-10-17 00:02:07.507 [info] > git status -z -uall [10ms]
2025-10-17 00:02:07.509 [info] > git for-each-ref --sort -committerdate --format %(refname)%00%(objectname)%00%(*objectname) [4ms]
2025-10-17 00:02:14.853 [info] > git config --get commit.template [8ms]
2025-10-17 00:02:14.856 [info] > git for-each-ref --format=%(refname)%00%(upstream:short)%00%(objectname)%00%(upstream:track)%00%(upstream:remotename)%00%(upstream:remoteref) refs/heads/main refs/remotes/main [3ms]
2025-10-17 00:02:14.871 [info] > git status -z -uall [8ms]
2025-10-17 00:02:14.874 [info] > git for-each-ref --sort -committerdate --format %(refname)%00%(objectname)%00%(*objectname) [5ms]
2025-10-17 00:02:19.906 [info] > git config --get commit.template [9ms]
2025-10-17 00:02:19.908 [info] > git for-each-ref --format=%(refname)%00%(upstream:short)%00%(objectname)%00%(upstream:track)%00%(upstream:remotename)%00%(upstream:remoteref) refs/heads/main refs/remotes/main [4ms]
2025-10-17 00:02:19.935 [info] > git status -z -uall [19ms]
2025-10-17 00:02:19.938 [info] > git for-each-ref --sort -committerdate --format %(refname)%00%(objectname)%00%(*objectname) [4ms]
2025-10-17 00:02:24.997 [info] > git config --get commit.template [13ms]
2025-10-17 00:02:25.025 [info] > git for-each-ref --format=%(refname)%00%(upstream:short)%00%(objectname)%00%(upstream:track)%00%(upstream:remotename)%00%(upstream:remoteref) refs/heads/main refs/remotes/main [4ms]
2025-10-17 00:02:25.074 [info] > git status -z -uall [30ms]
2025-10-17 00:02:25.081 [info] > git for-each-ref --sort -committerdate --format %(refname)%00%(objectname)%00%(*objectname) [9ms]
2025-10-17 00:02:36.167 [info] > git config --get commit.template [7ms]
2025-10-17 00:02:36.169 [info] > git for-each-ref --format=%(refname)%00%(upstream:short)%00%(objectname)%00%(upstream:track)%00%(upstream:remotename)%00%(upstream:remoteref) refs/heads/main refs/remotes/main [3ms]
2025-10-17 00:02:36.186 [info] > git status -z -uall [9ms]
2025-10-17 00:02:36.205 [info] > git for-each-ref --sort -committerdate --format %(refname)%00%(objectname)%00%(*objectname) [20ms]
2025-10-17 00:04:06.436 [info] > git config --get commit.template [14ms]
2025-10-17 00:04:06.524 [info] > git for-each-ref --format=%(refname)%00%(upstream:short)%00%(objectname)%00%(upstream:track)%00%(upstream:remotename)%00%(upstream:remoteref) refs/heads/main refs/remotes/main [1ms]
2025-10-17 00:04:06.548 [info] > git status -z -uall [10ms]
2025-10-17 00:04:06.568 [info] > git for-each-ref --sort -committerdate --format %(refname)%00%(objectname)%00%(*objectname) [21ms]
2025-10-17 00:04:11.630 [info] > git config --get commit.template [9ms]
2025-10-17 00:04:11.633 [info] > git for-each-ref --format=%(refname)%00%(upstream:short)%00%(objectname)%00%(upstream:track)%00%(upstream:remotename)%00%(upstream:remoteref) refs/heads/main refs/remotes/main [4ms]
2025-10-17 00:04:11.652 [info] > git status -z -uall [11ms]
2025-10-17 00:04:11.654 [info] > git for-each-ref --sort -committerdate --format %(refname)%00%(objectname)%00%(*objectname) [4ms]
2025-10-17 00:04:18.517 [info] > git config --get commit.template [8ms]
2025-10-17 00:04:18.519 [info] > git for-each-ref --format=%(refname)%00%(upstream:short)%00%(objectname)%00%(upstream:track)%00%(upstream:remotename)%00%(upstream:remoteref) refs/heads/main refs/remotes/main [3ms]
2025-10-17 00:04:18.533 [info] > git status -z -uall [8ms]
2025-10-17 00:04:18.536 [info] > git for-each-ref --sort -committerdate --format %(refname)%00%(objectname)%00%(*objectname) [4ms]
2025-10-17 00:04:28.920 [info] > git config --get commit.template [4ms]
2025-10-17 00:04:28.932 [info] > git for-each-ref --format=%(refname)%00%(upstream:short)%00%(objectname)%00%(upstream:track)%00%(upstream:remotename)%00%(upstream:remoteref) refs/heads/main refs/remotes/main [4ms]
2025-10-17 00:04:28.956 [info] > git status -z -uall [15ms]
2025-10-17 00:04:28.965 [info] > git for-each-ref --sort -committerdate --format %(refname)%00%(objectname)%00%(*objectname) [14ms]
2025-10-17 00:04:34.012 [info] > git config --get commit.template [15ms]
2025-10-17 00:04:34.021 [info] > git for-each-ref --format=%(refname)%00%(upstream:short)%00%(objectname)%00%(upstream:track)%00%(upstream:remotename)%00%(upstream:remoteref) refs/heads/main refs/remotes/main [12ms]
2025-10-17 00:04:34.050 [info] > git status -z -uall [10ms]
2025-10-17 00:04:34.055 [info] > git for-each-ref --sort -committerdate --format %(refname)%00%(objectname)%00%(*objectname) [8ms]
2025-10-17 00:04:39.100 [info] > git for-each-ref --format=%(refname)%00%(upstream:short)%00%(objectname)%00%(upstream:track)%00%(upstream:remotename)%00%(upstream:remoteref) refs/heads/main refs/remotes/main [9ms]
2025-10-17 00:04:39.106 [info] > git config --get commit.template [30ms]
2025-10-17 00:04:39.172 [info] > git status -z -uall [28ms]
2025-10-17 00:04:39.173 [info] > git for-each-ref --sort -committerdate --format %(refname)%00%(objectname)%00%(*objectname) [12ms]
2025-10-17 00:04:49.086 [info] > git config --get commit.template [8ms]
2025-10-17 00:04:49.088 [info] > git for-each-ref --format=%(refname)%00%(upstream:short)%00%(objectname)%00%(upstream:track)%00%(upstream:remotename)%00%(upstream:remoteref) refs/heads/main refs/remotes/main [3ms]
2025-10-17 00:04:49.104 [info] > git status -z -uall [8ms]
2025-10-17 00:04:49.107 [info] > git for-each-ref --sort -committerdate --format %(refname)%00%(objectname)%00%(*objectname) [3ms]
2025-10-17 00:04:54.141 [info] > git config --get commit.template [10ms]
2025-10-17 00:04:54.162 [info] > git for-each-ref --format=%(refname)%00%(upstream:short)%00%(objectname)%00%(upstream:track)%00%(upstream:remotename)%00%(upstream:remoteref) refs/heads/main refs/remotes/main [5ms]
2025-10-17 00:04:54.179 [info] > git status -z -uall [9ms]
2025-10-17 00:04:54.182 [info] > git for-each-ref --sort -committerdate --format %(refname)%00%(objectname)%00%(*objectname) [6ms]
2025-10-17 00:05:01.241 [info] > git config --get commit.template [9ms]
2025-10-17 00:05:01.243 [info] > git for-each-ref --format=%(refname)%00%(upstream:short)%00%(objectname)%00%(upstream:track)%00%(upstream:remotename)%00%(upstream:remoteref) refs/heads/main refs/remotes/main [3ms]
2025-10-17 00:05:01.258 [info] > git status -z -uall [8ms]
2025-10-17 00:05:01.262 [info] > git for-each-ref --sort -committerdate --format %(refname)%00%(objectname)%00%(*objectname) [5ms]
2025-10-17 00:05:20.187 [info] > git config --get commit.template [12ms]
2025-10-17 00:05:20.190 [info] > git for-each-ref --format=%(refname)%00%(upstream:short)%00%(objectname)%00%(upstream:track)%00%(upstream:remotename)%00%(upstream:remoteref) refs/heads/main refs/remotes/main [4ms]
2025-10-17 00:05:20.209 [info] > git status -z -uall [9ms]
2025-10-17 00:05:20.212 [info] > git for-each-ref --sort -committerdate --format %(refname)%00%(objectname)%00%(*objectname) [4ms]
2025-10-17 00:07:20.242 [info] > git config --get commit.template [13ms]
2025-10-17 00:07:20.257 [info] > git ls-files --stage -- README.md [17ms]
2025-10-17 00:07:20.282 [info] > git for-each-ref --format=%(refname)%00%(upstream:short)%00%(objectname)%00%(upstream:track)%00%(upstream:remotename)%00%(upstream:remoteref) refs/heads/main refs/remotes/main [29ms]
2025-10-17 00:07:20.315 [info] > git status -z -uall [12ms]
2025-10-17 00:07:20.317 [info] > git cat-file -s c31c18ebb4a929c24aa507736cf2e0f041bf2cf5 [36ms]
2025-10-17 00:07:20.319 [info] > git for-each-ref --sort -committerdate --format %(refname)%00%(objectname)%00%(*objectname) [6ms]
2025-10-17 00:07:20.393 [info] > git merge-base refs/heads/main refs/remotes/origin/main [32ms]
2025-10-17 00:07:20.410 [info] > git blame --root --incremental 7f5eaf0fc174dcced09b89360559d9957d30e11b -- README.md [68ms]
2025-10-17 00:07:20.414 [info] > git show --textconv :README.md [25ms]
2025-10-17 00:07:20.414 [info] > git diff --name-status -z --diff-filter=ADMR 7f5eaf0fc174dcced09b89360559d9957d30e11b...refs/remotes/origin/main [4ms]
2025-10-17 00:07:25.430 [info] > git config --get commit.template [22ms]
2025-10-17 00:07:25.458 [info] > git for-each-ref --format=%(refname)%00%(upstream:short)%00%(objectname)%00%(upstream:track)%00%(upstream:remotename)%00%(upstream:remoteref) refs/heads/main refs/remotes/main [9ms]
2025-10-17 00:07:25.495 [info] > git status -z -uall [22ms]
2025-10-17 00:07:25.498 [info] > git for-each-ref --sort -committerdate --format %(refname)%00%(objectname)%00%(*objectname) [18ms]
2025-10-17 00:07:33.948 [info] > git config --get commit.template [8ms]
2025-10-17 00:07:33.951 [info] > git for-each-ref --format=%(refname)%00%(upstream:short)%00%(objectname)%00%(upstream:track)%00%(upstream:remotename)%00%(upstream:remoteref) refs/heads/main refs/remotes/main [4ms]
2025-10-17 00:07:33.965 [info] > git status -z -uall [8ms]
2025-10-17 00:07:33.968 [info] > git for-each-ref --sort -committerdate --format %(refname)%00%(objectname)%00%(*objectname) [4ms]
2025-10-17 00:07:39.004 [info] > git config --get commit.template [10ms]
2025-10-17 00:07:39.052 [info] > git for-each-ref --format=%(refname)%00%(upstream:short)%00%(objectname)%00%(upstream:track)%00%(upstream:remotename)%00%(upstream:remoteref) refs/heads/main refs/remotes/main [27ms]
2025-10-17 00:07:39.094 [info] > git status -z -uall [22ms]
2025-10-17 00:07:39.098 [info] > git for-each-ref --sort -committerdate --format %(refname)%00%(objectname)%00%(*objectname) [5ms]
2025-10-17 00:07:44.131 [info] > git config --get commit.template [10ms]
2025-10-17 00:07:44.132 [info] > git for-each-ref --format=%(refname)%00%(upstream:short)%00%(objectname)%00%(upstream:track)%00%(upstream:remotename)%00%(upstream:remoteref) refs/heads/main refs/remotes/main [5ms]
2025-10-17 00:07:44.148 [info] > git status -z -uall [9ms]
2025-10-17 00:07:44.151 [info] > git for-each-ref --sort -committerdate --format %(refname)%00%(objectname)%00%(*objectname) [4ms]
2025-10-17 00:07:49.180 [info] > git config --get commit.template [8ms]
2025-10-17 00:07:49.183 [info] > git for-each-ref --format=%(refname)%00%(upstream:short)%00%(objectname)%00%(upstream:track)%00%(upstream:remotename)%00%(upstream:remoteref) refs/heads/main refs/remotes/main [5ms]
2025-10-17 00:07:49.198 [info] > git status -z -uall [8ms]
2025-10-17 00:07:49.201 [info] > git for-each-ref --sort -committerdate --format %(refname)%00%(objectname)%00%(*objectname) [4ms]
2025-10-17 00:07:54.235 [info] > git config --get commit.template [8ms]
2025-10-17 00:07:54.238 [info] > git for-each-ref --format=%(refname)%00%(upstream:short)%00%(objectname)%00%(upstream:track)%00%(upstream:remotename)%00%(upstream:remoteref) refs/heads/main refs/remotes/main [4ms]
2025-10-17 00:07:54.253 [info] > git status -z -uall [9ms]
2025-10-17 00:07:54.256 [info] > git for-each-ref --sort -committerdate --format %(refname)%00%(objectname)%00%(*objectname) [4ms]
2025-10-17 00:08:03.795 [info] > git config --get commit.template [9ms]
2025-10-17 00:08:03.798 [info] > git for-each-ref --format=%(refname)%00%(upstream:short)%00%(objectname)%00%(upstream:track)%00%(upstream:remotename)%00%(upstream:remoteref) refs/heads/main refs/remotes/main [4ms]
2025-10-17 00:08:03.813 [info] > git status -z -uall [8ms]
2025-10-17 00:08:03.816 [info] > git for-each-ref --sort -committerdate --format %(refname)%00%(objectname)%00%(*objectname) [4ms]
2025-10-17 00:08:08.855 [info] > git config --get commit.template [11ms]
2025-10-17 00:08:08.876 [info] > git for-each-ref --format=%(refname)%00%(upstream:short)%00%(objectname)%00%(upstream:track)%00%(upstream:remotename)%00%(upstream:remoteref) refs/heads/main refs/remotes/main [4ms]
2025-10-17 00:08:08.894 [info] > git status -z -uall [9ms]
2025-10-17 00:08:08.897 [info] > git for-each-ref --sort -committerdate --format %(refname)%00%(objectname)%00%(*objectname) [4ms]
2025-10-17 00:08:17.768 [info] > git config --get commit.template [32ms]
2025-10-17 00:08:17.771 [info] > git for-each-ref --format=%(refname)%00%(upstream:short)%00%(objectname)%00%(upstream:track)%00%(upstream:remotename)%00%(upstream:remoteref) refs/heads/main refs/remotes/main [4ms]
2025-10-17 00:08:17.797 [info] > git status -z -uall [17ms]
2025-10-17 00:08:17.816 [info] > git for-each-ref --sort -committerdate --format %(refname)%00%(objectname)%00%(*objectname) [22ms]
2025-10-17 00:08:53.727 [info] > git config --get commit.template [14ms]
2025-10-17 00:08:53.739 [info] > git ls-files --stage -- README.md [14ms]
2025-10-17 00:08:53.777 [info] > git for-each-ref --format=%(refname)%00%(upstream:short)%00%(objectname)%00%(upstream:track)%00%(upstream:remotename)%00%(upstream:remoteref) refs/heads/main refs/remotes/main [39ms]
2025-10-17 00:08:53.788 [info] > git cat-file -s 2d42c8913618dc0a00ebc33d6ca06317e0c1ea6f [12ms]
2025-10-17 00:08:53.835 [info] > git show --textconv :README.md [18ms]
2025-10-17 00:08:53.835 [info] > git status -z -uall [10ms]
2025-10-17 00:08:53.840 [info] > git for-each-ref --sort -committerdate --format %(refname)%00%(objectname)%00%(*objectname) [7ms]
2025-10-17 00:08:53.916 [info] > git merge-base refs/heads/main refs/remotes/origin/main [6ms]
2025-10-17 00:08:53.945 [info] > git blame --root --incremental d691a8dc61db71b67c776851b9acc6f77644e643 -- README.md [42ms]
2025-10-17 00:08:54.040 [info] > git diff --name-status -z --diff-filter=ADMR d691a8dc61db71b67c776851b9acc6f77644e643...refs/remotes/origin/main [96ms]
2025-10-17 00:08:58.945 [info] > git config --get commit.template [8ms]
2025-10-17 00:08:58.948 [info] > git for-each-ref --format=%(refname)%00%(upstream:short)%00%(objectname)%00%(upstream:track)%00%(upstream:remotename)%00%(upstream:remoteref) refs/heads/main refs/remotes/main [4ms]
2025-10-17 00:08:58.964 [info] > git status -z -uall [8ms]
2025-10-17 00:08:58.967 [info] > git for-each-ref --sort -committerdate --format %(refname)%00%(objectname)%00%(*objectname) [5ms]
2025-10-17 00:09:03.996 [info] > git config --get commit.template [9ms]
2025-10-17 00:09:03.999 [info] > git for-each-ref --format=%(refname)%00%(upstream:short)%00%(objectname)%00%(upstream:track)%00%(upstream:remotename)%00%(upstream:remoteref) refs/heads/main refs/remotes/main [4ms]
2025-10-17 00:09:04.013 [info] > git status -z -uall [8ms]
2025-10-17 00:09:04.023 [info] > git for-each-ref --sort -committerdate --format %(refname)%00%(objectname)%00%(*objectname) [11ms]
2025-10-17 00:09:09.056 [info] > git config --get commit.template [8ms]
2025-10-17 00:09:09.059 [info] > git for-each-ref --format=%(refname)%00%(upstream:short)%00%(objectname)%00%(upstream:track)%00%(upstream:remotename)%00%(upstream:remoteref) refs/heads/main refs/remotes/main [4ms]
2025-10-17 00:09:09.087 [info] > git status -z -uall [11ms]
2025-10-17 00:09:09.089 [info] > git for-each-ref --sort -committerdate --format %(refname)%00%(objectname)%00%(*objectname) [4ms]
2025-10-17 00:09:14.123 [info] > git config --get commit.template [10ms]
2025-10-17 00:09:14.125 [info] > git for-each-ref --format=%(refname)%00%(upstream:short)%00%(objectname)%00%(upstream:track)%00%(upstream:remotename)%00%(upstream:remoteref) refs/heads/main refs/remotes/main [3ms]
2025-10-17 00:09:14.151 [info] > git status -z -uall [10ms]
2025-10-17 00:09:14.154 [info] > git for-each-ref --sort -committerdate --format %(refname)%00%(objectname)%00%(*objectname) [4ms]
2025-10-17 00:09:23.184 [info] > git config --get commit.template [11ms]
2025-10-17 00:09:23.192 [info] > git for-each-ref --format=%(refname)%00%(upstream:short)%00%(objectname)%00%(upstream:track)%00%(upstream:remotename)%00%(upstream:remoteref) refs/heads/main refs/remotes/main [9ms]
2025-10-17 00:09:23.254 [info] > git status -z -uall [12ms]
2025-10-17 00:09:23.262 [info] > git for-each-ref --sort -committerdate --format %(refname)%00%(objectname)%00%(*objectname) [11ms]
