2025-10-17 07:23:20.569 [info] [main] Log level: Info
2025-10-17 07:23:20.569 [info] [main] Validating found git in: "git"
2025-10-17 07:23:20.569 [info] [main] Using git "2.34.1" from "git"
2025-10-17 07:23:20.569 [info] [Model][doInitialScan] Initial repository scan started
2025-10-17 07:23:20.569 [info] > git rev-parse --show-toplevel [609ms]
2025-10-17 07:23:20.574 [info] > git rev-parse --git-dir --git-common-dir --show-superproject-working-tree [401ms]
2025-10-17 07:23:20.607 [info] [Model][openRepository] Opened repository (path): /vargant/home-8-03-hw
2025-10-17 07:23:20.607 [info] [Model][openRepository] Opened repository (real path): /vargant/home-8-03-hw
2025-10-17 07:23:20.607 [info] [Model][openRepository] Opened repository (kind): repository
2025-10-17 07:23:20.758 [info] > git rev-parse --show-toplevel [25ms]
2025-10-17 07:23:20.760 [info] > git config --get commit.template [43ms]
2025-10-17 07:23:20.802 [info] > git rev-parse --show-toplevel [24ms]
2025-10-17 07:23:20.833 [info] > git rev-parse --show-toplevel [7ms]
2025-10-17 07:23:20.841 [info] [Model][doInitialScan] Initial repository scan completed - repositories (1), closed repositories (0), parent repositories (0), unsafe repositories (0)
2025-10-17 07:23:20.843 [info] > git for-each-ref --format=%(refname)%00%(upstream:short)%00%(objectname)%00%(upstream:track)%00%(upstream:remotename)%00%(upstream:remoteref) refs/heads/main refs/remotes/main [46ms]
2025-10-17 07:23:20.913 [info] > git status -z -uall [38ms]
2025-10-17 07:23:20.927 [info] > git for-each-ref --sort -committerdate --format %(refname)%00%(objectname)%00%(*objectname) [18ms]
2025-10-17 07:23:21.285 [info] > git for-each-ref --format=%(refname)%00%(upstream:short)%00%(objectname)%00%(upstream:track)%00%(upstream:remotename)%00%(upstream:remoteref) refs/heads/main refs/remotes/main [229ms]
2025-10-17 07:23:21.355 [info] > git config --get --local branch.main.vscode-merge-base [59ms]
2025-10-17 07:23:21.368 [info] > git config --get commit.template [83ms]
2025-10-17 07:23:21.382 [info] > git check-ignore -v -z --stdin [74ms]
2025-10-17 07:23:21.384 [info] > git for-each-ref --format=%(refname)%00%(upstream:short)%00%(objectname)%00%(upstream:track)%00%(upstream:remotename)%00%(upstream:remoteref) refs/heads/origin/main refs/remotes/origin/main [17ms]
2025-10-17 07:23:21.417 [info] > git merge-base refs/heads/main refs/remotes/origin/main [20ms]
2025-10-17 07:23:21.435 [info] > git for-each-ref --format=%(refname)%00%(upstream:short)%00%(objectname)%00%(upstream:track)%00%(upstream:remotename)%00%(upstream:remoteref) refs/heads/main refs/remotes/main [27ms]
2025-10-17 07:23:21.468 [info] > git show --textconv :README.md [20ms]
2025-10-17 07:23:21.470 [info] > git diff --name-status -z --diff-filter=ADMR 5329f82c7682483b580a9f7ade0c449dc6189726...refs/remotes/origin/main [37ms]
2025-10-17 07:23:21.479 [info] > git ls-files --stage -- README.md [13ms]
2025-10-17 07:23:21.521 [info] > git cat-file -s fc9da08015cc523eb4eaa1b5cfa3559b4d99a0f6 [32ms]
2025-10-17 07:23:21.526 [info] > git status -z -uall [19ms]
2025-10-17 07:23:21.527 [info] > git for-each-ref --sort -committerdate --format %(refname)%00%(objectname)%00%(*objectname) [7ms]
2025-10-17 07:23:21.902 [info] > git blame --root --incremental 5329f82c7682483b580a9f7ade0c449dc6189726 -- README.md [263ms]
2025-10-17 07:23:39.497 [info] > git config --get commit.template [4ms]
2025-10-17 07:23:39.524 [info] > git for-each-ref --format=%(refname)%00%(upstream:short)%00%(objectname)%00%(upstream:track)%00%(upstream:remotename)%00%(upstream:remoteref) refs/heads/main refs/remotes/main [8ms]
2025-10-17 07:23:39.550 [info] > git status -z -uall [16ms]
2025-10-17 07:23:39.550 [info] > git for-each-ref --sort -committerdate --format %(refname)%00%(objectname)%00%(*objectname) [5ms]
2025-10-17 07:23:44.613 [info] > git config --get commit.template [10ms]
2025-10-17 07:23:44.616 [info] > git for-each-ref --format=%(refname)%00%(upstream:short)%00%(objectname)%00%(upstream:track)%00%(upstream:remotename)%00%(upstream:remoteref) refs/heads/main refs/remotes/main [5ms]
2025-10-17 07:23:44.641 [info] > git status -z -uall [16ms]
2025-10-17 07:23:44.641 [info] > git for-each-ref --sort -committerdate --format %(refname)%00%(objectname)%00%(*objectname) [5ms]
2025-10-17 07:23:49.701 [info] > git config --get commit.template [10ms]
2025-10-17 07:23:49.704 [info] > git for-each-ref --format=%(refname)%00%(upstream:short)%00%(objectname)%00%(upstream:track)%00%(upstream:remotename)%00%(upstream:remoteref) refs/heads/main refs/remotes/main [4ms]
2025-10-17 07:23:49.736 [info] > git status -z -uall [23ms]
2025-10-17 07:23:49.744 [info] > git for-each-ref --sort -committerdate --format %(refname)%00%(objectname)%00%(*objectname) [10ms]
2025-10-17 07:23:54.789 [info] > git config --get commit.template [11ms]
2025-10-17 07:23:54.792 [info] > git for-each-ref --format=%(refname)%00%(upstream:short)%00%(objectname)%00%(upstream:track)%00%(upstream:remotename)%00%(upstream:remoteref) refs/heads/main refs/remotes/main [4ms]
2025-10-17 07:23:54.815 [info] > git for-each-ref --sort -committerdate --format %(refname)%00%(objectname)%00%(*objectname) [4ms]
2025-10-17 07:23:54.817 [info] > git status -z -uall [15ms]
2025-10-17 07:24:02.992 [info] > git config --get commit.template [20ms]
2025-10-17 07:24:02.996 [info] > git for-each-ref --format=%(refname)%00%(upstream:short)%00%(objectname)%00%(upstream:track)%00%(upstream:remotename)%00%(upstream:remoteref) refs/heads/main refs/remotes/main [9ms]
2025-10-17 07:24:03.034 [info] > git for-each-ref --sort -committerdate --format %(refname)%00%(objectname)%00%(*objectname) [7ms]
2025-10-17 07:24:03.038 [info] > git status -z -uall [29ms]
2025-10-17 07:24:08.092 [info] > git config --get commit.template [12ms]
2025-10-17 07:24:08.095 [info] > git for-each-ref --format=%(refname)%00%(upstream:short)%00%(objectname)%00%(upstream:track)%00%(upstream:remotename)%00%(upstream:remoteref) refs/heads/main refs/remotes/main [4ms]
2025-10-17 07:24:08.123 [info] > git status -z -uall [16ms]
2025-10-17 07:24:08.131 [info] > git for-each-ref --sort -committerdate --format %(refname)%00%(objectname)%00%(*objectname) [10ms]
2025-10-17 07:24:13.191 [info] > git config --get commit.template [12ms]
2025-10-17 07:24:13.194 [info] > git for-each-ref --format=%(refname)%00%(upstream:short)%00%(objectname)%00%(upstream:track)%00%(upstream:remotename)%00%(upstream:remoteref) refs/heads/main refs/remotes/main [4ms]
2025-10-17 07:24:13.223 [info] > git for-each-ref --sort -committerdate --format %(refname)%00%(objectname)%00%(*objectname) [4ms]
2025-10-17 07:24:13.225 [info] > git status -z -uall [19ms]
2025-10-17 07:24:19.063 [info] > git config --get commit.template [5ms]
2025-10-17 07:24:19.089 [info] > git for-each-ref --format=%(refname)%00%(upstream:short)%00%(objectname)%00%(upstream:track)%00%(upstream:remotename)%00%(upstream:remoteref) refs/heads/main refs/remotes/main [9ms]
2025-10-17 07:24:19.133 [info] > git status -z -uall [23ms]
2025-10-17 07:24:19.140 [info] > git for-each-ref --sort -committerdate --format %(refname)%00%(objectname)%00%(*objectname) [9ms]
2025-10-17 07:24:31.599 [info] > git for-each-ref --format=%(refname)%00%(upstream:short)%00%(objectname)%00%(upstream:track)%00%(upstream:remotename)%00%(upstream:remoteref) refs/heads/main refs/remotes/main [6ms]
2025-10-17 07:24:31.600 [info] > git config --get commit.template [30ms]
2025-10-17 07:24:31.648 [info] > git status -z -uall [25ms]
2025-10-17 07:24:31.665 [info] > git for-each-ref --sort -committerdate --format %(refname)%00%(objectname)%00%(*objectname) [20ms]
2025-10-17 07:24:36.712 [info] > git config --get commit.template [10ms]
2025-10-17 07:24:36.715 [info] > git for-each-ref --format=%(refname)%00%(upstream:short)%00%(objectname)%00%(upstream:track)%00%(upstream:remotename)%00%(upstream:remoteref) refs/heads/main refs/remotes/main [4ms]
2025-10-17 07:24:36.738 [info] > git status -z -uall [13ms]
2025-10-17 07:24:36.739 [info] > git for-each-ref --sort -committerdate --format %(refname)%00%(objectname)%00%(*objectname) [4ms]
2025-10-17 07:24:41.785 [info] > git config --get commit.template [10ms]
2025-10-17 07:24:41.789 [info] > git for-each-ref --format=%(refname)%00%(upstream:short)%00%(objectname)%00%(upstream:track)%00%(upstream:remotename)%00%(upstream:remoteref) refs/heads/main refs/remotes/main [5ms]
2025-10-17 07:24:41.813 [info] > git status -z -uall [14ms]
2025-10-17 07:24:41.814 [info] > git for-each-ref --sort -committerdate --format %(refname)%00%(objectname)%00%(*objectname) [5ms]
2025-10-17 07:24:46.862 [info] > git config --get commit.template [11ms]
2025-10-17 07:24:46.865 [info] > git for-each-ref --format=%(refname)%00%(upstream:short)%00%(objectname)%00%(upstream:track)%00%(upstream:remotename)%00%(upstream:remoteref) refs/heads/main refs/remotes/main [4ms]
2025-10-17 07:24:46.888 [info] > git status -z -uall [15ms]
2025-10-17 07:24:46.888 [info] > git for-each-ref --sort -committerdate --format %(refname)%00%(objectname)%00%(*objectname) [5ms]
2025-10-17 07:24:51.933 [info] > git config --get commit.template [13ms]
2025-10-17 07:24:51.937 [info] > git for-each-ref --format=%(refname)%00%(upstream:short)%00%(objectname)%00%(upstream:track)%00%(upstream:remotename)%00%(upstream:remoteref) refs/heads/main refs/remotes/main [5ms]
2025-10-17 07:24:51.963 [info] > git status -z -uall [15ms]
2025-10-17 07:24:51.968 [info] > git for-each-ref --sort -committerdate --format %(refname)%00%(objectname)%00%(*objectname) [9ms]
2025-10-17 07:24:58.179 [info] > git config --get commit.template [15ms]
2025-10-17 07:24:58.182 [info] > git for-each-ref --format=%(refname)%00%(upstream:short)%00%(objectname)%00%(upstream:track)%00%(upstream:remotename)%00%(upstream:remoteref) refs/heads/main refs/remotes/main [7ms]
2025-10-17 07:24:58.213 [info] > git status -z -uall [19ms]
2025-10-17 07:24:58.224 [info] > git for-each-ref --sort -committerdate --format %(refname)%00%(objectname)%00%(*objectname) [15ms]
2025-10-17 07:26:07.862 [info] > git config --get commit.template [5ms]
2025-10-17 07:26:07.904 [info] > git for-each-ref --format=%(refname)%00%(upstream:short)%00%(objectname)%00%(upstream:track)%00%(upstream:remotename)%00%(upstream:remoteref) refs/heads/main refs/remotes/main [16ms]
2025-10-17 07:26:07.942 [info] > git status -z -uall [21ms]
2025-10-17 07:26:07.945 [info] > git for-each-ref --sort -committerdate --format %(refname)%00%(objectname)%00%(*objectname) [8ms]
2025-10-17 07:26:12.989 [info] > git config --get commit.template [4ms]
2025-10-17 07:26:13.002 [info] > git for-each-ref --format=%(refname)%00%(upstream:short)%00%(objectname)%00%(upstream:track)%00%(upstream:remotename)%00%(upstream:remoteref) refs/heads/main refs/remotes/main [5ms]
2025-10-17 07:26:13.028 [info] > git status -z -uall [16ms]
2025-10-17 07:26:13.034 [info] > git for-each-ref --sort -committerdate --format %(refname)%00%(objectname)%00%(*objectname) [11ms]
2025-10-17 07:26:18.086 [info] > git config --get commit.template [10ms]
2025-10-17 07:26:18.089 [info] > git for-each-ref --format=%(refname)%00%(upstream:short)%00%(objectname)%00%(upstream:track)%00%(upstream:remotename)%00%(upstream:remoteref) refs/heads/main refs/remotes/main [4ms]
2025-10-17 07:26:18.114 [info] > git status -z -uall [15ms]
2025-10-17 07:26:18.115 [info] > git for-each-ref --sort -committerdate --format %(refname)%00%(objectname)%00%(*objectname) [6ms]
2025-10-17 07:26:23.163 [info] > git config --get commit.template [12ms]
2025-10-17 07:26:23.165 [info] > git for-each-ref --format=%(refname)%00%(upstream:short)%00%(objectname)%00%(upstream:track)%00%(upstream:remotename)%00%(upstream:remoteref) refs/heads/main refs/remotes/main [5ms]
2025-10-17 07:26:23.189 [info] > git for-each-ref --sort -committerdate --format %(refname)%00%(objectname)%00%(*objectname) [4ms]
2025-10-17 07:26:23.192 [info] > git status -z -uall [16ms]
2025-10-17 07:26:28.230 [info] > git config --get commit.template [4ms]
2025-10-17 07:26:28.245 [info] > git for-each-ref --format=%(refname)%00%(upstream:short)%00%(objectname)%00%(upstream:track)%00%(upstream:remotename)%00%(upstream:remoteref) refs/heads/main refs/remotes/main [5ms]
2025-10-17 07:26:28.272 [info] > git status -z -uall [17ms]
2025-10-17 07:26:28.273 [info] > git for-each-ref --sort -committerdate --format %(refname)%00%(objectname)%00%(*objectname) [7ms]
2025-10-17 07:26:33.325 [info] > git config --get commit.template [11ms]
2025-10-17 07:26:33.329 [info] > git for-each-ref --format=%(refname)%00%(upstream:short)%00%(objectname)%00%(upstream:track)%00%(upstream:remotename)%00%(upstream:remoteref) refs/heads/main refs/remotes/main [5ms]
2025-10-17 07:26:33.364 [info] > git status -z -uall [21ms]
2025-10-17 07:26:33.370 [info] > git for-each-ref --sort -committerdate --format %(refname)%00%(objectname)%00%(*objectname) [7ms]
2025-10-17 07:26:38.424 [info] > git config --get commit.template [13ms]
2025-10-17 07:26:38.428 [info] > git for-each-ref --format=%(refname)%00%(upstream:short)%00%(objectname)%00%(upstream:track)%00%(upstream:remotename)%00%(upstream:remoteref) refs/heads/main refs/remotes/main [5ms]
2025-10-17 07:26:38.454 [info] > git for-each-ref --sort -committerdate --format %(refname)%00%(objectname)%00%(*objectname) [5ms]
2025-10-17 07:26:38.460 [info] > git status -z -uall [20ms]
2025-10-17 07:26:43.513 [info] > git config --get commit.template [11ms]
2025-10-17 07:26:43.516 [info] > git for-each-ref --format=%(refname)%00%(upstream:short)%00%(objectname)%00%(upstream:track)%00%(upstream:remotename)%00%(upstream:remoteref) refs/heads/main refs/remotes/main [4ms]
2025-10-17 07:26:43.539 [info] > git for-each-ref --sort -committerdate --format %(refname)%00%(objectname)%00%(*objectname) [4ms]
2025-10-17 07:26:43.541 [info] > git status -z -uall [16ms]
2025-10-17 07:26:48.592 [info] > git config --get commit.template [13ms]
2025-10-17 07:26:48.595 [info] > git for-each-ref --format=%(refname)%00%(upstream:short)%00%(objectname)%00%(upstream:track)%00%(upstream:remotename)%00%(upstream:remoteref) refs/heads/main refs/remotes/main [5ms]
2025-10-17 07:26:48.622 [info] > git status -z -uall [16ms]
2025-10-17 07:26:48.623 [info] > git for-each-ref --sort -committerdate --format %(refname)%00%(objectname)%00%(*objectname) [6ms]
2025-10-17 07:26:53.676 [info] > git config --get commit.template [11ms]
2025-10-17 07:26:53.680 [info] > git for-each-ref --format=%(refname)%00%(upstream:short)%00%(objectname)%00%(upstream:track)%00%(upstream:remotename)%00%(upstream:remoteref) refs/heads/main refs/remotes/main [5ms]
2025-10-17 07:26:53.704 [info] > git status -z -uall [15ms]
2025-10-17 07:26:53.712 [info] > git for-each-ref --sort -committerdate --format %(refname)%00%(objectname)%00%(*objectname) [12ms]
2025-10-17 07:26:58.758 [info] > git config --get commit.template [11ms]
2025-10-17 07:26:58.762 [info] > git for-each-ref --format=%(refname)%00%(upstream:short)%00%(objectname)%00%(upstream:track)%00%(upstream:remotename)%00%(upstream:remoteref) refs/heads/main refs/remotes/main [5ms]
2025-10-17 07:26:58.787 [info] > git for-each-ref --sort -committerdate --format %(refname)%00%(objectname)%00%(*objectname) [4ms]
2025-10-17 07:26:58.789 [info] > git status -z -uall [17ms]
2025-10-17 07:27:03.843 [info] > git config --get commit.template [12ms]
2025-10-17 07:27:03.846 [info] > git for-each-ref --format=%(refname)%00%(upstream:short)%00%(objectname)%00%(upstream:track)%00%(upstream:remotename)%00%(upstream:remoteref) refs/heads/main refs/remotes/main [4ms]
2025-10-17 07:27:03.871 [info] > git status -z -uall [16ms]
2025-10-17 07:27:03.872 [info] > git for-each-ref --sort -committerdate --format %(refname)%00%(objectname)%00%(*objectname) [5ms]
2025-10-17 07:27:08.913 [info] > git config --get commit.template [10ms]
2025-10-17 07:27:08.917 [info] > git for-each-ref --format=%(refname)%00%(upstream:short)%00%(objectname)%00%(upstream:track)%00%(upstream:remotename)%00%(upstream:remoteref) refs/heads/main refs/remotes/main [5ms]
2025-10-17 07:27:08.942 [info] > git status -z -uall [15ms]
2025-10-17 07:27:08.943 [info] > git for-each-ref --sort -committerdate --format %(refname)%00%(objectname)%00%(*objectname) [6ms]
2025-10-17 07:27:13.987 [info] > git config --get commit.template [10ms]
2025-10-17 07:27:13.991 [info] > git for-each-ref --format=%(refname)%00%(upstream:short)%00%(objectname)%00%(upstream:track)%00%(upstream:remotename)%00%(upstream:remoteref) refs/heads/main refs/remotes/main [5ms]
2025-10-17 07:27:14.018 [info] > git status -z -uall [18ms]
2025-10-17 07:27:14.027 [info] > git for-each-ref --sort -committerdate --format %(refname)%00%(objectname)%00%(*objectname) [10ms]
2025-10-17 07:27:19.067 [info] > git config --get commit.template [11ms]
2025-10-17 07:27:19.071 [info] > git for-each-ref --format=%(refname)%00%(upstream:short)%00%(objectname)%00%(upstream:track)%00%(upstream:remotename)%00%(upstream:remoteref) refs/heads/main refs/remotes/main [5ms]
2025-10-17 07:27:19.093 [info] > git for-each-ref --sort -committerdate --format %(refname)%00%(objectname)%00%(*objectname) [4ms]
2025-10-17 07:27:19.096 [info] > git status -z -uall [16ms]
2025-10-17 07:27:24.142 [info] > git config --get commit.template [10ms]
2025-10-17 07:27:24.146 [info] > git for-each-ref --format=%(refname)%00%(upstream:short)%00%(objectname)%00%(upstream:track)%00%(upstream:remotename)%00%(upstream:remoteref) refs/heads/main refs/remotes/main [5ms]
2025-10-17 07:27:24.174 [info] > git status -z -uall [16ms]
2025-10-17 07:27:24.174 [info] > git for-each-ref --sort -committerdate --format %(refname)%00%(objectname)%00%(*objectname) [5ms]
2025-10-17 07:27:29.220 [info] > git config --get commit.template [13ms]
2025-10-17 07:27:29.222 [info] > git for-each-ref --format=%(refname)%00%(upstream:short)%00%(objectname)%00%(upstream:track)%00%(upstream:remotename)%00%(upstream:remoteref) refs/heads/main refs/remotes/main [4ms]
2025-10-17 07:27:29.244 [info] > git for-each-ref --sort -committerdate --format %(refname)%00%(objectname)%00%(*objectname) [4ms]
2025-10-17 07:27:29.247 [info] > git status -z -uall [16ms]
2025-10-17 07:27:34.299 [info] > git config --get commit.template [13ms]
2025-10-17 07:27:34.302 [info] > git for-each-ref --format=%(refname)%00%(upstream:short)%00%(objectname)%00%(upstream:track)%00%(upstream:remotename)%00%(upstream:remoteref) refs/heads/main refs/remotes/main [4ms]
2025-10-17 07:27:34.330 [info] > git status -z -uall [16ms]
2025-10-17 07:27:34.330 [info] > git for-each-ref --sort -committerdate --format %(refname)%00%(objectname)%00%(*objectname) [5ms]
2025-10-17 07:27:39.377 [info] > git config --get commit.template [12ms]
2025-10-17 07:27:39.381 [info] > git for-each-ref --format=%(refname)%00%(upstream:short)%00%(objectname)%00%(upstream:track)%00%(upstream:remotename)%00%(upstream:remoteref) refs/heads/main refs/remotes/main [5ms]
2025-10-17 07:27:39.406 [info] > git for-each-ref --sort -committerdate --format %(refname)%00%(objectname)%00%(*objectname) [4ms]
2025-10-17 07:27:39.410 [info] > git status -z -uall [17ms]
2025-10-17 07:27:44.452 [info] > git config --get commit.template [11ms]
2025-10-17 07:27:44.455 [info] > git for-each-ref --format=%(refname)%00%(upstream:short)%00%(objectname)%00%(upstream:track)%00%(upstream:remotename)%00%(upstream:remoteref) refs/heads/main refs/remotes/main [4ms]
2025-10-17 07:27:44.481 [info] > git status -z -uall [15ms]
2025-10-17 07:27:44.481 [info] > git for-each-ref --sort -committerdate --format %(refname)%00%(objectname)%00%(*objectname) [6ms]
2025-10-17 07:27:49.530 [info] > git config --get commit.template [16ms]
2025-10-17 07:27:49.531 [info] > git for-each-ref --format=%(refname)%00%(upstream:short)%00%(objectname)%00%(upstream:track)%00%(upstream:remotename)%00%(upstream:remoteref) refs/heads/main refs/remotes/main [3ms]
2025-10-17 07:27:49.556 [info] > git for-each-ref --sort -committerdate --format %(refname)%00%(objectname)%00%(*objectname) [5ms]
2025-10-17 07:27:49.558 [info] > git status -z -uall [17ms]
2025-10-17 07:27:54.598 [info] > git config --get commit.template [11ms]
2025-10-17 07:27:54.601 [info] > git for-each-ref --format=%(refname)%00%(upstream:short)%00%(objectname)%00%(upstream:track)%00%(upstream:remotename)%00%(upstream:remoteref) refs/heads/main refs/remotes/main [4ms]
2025-10-17 07:27:54.622 [info] > git for-each-ref --sort -committerdate --format %(refname)%00%(objectname)%00%(*objectname) [3ms]
2025-10-17 07:27:54.625 [info] > git status -z -uall [16ms]
2025-10-17 07:27:59.678 [info] > git config --get commit.template [22ms]
2025-10-17 07:27:59.681 [info] > git for-each-ref --format=%(refname)%00%(upstream:short)%00%(objectname)%00%(upstream:track)%00%(upstream:remotename)%00%(upstream:remoteref) refs/heads/main refs/remotes/main [5ms]
2025-10-17 07:27:59.704 [info] > git for-each-ref --sort -committerdate --format %(refname)%00%(objectname)%00%(*objectname) [4ms]
2025-10-17 07:27:59.706 [info] > git status -z -uall [15ms]
2025-10-17 07:28:04.747 [info] > git config --get commit.template [11ms]
2025-10-17 07:28:04.750 [info] > git for-each-ref --format=%(refname)%00%(upstream:short)%00%(objectname)%00%(upstream:track)%00%(upstream:remotename)%00%(upstream:remoteref) refs/heads/main refs/remotes/main [4ms]
2025-10-17 07:28:04.777 [info] > git status -z -uall [15ms]
2025-10-17 07:28:04.781 [info] > git for-each-ref --sort -committerdate --format %(refname)%00%(objectname)%00%(*objectname) [10ms]
2025-10-17 07:28:09.816 [info] > git config --get commit.template [3ms]
2025-10-17 07:28:09.829 [info] > git for-each-ref --format=%(refname)%00%(upstream:short)%00%(objectname)%00%(upstream:track)%00%(upstream:remotename)%00%(upstream:remoteref) refs/heads/main refs/remotes/main [4ms]
2025-10-17 07:28:09.856 [info] > git status -z -uall [17ms]
2025-10-17 07:28:09.856 [info] > git for-each-ref --sort -committerdate --format %(refname)%00%(objectname)%00%(*objectname) [7ms]
2025-10-17 07:28:14.903 [info] > git config --get commit.template [12ms]
2025-10-17 07:28:14.907 [info] > git for-each-ref --format=%(refname)%00%(upstream:short)%00%(objectname)%00%(upstream:track)%00%(upstream:remotename)%00%(upstream:remoteref) refs/heads/main refs/remotes/main [5ms]
2025-10-17 07:28:14.931 [info] > git status -z -uall [15ms]
2025-10-17 07:28:14.935 [info] > git for-each-ref --sort -committerdate --format %(refname)%00%(objectname)%00%(*objectname) [9ms]
2025-10-17 07:28:19.982 [info] > git config --get commit.template [16ms]
2025-10-17 07:28:19.986 [info] > git for-each-ref --format=%(refname)%00%(upstream:short)%00%(objectname)%00%(upstream:track)%00%(upstream:remotename)%00%(upstream:remoteref) refs/heads/main refs/remotes/main [4ms]
2025-10-17 07:28:20.015 [info] > git for-each-ref --sort -committerdate --format %(refname)%00%(objectname)%00%(*objectname) [3ms]
2025-10-17 07:28:20.018 [info] > git status -z -uall [19ms]
2025-10-17 07:29:05.423 [info] > git config --get commit.template [19ms]
2025-10-17 07:29:05.426 [info] > git for-each-ref --format=%(refname)%00%(upstream:short)%00%(objectname)%00%(upstream:track)%00%(upstream:remotename)%00%(upstream:remoteref) refs/heads/main refs/remotes/main [6ms]
2025-10-17 07:29:05.468 [info] > git for-each-ref --sort -committerdate --format %(refname)%00%(objectname)%00%(*objectname) [7ms]
2025-10-17 07:29:05.478 [info] > git status -z -uall [37ms]
2025-10-17 07:29:10.525 [info] > git config --get commit.template [12ms]
2025-10-17 07:29:10.528 [info] > git for-each-ref --format=%(refname)%00%(upstream:short)%00%(objectname)%00%(upstream:track)%00%(upstream:remotename)%00%(upstream:remoteref) refs/heads/main refs/remotes/main [5ms]
2025-10-17 07:29:10.555 [info] > git for-each-ref --sort -committerdate --format %(refname)%00%(objectname)%00%(*objectname) [5ms]
2025-10-17 07:29:10.558 [info] > git status -z -uall [20ms]
2025-10-17 07:33:14.932 [info] > git config --get commit.template [13ms]
2025-10-17 07:33:14.935 [info] > git for-each-ref --format=%(refname)%00%(upstream:short)%00%(objectname)%00%(upstream:track)%00%(upstream:remotename)%00%(upstream:remoteref) refs/heads/main refs/remotes/main [5ms]
2025-10-17 07:33:14.967 [info] > git status -z -uall [19ms]
2025-10-17 07:33:14.967 [info] > git for-each-ref --sort -committerdate --format %(refname)%00%(objectname)%00%(*objectname) [6ms]
2025-10-17 07:33:20.024 [info] > git config --get commit.template [8ms]
2025-10-17 07:33:20.061 [info] > git for-each-ref --format=%(refname)%00%(upstream:short)%00%(objectname)%00%(upstream:track)%00%(upstream:remotename)%00%(upstream:remoteref) refs/heads/main refs/remotes/main [8ms]
2025-10-17 07:33:20.121 [info] > git status -z -uall [39ms]
2025-10-17 07:33:20.136 [info] > git for-each-ref --sort -committerdate --format %(refname)%00%(objectname)%00%(*objectname) [16ms]
2025-10-17 07:33:25.208 [info] > git config --get commit.template [8ms]
2025-10-17 07:33:25.211 [info] > git for-each-ref --format=%(refname)%00%(upstream:short)%00%(objectname)%00%(upstream:track)%00%(upstream:remotename)%00%(upstream:remoteref) refs/heads/main refs/remotes/main [4ms]
2025-10-17 07:33:25.236 [info] > git for-each-ref --sort -committerdate --format %(refname)%00%(objectname)%00%(*objectname) [5ms]
2025-10-17 07:33:25.238 [info] > git status -z -uall [17ms]
2025-10-17 07:33:30.284 [info] > git config --get commit.template [10ms]
2025-10-17 07:33:30.288 [info] > git for-each-ref --format=%(refname)%00%(upstream:short)%00%(objectname)%00%(upstream:track)%00%(upstream:remotename)%00%(upstream:remoteref) refs/heads/main refs/remotes/main [5ms]
2025-10-17 07:33:30.314 [info] > git status -z -uall [15ms]
2025-10-17 07:33:30.314 [info] > git for-each-ref --sort -committerdate --format %(refname)%00%(objectname)%00%(*objectname) [5ms]
2025-10-17 07:33:35.369 [info] > git config --get commit.template [21ms]
2025-10-17 07:33:35.371 [info] > git for-each-ref --format=%(refname)%00%(upstream:short)%00%(objectname)%00%(upstream:track)%00%(upstream:remotename)%00%(upstream:remoteref) refs/heads/main refs/remotes/main [6ms]
2025-10-17 07:33:35.401 [info] > git for-each-ref --sort -committerdate --format %(refname)%00%(objectname)%00%(*objectname) [5ms]
2025-10-17 07:33:35.410 [info] > git status -z -uall [23ms]
2025-10-17 07:33:40.458 [info] > git config --get commit.template [14ms]
2025-10-17 07:33:40.462 [info] > git for-each-ref --format=%(refname)%00%(upstream:short)%00%(objectname)%00%(upstream:track)%00%(upstream:remotename)%00%(upstream:remoteref) refs/heads/main refs/remotes/main [5ms]
2025-10-17 07:33:40.487 [info] > git status -z -uall [15ms]
2025-10-17 07:33:40.488 [info] > git for-each-ref --sort -committerdate --format %(refname)%00%(objectname)%00%(*objectname) [6ms]
2025-10-17 07:33:45.532 [info] > git config --get commit.template [13ms]
2025-10-17 07:33:45.537 [info] > git for-each-ref --format=%(refname)%00%(upstream:short)%00%(objectname)%00%(upstream:track)%00%(upstream:remotename)%00%(upstream:remoteref) refs/heads/main refs/remotes/main [6ms]
2025-10-17 07:33:45.564 [info] > git status -z -uall [16ms]
2025-10-17 07:33:45.564 [info] > git for-each-ref --sort -committerdate --format %(refname)%00%(objectname)%00%(*objectname) [5ms]
2025-10-17 07:33:50.619 [info] > git config --get commit.template [11ms]
2025-10-17 07:33:50.622 [info] > git for-each-ref --format=%(refname)%00%(upstream:short)%00%(objectname)%00%(upstream:track)%00%(upstream:remotename)%00%(upstream:remoteref) refs/heads/main refs/remotes/main [5ms]
2025-10-17 07:33:50.651 [info] > git status -z -uall [16ms]
2025-10-17 07:33:50.660 [info] > git for-each-ref --sort -committerdate --format %(refname)%00%(objectname)%00%(*objectname) [11ms]
2025-10-17 07:33:55.721 [info] > git config --get commit.template [27ms]
2025-10-17 07:33:55.725 [info] > git for-each-ref --format=%(refname)%00%(upstream:short)%00%(objectname)%00%(upstream:track)%00%(upstream:remotename)%00%(upstream:remoteref) refs/heads/main refs/remotes/main [6ms]
2025-10-17 07:33:55.755 [info] > git status -z -uall [17ms]
2025-10-17 07:33:55.755 [info] > git for-each-ref --sort -committerdate --format %(refname)%00%(objectname)%00%(*objectname) [5ms]
2025-10-17 07:34:02.226 [info] > git config --get commit.template [4ms]
2025-10-17 07:34:02.248 [info] > git for-each-ref --format=%(refname)%00%(upstream:short)%00%(objectname)%00%(upstream:track)%00%(upstream:remotename)%00%(upstream:remoteref) refs/heads/main refs/remotes/main [5ms]
2025-10-17 07:34:02.280 [info] > git status -z -uall [16ms]
2025-10-17 07:34:02.285 [info] > git for-each-ref --sort -committerdate --format %(refname)%00%(objectname)%00%(*objectname) [9ms]
2025-10-17 07:34:07.335 [info] > git config --get commit.template [16ms]
2025-10-17 07:34:07.341 [info] > git for-each-ref --format=%(refname)%00%(upstream:short)%00%(objectname)%00%(upstream:track)%00%(upstream:remotename)%00%(upstream:remoteref) refs/heads/main refs/remotes/main [7ms]
2025-10-17 07:34:07.379 [info] > git status -z -uall [27ms]
2025-10-17 07:34:07.379 [info] > git for-each-ref --sort -committerdate --format %(refname)%00%(objectname)%00%(*objectname) [2ms]
2025-10-17 07:34:12.451 [info] > git config --get commit.template [10ms]
2025-10-17 07:34:12.454 [info] > git for-each-ref --format=%(refname)%00%(upstream:short)%00%(objectname)%00%(upstream:track)%00%(upstream:remotename)%00%(upstream:remoteref) refs/heads/main refs/remotes/main [5ms]
2025-10-17 07:34:12.480 [info] > git status -z -uall [16ms]
2025-10-17 07:34:12.480 [info] > git for-each-ref --sort -committerdate --format %(refname)%00%(objectname)%00%(*objectname) [6ms]
2025-10-17 07:34:17.528 [info] > git config --get commit.template [12ms]
2025-10-17 07:34:17.531 [info] > git for-each-ref --format=%(refname)%00%(upstream:short)%00%(objectname)%00%(upstream:track)%00%(upstream:remotename)%00%(upstream:remoteref) refs/heads/main refs/remotes/main [5ms]
2025-10-17 07:34:17.560 [info] > git status -z -uall [16ms]
2025-10-17 07:34:17.565 [info] > git for-each-ref --sort -committerdate --format %(refname)%00%(objectname)%00%(*objectname) [10ms]
2025-10-17 07:34:22.613 [info] > git config --get commit.template [11ms]
2025-10-17 07:34:22.619 [info] > git for-each-ref --format=%(refname)%00%(upstream:short)%00%(objectname)%00%(upstream:track)%00%(upstream:remotename)%00%(upstream:remoteref) refs/heads/main refs/remotes/main [7ms]
2025-10-17 07:34:22.646 [info] > git status -z -uall [16ms]
2025-10-17 07:34:22.646 [info] > git for-each-ref --sort -committerdate --format %(refname)%00%(objectname)%00%(*objectname) [5ms]
2025-10-17 07:35:23.539 [info] > git config --get commit.template [7ms]
2025-10-17 07:35:23.579 [info] > git for-each-ref --format=%(refname)%00%(upstream:short)%00%(objectname)%00%(upstream:track)%00%(upstream:remotename)%00%(upstream:remoteref) refs/heads/main refs/remotes/main [9ms]
2025-10-17 07:35:23.628 [info] > git status -z -uall [29ms]
2025-10-17 07:35:23.638 [info] > git for-each-ref --sort -committerdate --format %(refname)%00%(objectname)%00%(*objectname) [18ms]
2025-10-17 07:35:28.681 [info] > git config --get commit.template [11ms]
2025-10-17 07:35:28.685 [info] > git for-each-ref --format=%(refname)%00%(upstream:short)%00%(objectname)%00%(upstream:track)%00%(upstream:remotename)%00%(upstream:remoteref) refs/heads/main refs/remotes/main [5ms]
2025-10-17 07:35:28.713 [info] > git status -z -uall [16ms]
2025-10-17 07:35:28.713 [info] > git for-each-ref --sort -committerdate --format %(refname)%00%(objectname)%00%(*objectname) [5ms]
2025-10-17 07:37:35.709 [info] > git config --get commit.template [4ms]
2025-10-17 07:37:35.729 [info] > git for-each-ref --format=%(refname)%00%(upstream:short)%00%(objectname)%00%(upstream:track)%00%(upstream:remotename)%00%(upstream:remoteref) refs/heads/main refs/remotes/main [7ms]
2025-10-17 07:37:35.766 [info] > git for-each-ref --sort -committerdate --format %(refname)%00%(objectname)%00%(*objectname) [5ms]
2025-10-17 07:37:35.769 [info] > git status -z -uall [24ms]
